#
# There is insufficient memory for the Java Runtime Environment to continue.
# Native memory allocation (mmap) failed to map 72351744 bytes for Failed to commit area from 0x000000008c000000 to 0x0000000090500000 of length 72351744.
# Possible reasons:
#   The system is out of physical RAM or swap space
#   The process is running with CompressedOops enabled, and the Java Heap may be blocking the growth of the native heap
# Possible solutions:
#   Reduce memory load on the system
#   Increase physical memory or swap space
#   Check if swap backing store is full
#   Decrease Java heap size (-Xmx/-Xms)
#   Decrease number of Java threads
#   Decrease Java thread stack sizes (-Xss)
#   Set larger code cache with -XX:ReservedCodeCacheSize=
#   JVM is running with Unscaled Compressed Oops mode in which the Java heap is
#     placed in the first 4GB address space. The Java Heap base address is the
#     maximum limit for the native heap growth. Please use -XX:HeapBaseMinAddress
#     to set the Java Heap base and to place the Java Heap above 4GB virtual address.
# This output file may be truncated or incomplete.
#
#  Out of Memory Error (./src/hotspot/os/windows/os_windows.cpp:3619), pid=14624, tid=12528
#
# JRE version: OpenJDK Runtime Environment (11.0.13) (build 11.0.13+0-b1751.21-8125866)
# Java VM: OpenJDK 64-Bit Server VM (11.0.13+0-b1751.21-8125866, mixed mode, tiered, compressed oops, g1 gc, windows-amd64)
# No core dump will be written. Minidumps are not enabled by default on client versions of Windows
#

---------------  S U M M A R Y ------------

Command Line: --add-opens=java.base/java.util=ALL-UNNAMED --add-opens=java.base/java.lang=ALL-UNNAMED --add-opens=java.base/java.lang.invoke=ALL-UNNAMED --add-opens=java.base/java.util=ALL-UNNAMED --add-opens=java.prefs/java.util.prefs=ALL-UNNAMED --add-opens=java.prefs/java.util.prefs=ALL-UNNAMED --add-opens=java.base/java.nio.charset=ALL-UNNAMED --add-opens=java.base/java.net=ALL-UNNAMED --add-opens=java.base/java.util.concurrent.atomic=ALL-UNNAMED -Xmx2048m -Dfile.encoding=UTF-8 -Duser.country=IN -Duser.language=en -Duser.variant org.gradle.launcher.daemon.bootstrap.GradleDaemon 7.4

Host: Intel(R) Core(TM) i5-1035G1 CPU @ 1.00GHz, 8 cores, 7G,  Windows 11 , 64 bit Build 22621 (10.0.22621.963)
Time: Wed Dec 21 02:28:15 2022 India Standard Time elapsed time: 23.405069 seconds (0d 0h 0m 23s)

---------------  T H R E A D  ---------------

Current thread (0x000002bdc9485800):  VMThread "VM Thread" [stack: 0x000000d332300000,0x000000d332400000] [id=12528]

Stack: [0x000000d332300000,0x000000d332400000]
[error occurred during error reporting (printing stack bounds), id 0xc0000005, EXCEPTION_ACCESS_VIOLATION (0xc0000005) at pc=0x000002bdb22d12e7]

Native frames: (J=compiled Java code, j=interpreted, Vv=VM code, C=native code)
V  [jvm.dll+0x6100fa]
V  [jvm.dll+0x747090]
V  [jvm.dll+0x7486ad]
V  [jvm.dll+0x748ce5]
V  [jvm.dll+0x748c9b]
V  [jvm.dll+0x60f224]
V  [jvm.dll+0x60f9b8]
C  [ntdll.dll+0xa3eaf]
C  [ntdll.dll+0x1eae6]
C  [ntdll.dll+0xa2e9e]
C  0x000002bdb22d12e7

VM_Operation (0x000000d33bdfe6a0): G1CollectForAllocation, mode: safepoint, requested by thread 0x000002bdd1912000


---------------  P R O C E S S  ---------------

Threads class SMR info:
_java_thread_list=0x000002bdd11eb960, length=150, elements={
0x000002bdae7b8800, 0x000002bdc8c71800, 0x000002bdc8c73000, 0x000002bdc94d3800,
0x000002bdc94d6800, 0x000002bdc94d7800, 0x000002bdc94d9800, 0x000002bdc94dd000,
0x000002bdc94eb000, 0x000002bdc9673800, 0x000002bdcc0bb800, 0x000002bdc99f6800,
0x000002bdcb916800, 0x000002bdcba6c800, 0x000002bdcac78000, 0x000002bdcc5dd000,
0x000002bdcadc3000, 0x000002bdcabb6000, 0x000002bdcc098000, 0x000002bdcb745800,
0x000002bdcc1a8800, 0x000002bdcc1ab000, 0x000002bdcc1ad800, 0x000002bdcc1af000,
0x000002bdcc1a9800, 0x000002bdcc1aa000, 0x000002bdcc1ae800, 0x000002bdcc1ac000,
0x000002bdcc1ac800, 0x000002bdccdad800, 0x000002bdccdb0000, 0x000002bdccdaf000,
0x000002bdccdb1000, 0x000002bdccdab000, 0x000002bdccdb1800, 0x000002bdccdac800,
0x000002bdccdb5000, 0x000002bdccdb6800, 0x000002bdccdb4000, 0x000002bdccdb5800,
0x000002bdccdb3000, 0x000002bdccdb8000, 0x000002bdccdb7800, 0x000002bdccdb2800,
0x000002bdccdb9000, 0x000002bdcb699000, 0x000002bdcb696800, 0x000002bdcb699800,
0x000002bdcb698000, 0x000002bdcb694000, 0x000002bdcb697000, 0x000002bdcb69a800,
0x000002bdcb695800, 0x000002bdcb694800, 0x000002bdccf91000, 0x000002bdccf95000,
0x000002bdccf93000, 0x000002bdccf93800, 0x000002bdccf92000, 0x000002bdccf94800,
0x000002bdccf96000, 0x000002bdccf90800, 0x000002bdccf97000, 0x000002bdcca52000,
0x000002bdcca4f000, 0x000002bdcca4f800, 0x000002bdcca53000, 0x000002bdcca50800,
0x000002bdcca4e000, 0x000002bdcca51800, 0x000002bdcca4d000, 0x000002bdcca54000,
0x000002bdcca3d800, 0x000002bdcca3c800, 0x000002bdcca40800, 0x000002bdcca44000,
0x000002bdcca43000, 0x000002bdcca3e000, 0x000002bdcca44800, 0x000002bdcca41800,
0x000002bdcca3f000, 0x000002bdcca3f800, 0x000002bdcca48000, 0x000002bdcca45800,
0x000002bdcca46800, 0x000002bdcca47000, 0x000002bdcca42000, 0x000002bdcca48800,
0x000002bdcca49800, 0x000002bdcca4a800, 0x000002bdcca4b000, 0x000002bdcf338000,
0x000002bdcf33c800, 0x000002bdcf33f000, 0x000002bdcf33a800, 0x000002bdcf339000,
0x000002bdcf33e000, 0x000002bdcf33b800, 0x000002bdcf33f800, 0x000002bdcf33d000,
0x000002bdcf33a000, 0x000002bdcf341000, 0x000002bdcf344800, 0x000002bdcf343000,
0x000002bdcf342000, 0x000002bdcf343800, 0x000002bdcf345800, 0x000002bdcf340800,
0x000002bdcf346000, 0x000002bdcf347000, 0x000002bdce5b3800, 0x000002bdce5b4800,
0x000002bdce5b5800, 0x000002bdce5b6000, 0x000002bdce5b0800, 0x000002bdce5b7000,
0x000002bdce5b2000, 0x000002bdce5b1000, 0x000002bdce5b8000, 0x000002bdce5b3000,
0x000002bdce5bd800, 0x000002bdce5b8800, 0x000002bdca7f2800, 0x000002bdce5bb000,
0x000002bdce5bc800, 0x000002bdce5be800, 0x000002bdce5ba000, 0x000002bdce5bf000,
0x000002bdce5b9800, 0x000002bdd190e000, 0x000002bdd190f000, 0x000002bdd1910000,
0x000002bdd1910800, 0x000002bdd190c800, 0x000002bdd190d800, 0x000002bdd190b000,
0x000002bdd1911800, 0x000002bdd190b800, 0x000002bdd1918000, 0x000002bdd1914000,
0x000002bdd1913000, 0x000002bdd1915800, 0x000002bdd1914800, 0x000002bdd1916800,
0x000002bdd1917000, 0x000002bdd1912000, 0x000002bdd1919000, 0x000002bdd1919800,
0x000002bdcce08000, 0x000002bdcce05000
}

Java Threads: ( => current thread )
  0x000002bdae7b8800 JavaThread "main" [_thread_blocked, id=11112, stack(0x000000d331d00000,0x000000d331e00000)]
  0x000002bdc8c71800 JavaThread "Reference Handler" daemon [_thread_blocked, id=2340, stack(0x000000d332400000,0x000000d332500000)]
  0x000002bdc8c73000 JavaThread "Finalizer" daemon [_thread_blocked, id=22780, stack(0x000000d332500000,0x000000d332600000)]
  0x000002bdc94d3800 JavaThread "Signal Dispatcher" daemon [_thread_blocked, id=9896, stack(0x000000d332600000,0x000000d332700000)]
  0x000002bdc94d6800 JavaThread "Attach Listener" daemon [_thread_blocked, id=17648, stack(0x000000d332700000,0x000000d332800000)]
  0x000002bdc94d7800 JavaThread "Service Thread" daemon [_thread_blocked, id=25932, stack(0x000000d332800000,0x000000d332900000)]
  0x000002bdc94d9800 JavaThread "C2 CompilerThread0" daemon [_thread_blocked, id=22692, stack(0x000000d332900000,0x000000d332a00000)]
  0x000002bdc94dd000 JavaThread "C1 CompilerThread0" daemon [_thread_blocked, id=14496, stack(0x000000d332a00000,0x000000d332b00000)]
  0x000002bdc94eb000 JavaThread "Sweeper thread" daemon [_thread_blocked, id=3776, stack(0x000000d332b00000,0x000000d332c00000)]
  0x000002bdc9673800 JavaThread "Common-Cleaner" daemon [_thread_blocked, id=23104, stack(0x000000d332c00000,0x000000d332d00000)]
  0x000002bdcc0bb800 JavaThread "Daemon health stats" [_thread_blocked, id=7716, stack(0x000000d333200000,0x000000d333300000)]
  0x000002bdc99f6800 JavaThread "Incoming local TCP Connector on port 52505" [_thread_in_native, id=7884, stack(0x000000d332e00000,0x000000d332f00000)]
  0x000002bdcb916800 JavaThread "Daemon periodic checks" [_thread_blocked, id=1624, stack(0x000000d333100000,0x000000d333200000)]
  0x000002bdcba6c800 JavaThread "Daemon" [_thread_blocked, id=2888, stack(0x000000d333300000,0x000000d333400000)]
  0x000002bdcac78000 JavaThread "Handler for socket connection from /127.0.0.1:52505 to /127.0.0.1:52506" [_thread_in_native, id=23212, stack(0x000000d333400000,0x000000d333500000)]
  0x000002bdcc5dd000 JavaThread "Cancel handler" [_thread_blocked, id=24992, stack(0x000000d333500000,0x000000d333600000)]
  0x000002bdcadc3000 JavaThread "Daemon worker" [_thread_blocked, id=22164, stack(0x000000d333600000,0x000000d333700000)]
  0x000002bdcabb6000 JavaThread "Asynchronous log dispatcher for DefaultDaemonConnection: socket connection from /127.0.0.1:52505 to /127.0.0.1:52506" [_thread_blocked, id=14944, stack(0x000000d333700000,0x000000d333800000)]
  0x000002bdcc098000 JavaThread "Stdin handler" [_thread_blocked, id=12916, stack(0x000000d333800000,0x000000d333900000)]
  0x000002bdcb745800 JavaThread "Daemon client event forwarder" [_thread_blocked, id=21704, stack(0x000000d333900000,0x000000d333a00000)]
  0x000002bdcc1a8800 JavaThread "Cache worker for journal cache (C:\Users\Parth\.gradle\caches\journal-1)" [_thread_blocked, id=9776, stack(0x000000d333f00000,0x000000d334000000)]
  0x000002bdcc1ab000 JavaThread "File lock request listener" [_thread_in_native, id=15600, stack(0x000000d334000000,0x000000d334100000)]
  0x000002bdcc1ad800 JavaThread "Cache worker for file hash cache (C:\Users\Parth\.gradle\caches\7.4\fileHashes)" [_thread_blocked, id=4420, stack(0x000000d334100000,0x000000d334200000)]
  0x000002bdcc1af000 JavaThread "File watcher server" daemon [_thread_blocked, id=23760, stack(0x000000d334400000,0x000000d334500000)]
  0x000002bdcc1a9800 JavaThread "File watcher consumer" daemon [_thread_blocked, id=18436, stack(0x000000d334500000,0x000000d334600000)]
  0x000002bdcc1aa000 JavaThread "Cache worker for checksums cache (I:\BudgetS\.gradle\7.4\checksums)" [_thread_blocked, id=9120, stack(0x000000d334600000,0x000000d334700000)]
  0x000002bdcc1ae800 JavaThread "Cache worker for cache directory md-rule (C:\Users\Parth\.gradle\caches\7.4\md-rule)" [_thread_blocked, id=18184, stack(0x000000d334700000,0x000000d334800000)]
  0x000002bdcc1ac000 JavaThread "Cache worker for file hash cache (I:\BudgetS\.gradle\7.4\fileHashes)" [_thread_blocked, id=10116, stack(0x000000d334800000,0x000000d334900000)]
  0x000002bdcc1ac800 JavaThread "Cache worker for cache directory md-supplier (C:\Users\Parth\.gradle\caches\7.4\md-supplier)" [_thread_blocked, id=11600, stack(0x000000d334900000,0x000000d334a00000)]
  0x000002bdccdad800 JavaThread "Cache worker for execution history cache (C:\Users\Parth\.gradle\caches\7.4\executionHistory)" [_thread_blocked, id=17832, stack(0x000000d334a00000,0x000000d334b00000)]
  0x000002bdccdb0000 JavaThread "jar transforms" [_thread_blocked, id=13384, stack(0x000000d334b00000,0x000000d334c00000)]
  0x000002bdccdaf000 JavaThread "Cache worker for file content cache (C:\Users\Parth\.gradle\caches\7.4\fileContent)" [_thread_blocked, id=18088, stack(0x000000d334c00000,0x000000d334d00000)]
  0x000002bdccdb1000 JavaThread "jar transforms Thread 2" [_thread_blocked, id=17236, stack(0x000000d334d00000,0x000000d334e00000)]
  0x000002bdccdab000 JavaThread "Cache worker for dependencies-accessors (I:\BudgetS\.gradle\7.4\dependencies-accessors)" [_thread_blocked, id=10684, stack(0x000000d334e00000,0x000000d334f00000)]
  0x000002bdccdb1800 JavaThread "jar transforms Thread 3" [_thread_blocked, id=13020, stack(0x000000d334f00000,0x000000d335000000)]
  0x000002bdccdac800 JavaThread "Cache worker for Build Output Cleanup Cache (I:\BudgetS\.gradle\buildOutputCleanup)" [_thread_blocked, id=20948, stack(0x000000d334300000,0x000000d334400000)]
  0x000002bdccdb5000 JavaThread "Unconstrained build operations" [_thread_blocked, id=9708, stack(0x000000d335100000,0x000000d335200000)]
  0x000002bdccdb6800 JavaThread "Unconstrained build operations Thread 2" [_thread_blocked, id=18620, stack(0x000000d335200000,0x000000d335300000)]
  0x000002bdccdb4000 JavaThread "Unconstrained build operations Thread 3" [_thread_blocked, id=15824, stack(0x000000d335300000,0x000000d335400000)]
  0x000002bdccdb5800 JavaThread "Unconstrained build operations Thread 4" [_thread_blocked, id=9860, stack(0x000000d335400000,0x000000d335500000)]
  0x000002bdccdb3000 JavaThread "Unconstrained build operations Thread 5" [_thread_blocked, id=11420, stack(0x000000d335500000,0x000000d335600000)]
  0x000002bdccdb8000 JavaThread "Unconstrained build operations Thread 6" [_thread_blocked, id=22080, stack(0x000000d335600000,0x000000d335700000)]
  0x000002bdccdb7800 JavaThread "Unconstrained build operations Thread 7" [_thread_blocked, id=22504, stack(0x000000d335700000,0x000000d335800000)]
  0x000002bdccdb2800 JavaThread "Unconstrained build operations Thread 8" [_thread_blocked, id=15016, stack(0x000000d335800000,0x000000d335900000)]
  0x000002bdccdb9000 JavaThread "Unconstrained build operations Thread 9" [_thread_blocked, id=24888, stack(0x000000d335900000,0x000000d335a00000)]
  0x000002bdcb699000 JavaThread "Unconstrained build operations Thread 10" [_thread_blocked, id=11648, stack(0x000000d335a00000,0x000000d335b00000)]
  0x000002bdcb696800 JavaThread "Unconstrained build operations Thread 11" [_thread_blocked, id=10708, stack(0x000000d335b00000,0x000000d335c00000)]
  0x000002bdcb699800 JavaThread "Unconstrained build operations Thread 12" [_thread_blocked, id=15388, stack(0x000000d335c00000,0x000000d335d00000)]
  0x000002bdcb698000 JavaThread "Unconstrained build operations Thread 13" [_thread_blocked, id=5888, stack(0x000000d335d00000,0x000000d335e00000)]
  0x000002bdcb694000 JavaThread "Unconstrained build operations Thread 14" [_thread_blocked, id=3356, stack(0x000000d335e00000,0x000000d335f00000)]
  0x000002bdcb697000 JavaThread "Unconstrained build operations Thread 15" [_thread_blocked, id=11780, stack(0x000000d335f00000,0x000000d336000000)]
  0x000002bdcb69a800 JavaThread "Unconstrained build operations Thread 16" [_thread_blocked, id=1092, stack(0x000000d336000000,0x000000d336100000)]
  0x000002bdcb695800 JavaThread "Unconstrained build operations Thread 17" [_thread_blocked, id=6540, stack(0x000000d336100000,0x000000d336200000)]
  0x000002bdcb694800 JavaThread "Unconstrained build operations Thread 18" [_thread_blocked, id=10500, stack(0x000000d336200000,0x000000d336300000)]
  0x000002bdccf91000 JavaThread "Unconstrained build operations Thread 19" [_thread_blocked, id=17900, stack(0x000000d336300000,0x000000d336400000)]
  0x000002bdccf95000 JavaThread "Unconstrained build operations Thread 20" [_thread_blocked, id=13472, stack(0x000000d336400000,0x000000d336500000)]
  0x000002bdccf93000 JavaThread "Unconstrained build operations Thread 21" [_thread_blocked, id=8524, stack(0x000000d336500000,0x000000d336600000)]
  0x000002bdccf93800 JavaThread "Unconstrained build operations Thread 22" [_thread_blocked, id=26188, stack(0x000000d336600000,0x000000d336700000)]
  0x000002bdccf92000 JavaThread "Unconstrained build operations Thread 23" [_thread_blocked, id=24064, stack(0x000000d336700000,0x000000d336800000)]
  0x000002bdccf94800 JavaThread "Unconstrained build operations Thread 24" [_thread_blocked, id=22348, stack(0x000000d336800000,0x000000d336900000)]
  0x000002bdccf96000 JavaThread "Unconstrained build operations Thread 25" [_thread_blocked, id=13164, stack(0x000000d336900000,0x000000d336a00000)]
  0x000002bdccf90800 JavaThread "Unconstrained build operations Thread 26" [_thread_blocked, id=12184, stack(0x000000d336a00000,0x000000d336b00000)]
  0x000002bdccf97000 JavaThread "Unconstrained build operations Thread 27" [_thread_blocked, id=7920, stack(0x000000d336b00000,0x000000d336c00000)]
  0x000002bdcca52000 JavaThread "Unconstrained build operations Thread 28" [_thread_blocked, id=3280, stack(0x000000d336c00000,0x000000d336d00000)]
  0x000002bdcca4f000 JavaThread "Unconstrained build operations Thread 29" [_thread_blocked, id=21756, stack(0x000000d336d00000,0x000000d336e00000)]
  0x000002bdcca4f800 JavaThread "Unconstrained build operations Thread 30" [_thread_blocked, id=7424, stack(0x000000d336e00000,0x000000d336f00000)]
  0x000002bdcca53000 JavaThread "Unconstrained build operations Thread 31" [_thread_blocked, id=2080, stack(0x000000d336f00000,0x000000d337000000)]
  0x000002bdcca50800 JavaThread "Unconstrained build operations Thread 32" [_thread_blocked, id=16432, stack(0x000000d337000000,0x000000d337100000)]
  0x000002bdcca4e000 JavaThread "Unconstrained build operations Thread 33" [_thread_blocked, id=24444, stack(0x000000d337100000,0x000000d337200000)]
  0x000002bdcca51800 JavaThread "Unconstrained build operations Thread 34" [_thread_blocked, id=25732, stack(0x000000d337200000,0x000000d337300000)]
  0x000002bdcca4d000 JavaThread "Unconstrained build operations Thread 35" [_thread_blocked, id=8280, stack(0x000000d337300000,0x000000d337400000)]
  0x000002bdcca54000 JavaThread "Unconstrained build operations Thread 36" [_thread_blocked, id=21828, stack(0x000000d337400000,0x000000d337500000)]
  0x000002bdcca3d800 JavaThread "Unconstrained build operations Thread 37" [_thread_blocked, id=25220, stack(0x000000d337500000,0x000000d337600000)]
  0x000002bdcca3c800 JavaThread "Unconstrained build operations Thread 38" [_thread_blocked, id=9920, stack(0x000000d337600000,0x000000d337700000)]
  0x000002bdcca40800 JavaThread "Unconstrained build operations Thread 39" [_thread_blocked, id=10136, stack(0x000000d337700000,0x000000d337800000)]
  0x000002bdcca44000 JavaThread "Unconstrained build operations Thread 40" [_thread_blocked, id=20996, stack(0x000000d337800000,0x000000d337900000)]
  0x000002bdcca43000 JavaThread "Unconstrained build operations Thread 41" [_thread_blocked, id=18592, stack(0x000000d337900000,0x000000d337a00000)]
  0x000002bdcca3e000 JavaThread "Unconstrained build operations Thread 42" [_thread_blocked, id=13212, stack(0x000000d337a00000,0x000000d337b00000)]
  0x000002bdcca44800 JavaThread "Unconstrained build operations Thread 43" [_thread_blocked, id=10028, stack(0x000000d337b00000,0x000000d337c00000)]
  0x000002bdcca41800 JavaThread "Unconstrained build operations Thread 44" [_thread_blocked, id=436, stack(0x000000d337c00000,0x000000d337d00000)]
  0x000002bdcca3f000 JavaThread "Unconstrained build operations Thread 45" [_thread_blocked, id=17308, stack(0x000000d337d00000,0x000000d337e00000)]
  0x000002bdcca3f800 JavaThread "Unconstrained build operations Thread 46" [_thread_blocked, id=17728, stack(0x000000d337e00000,0x000000d337f00000)]
  0x000002bdcca48000 JavaThread "Unconstrained build operations Thread 47" [_thread_blocked, id=3752, stack(0x000000d337f00000,0x000000d338000000)]
  0x000002bdcca45800 JavaThread "Unconstrained build operations Thread 48" [_thread_blocked, id=6320, stack(0x000000d338000000,0x000000d338100000)]
  0x000002bdcca46800 JavaThread "Unconstrained build operations Thread 49" [_thread_blocked, id=832, stack(0x000000d338100000,0x000000d338200000)]
  0x000002bdcca47000 JavaThread "Unconstrained build operations Thread 50" [_thread_blocked, id=16596, stack(0x000000d338200000,0x000000d338300000)]
  0x000002bdcca42000 JavaThread "Unconstrained build operations Thread 51" [_thread_blocked, id=6168, stack(0x000000d338300000,0x000000d338400000)]
  0x000002bdcca48800 JavaThread "Unconstrained build operations Thread 52" [_thread_blocked, id=24372, stack(0x000000d338400000,0x000000d338500000)]
  0x000002bdcca49800 JavaThread "Unconstrained build operations Thread 53" [_thread_blocked, id=21480, stack(0x000000d338500000,0x000000d338600000)]
  0x000002bdcca4a800 JavaThread "Unconstrained build operations Thread 54" [_thread_blocked, id=25140, stack(0x000000d338600000,0x000000d338700000)]
  0x000002bdcca4b000 JavaThread "Unconstrained build operations Thread 55" [_thread_blocked, id=14532, stack(0x000000d338700000,0x000000d338800000)]
  0x000002bdcf338000 JavaThread "Unconstrained build operations Thread 56" [_thread_blocked, id=21296, stack(0x000000d338800000,0x000000d338900000)]
  0x000002bdcf33c800 JavaThread "Unconstrained build operations Thread 57" [_thread_blocked, id=12748, stack(0x000000d338900000,0x000000d338a00000)]
  0x000002bdcf33f000 JavaThread "Unconstrained build operations Thread 58" [_thread_blocked, id=18920, stack(0x000000d338a00000,0x000000d338b00000)]
  0x000002bdcf33a800 JavaThread "Unconstrained build operations Thread 59" [_thread_blocked, id=25988, stack(0x000000d338b00000,0x000000d338c00000)]
  0x000002bdcf339000 JavaThread "Unconstrained build operations Thread 60" [_thread_blocked, id=15868, stack(0x000000d338c00000,0x000000d338d00000)]
  0x000002bdcf33e000 JavaThread "Unconstrained build operations Thread 61" [_thread_blocked, id=11700, stack(0x000000d338d00000,0x000000d338e00000)]
  0x000002bdcf33b800 JavaThread "Unconstrained build operations Thread 62" [_thread_blocked, id=26108, stack(0x000000d338e00000,0x000000d338f00000)]
  0x000002bdcf33f800 JavaThread "Unconstrained build operations Thread 63" [_thread_blocked, id=25992, stack(0x000000d338f00000,0x000000d339000000)]
  0x000002bdcf33d000 JavaThread "Unconstrained build operations Thread 64" [_thread_blocked, id=23360, stack(0x000000d339000000,0x000000d339100000)]
  0x000002bdcf33a000 JavaThread "Unconstrained build operations Thread 65" [_thread_blocked, id=7728, stack(0x000000d339100000,0x000000d339200000)]
  0x000002bdcf341000 JavaThread "Unconstrained build operations Thread 66" [_thread_blocked, id=12644, stack(0x000000d339200000,0x000000d339300000)]
  0x000002bdcf344800 JavaThread "Unconstrained build operations Thread 67" [_thread_blocked, id=24408, stack(0x000000d339300000,0x000000d339400000)]
  0x000002bdcf343000 JavaThread "Unconstrained build operations Thread 68" [_thread_blocked, id=708, stack(0x000000d339400000,0x000000d339500000)]
  0x000002bdcf342000 JavaThread "Unconstrained build operations Thread 69" [_thread_blocked, id=17148, stack(0x000000d339500000,0x000000d339600000)]
  0x000002bdcf343800 JavaThread "Unconstrained build operations Thread 70" [_thread_blocked, id=21840, stack(0x000000d339600000,0x000000d339700000)]
  0x000002bdcf345800 JavaThread "Unconstrained build operations Thread 71" [_thread_blocked, id=22032, stack(0x000000d339700000,0x000000d339800000)]
  0x000002bdcf340800 JavaThread "Unconstrained build operations Thread 72" [_thread_blocked, id=13476, stack(0x000000d339800000,0x000000d339900000)]
  0x000002bdcf346000 JavaThread "Unconstrained build operations Thread 73" [_thread_blocked, id=18700, stack(0x000000d339900000,0x000000d339a00000)]
  0x000002bdcf347000 JavaThread "Unconstrained build operations Thread 74" [_thread_blocked, id=14964, stack(0x000000d339a00000,0x000000d339b00000)]
  0x000002bdce5b3800 JavaThread "Unconstrained build operations Thread 75" [_thread_blocked, id=24720, stack(0x000000d339b00000,0x000000d339c00000)]
  0x000002bdce5b4800 JavaThread "Unconstrained build operations Thread 76" [_thread_blocked, id=18752, stack(0x000000d339c00000,0x000000d339d00000)]
  0x000002bdce5b5800 JavaThread "Unconstrained build operations Thread 77" [_thread_blocked, id=18152, stack(0x000000d339d00000,0x000000d339e00000)]
  0x000002bdce5b6000 JavaThread "Unconstrained build operations Thread 78" [_thread_blocked, id=8844, stack(0x000000d339e00000,0x000000d339f00000)]
  0x000002bdce5b0800 JavaThread "Unconstrained build operations Thread 79" [_thread_blocked, id=15936, stack(0x000000d339f00000,0x000000d33a000000)]
  0x000002bdce5b7000 JavaThread "Unconstrained build operations Thread 80" [_thread_blocked, id=26608, stack(0x000000d33a000000,0x000000d33a100000)]
  0x000002bdce5b2000 JavaThread "jar transforms Thread 4" [_thread_blocked, id=15708, stack(0x000000d33a100000,0x000000d33a200000)]
  0x000002bdce5b1000 JavaThread "jar transforms Thread 5" [_thread_blocked, id=3864, stack(0x000000d33a200000,0x000000d33a300000)]
  0x000002bdce5b8000 JavaThread "jar transforms Thread 6" [_thread_blocked, id=12592, stack(0x000000d33a300000,0x000000d33a400000)]
  0x000002bdce5b3000 JavaThread "jar transforms Thread 7" [_thread_blocked, id=5580, stack(0x000000d33a400000,0x000000d33a500000)]
  0x000002bdce5bd800 JavaThread "jar transforms Thread 8" [_thread_blocked, id=25184, stack(0x000000d33a500000,0x000000d33a600000)]
  0x000002bdce5b8800 JavaThread "Memory manager" [_thread_blocked, id=12736, stack(0x000000d33a600000,0x000000d33a700000)]
  0x000002bdca7f2800 JavaThread "C2 CompilerThread1" daemon [_thread_blocked, id=23024, stack(0x000000d335000000,0x000000d335100000)]
  0x000002bdce5bb000 JavaThread "build event listener" [_thread_blocked, id=21176, stack(0x000000d33a700000,0x000000d33a800000)]
  0x000002bdce5bc800 JavaThread "pool-3-thread-1" [_thread_blocked, id=10608, stack(0x000000d33a800000,0x000000d33a900000)]
  0x000002bdce5be800 JavaThread "build event listener" [_thread_blocked, id=18824, stack(0x000000d33a900000,0x000000d33aa00000)]
  0x000002bdce5ba000 JavaThread "included builds" [_thread_blocked, id=25228, stack(0x000000d33aa00000,0x000000d33ab00000)]
  0x000002bdce5bf000 JavaThread "Execution worker for ':'" [_thread_blocked, id=16032, stack(0x000000d33ab00000,0x000000d33ac00000)]
  0x000002bdce5b9800 JavaThread "Execution worker for ':' Thread 2" [_thread_blocked, id=16936, stack(0x000000d33ac00000,0x000000d33ad00000)]
  0x000002bdd190e000 JavaThread "Execution worker for ':' Thread 3" [_thread_blocked, id=25464, stack(0x000000d33ad00000,0x000000d33ae00000)]
  0x000002bdd190f000 JavaThread "Execution worker for ':' Thread 4" [_thread_blocked, id=9960, stack(0x000000d33ae00000,0x000000d33af00000)]
  0x000002bdd1910000 JavaThread "Execution worker for ':' Thread 5" [_thread_blocked, id=16112, stack(0x000000d33af00000,0x000000d33b000000)]
  0x000002bdd1910800 JavaThread "Execution worker for ':' Thread 6" [_thread_blocked, id=19700, stack(0x000000d33b000000,0x000000d33b100000)]
  0x000002bdd190c800 JavaThread "Execution worker for ':' Thread 7" [_thread_blocked, id=22868, stack(0x000000d33b100000,0x000000d33b200000)]
  0x000002bdd190d800 JavaThread "Cache worker for execution history cache (I:\BudgetS\.gradle\7.4\executionHistory)" [_thread_blocked, id=25916, stack(0x000000d33b200000,0x000000d33b300000)]
  0x000002bdd190b000 JavaThread "WorkerExecutor Queue" [_thread_blocked, id=4028, stack(0x000000d33b300000,0x000000d33b400000)]
  0x000002bdd1911800 JavaThread "WorkerExecutor Queue Thread 2" [_thread_blocked, id=10344, stack(0x000000d33b400000,0x000000d33b500000)]
  0x000002bdd190b800 JavaThread "WorkerExecutor Queue Thread 3" [_thread_blocked, id=15904, stack(0x000000d33b500000,0x000000d33b600000)]
  0x000002bdd1918000 JavaThread "WorkerExecutor Queue Thread 4" [_thread_blocked, id=11776, stack(0x000000d33b600000,0x000000d33b700000)]
  0x000002bdd1914000 JavaThread "pool-4-thread-1" [_thread_blocked, id=5908, stack(0x000000d33b700000,0x000000d33b800000)]
  0x000002bdd1913000 JavaThread "stderr" [_thread_in_native, id=13236, stack(0x000000d33b800000,0x000000d33b900000)]
  0x000002bdd1915800 JavaThread "stdout" [_thread_in_native, id=26560, stack(0x000000d33b900000,0x000000d33ba00000)]
  0x000002bdd1914800 JavaThread "ForkJoinPool-1-worker-3" daemon [_thread_blocked, id=26424, stack(0x000000d33ba00000,0x000000d33bb00000)]
  0x000002bdd1916800 JavaThread "ForkJoinPool-1-worker-5" daemon [_thread_blocked, id=24756, stack(0x000000d33bb00000,0x000000d33bc00000)]
  0x000002bdd1917000 JavaThread "ForkJoinPool-1-worker-7" daemon [_thread_blocked, id=25708, stack(0x000000d33bc00000,0x000000d33bd00000)]
  0x000002bdd1912000 JavaThread "ForkJoinPool-1-worker-9" daemon [_thread_blocked, id=18832, stack(0x000000d33bd00000,0x000000d33be00000)]
  0x000002bdd1919000 JavaThread "ForkJoinPool-1-worker-11" daemon [_thread_blocked, id=16580, stack(0x000000d33be00000,0x000000d33bf00000)]
  0x000002bdd1919800 JavaThread "ForkJoinPool-1-worker-13" daemon [_thread_blocked, id=16832, stack(0x000000d33bf00000,0x000000d33c000000)]
  0x000002bdcce08000 JavaThread "ForkJoinPool-1-worker-15" daemon [_thread_blocked, id=24680, stack(0x000000d33c000000,0x000000d33c100000)]
  0x000002bdcce05000 JavaThread "ForkJoinPool-1-worker-1" daemon [_thread_blocked, id=16316, stack(0x000000d33c100000,0x000000d33c200000)]

Other Threads:
=>0x000002bdc9485800 VMThread "VM Thread" [stack: 0x000000d332300000,0x000000d332400000] [id=12528]
  0x000002bdc9679000 WatcherThread [stack: 0x000000d332d00000,0x000000d332e00000] [id=21848]
  0x000002bdae7d1800 GCTaskThread "GC Thread#0" [stack: 0x000000d331e00000,0x000000d331f00000] [id=6624]
  0x000002bdca0a8000 GCTaskThread "GC Thread#1" [stack: 0x000000d332f00000,0x000000d333000000] [id=12308]
  0x000002bdca0b7000 GCTaskThread "GC Thread#2" [stack: 0x000000d333000000,0x000000d333100000] [id=25440]
  0x000002bdcb746800 GCTaskThread "GC Thread#3" [stack: 0x000000d333a00000,0x000000d333b00000] [id=11192]
  0x000002bdcc1cc800 GCTaskThread "GC Thread#4" [stack: 0x000000d333b00000,0x000000d333c00000] [id=23652]
  0x000002bdcb909800 GCTaskThread "GC Thread#5" [stack: 0x000000d333c00000,0x000000d333d00000] [id=21352]
  0x000002bdcada5800 GCTaskThread "GC Thread#6" [stack: 0x000000d333d00000,0x000000d333e00000] [id=14896]
  0x000002bdcada6000 GCTaskThread "GC Thread#7" [stack: 0x000000d333e00000,0x000000d333f00000] [id=9768]
  0x000002bdae806000 ConcurrentGCThread "G1 Main Marker" [stack: 0x000000d331f00000,0x000000d332000000] [id=14072]
  0x000002bdae807000 ConcurrentGCThread "G1 Conc#0" [stack: 0x000000d332000000,0x000000d332100000] [id=25444]
  0x000002bdccab5000 ConcurrentGCThread "G1 Conc#1" [stack: 0x000000d334200000,0x000000d334300000] [id=6048]
  0x000002bdae88e000 ConcurrentGCThread "G1 Refine#0" [stack: 0x000000d332100000,0x000000d332200000] [id=2864]
  0x000002bdc8ac0800 ConcurrentGCThread "G1 Young RemSet Sampling" [stack: 0x000000d332200000,0x000000d332300000] [id=1376]

Threads with active compile tasks:
C2 CompilerThread0  23433 11716       4       com.android.tools.r8.dex.i::h (959 bytes)
C1 CompilerThread0  23433 11767       2       com.android.tools.r8.code.I0::hashCode (21 bytes)
C2 CompilerThread1  23433 11623       4       com.android.tools.r8.dex.i::a (829 bytes)

VM state:at safepoint (normal execution)

VM Mutex/Monitor currently owned by a thread:  ([mutex/lock_event])
[0x000002bdae7b4160] Threads_lock - owner thread: 0x000002bdc9485800
[0x000002bdae7b5bd0] Heap_lock - owner thread: 0x000002bdd1912000

Heap address: 0x0000000080000000, size: 2048 MB, Compressed Oops mode: 32-bit
Narrow klass base: 0x0000000000000000, Narrow klass shift: 3
Compressed class space size: 1073741824 Address: 0x0000000100000000

Heap:
 garbage-first heap   total 267264K, used 161411K [0x0000000080000000, 0x0000000100000000)
  region size 1024K, 2 young (2048K), 2 survivors (2048K)
 Metaspace       used 96976K, capacity 99455K, committed 99676K, reserved 1136640K
  class space    used 12606K, capacity 13511K, committed 13600K, reserved 1048576K
Heap Regions: E=young(eden), S=young(survivor), O=old, HS=humongous(starts), HC=humongous(continues), CS=collection set, F=free, A=archive, TAMS=top-at-mark-start (previous, next)
|   0|0x0000000080000000, 0x0000000080100000, 0x0000000080100000|100%| O|  |TAMS 0x0000000080100000, 0x0000000080100000| Untracked 
|   1|0x0000000080100000, 0x0000000080200000, 0x0000000080200000|100%| O|  |TAMS 0x0000000080200000, 0x0000000080200000| Untracked 
|   2|0x0000000080200000, 0x0000000080300000, 0x0000000080300000|100%| O|  |TAMS 0x0000000080300000, 0x0000000080300000| Untracked 
|   3|0x0000000080300000, 0x0000000080400000, 0x0000000080400000|100%|HS|  |TAMS 0x0000000080400000, 0x0000000080400000| Complete 
|   4|0x0000000080400000, 0x0000000080500000, 0x0000000080500000|100%|HC|  |TAMS 0x0000000080500000, 0x0000000080500000| Complete 
|   5|0x0000000080500000, 0x0000000080600000, 0x0000000080600000|100%|HC|  |TAMS 0x0000000080600000, 0x0000000080600000| Complete 
|   6|0x0000000080600000, 0x0000000080700000, 0x0000000080700000|100%| O|  |TAMS 0x0000000080700000, 0x0000000080700000| Untracked 
|   7|0x0000000080700000, 0x0000000080800000, 0x0000000080800000|100%| O|  |TAMS 0x0000000080800000, 0x0000000080800000| Untracked 
|   8|0x0000000080800000, 0x0000000080900000, 0x0000000080900000|100%| O|  |TAMS 0x0000000080900000, 0x0000000080900000| Untracked 
|   9|0x0000000080900000, 0x0000000080a00000, 0x0000000080a00000|100%| O|  |TAMS 0x0000000080a00000, 0x0000000080a00000| Untracked 
|  10|0x0000000080a00000, 0x0000000080b00000, 0x0000000080b00000|100%| O|  |TAMS 0x0000000080b00000, 0x0000000080b00000| Untracked 
|  11|0x0000000080b00000, 0x0000000080c00000, 0x0000000080c00000|100%| O|  |TAMS 0x0000000080c00000, 0x0000000080c00000| Untracked 
|  12|0x0000000080c00000, 0x0000000080d00000, 0x0000000080d00000|100%| O|  |TAMS 0x0000000080d00000, 0x0000000080d00000| Untracked 
|  13|0x0000000080d00000, 0x0000000080e00000, 0x0000000080e00000|100%| O|  |TAMS 0x0000000080e00000, 0x0000000080e00000| Untracked 
|  14|0x0000000080e00000, 0x0000000080f00000, 0x0000000080f00000|100%| O|  |TAMS 0x0000000080f00000, 0x0000000080f00000| Untracked 
|  15|0x0000000080f00000, 0x0000000081000000, 0x0000000081000000|100%| O|  |TAMS 0x0000000081000000, 0x0000000081000000| Untracked 
|  16|0x0000000081000000, 0x0000000081100000, 0x0000000081100000|100%|HS|  |TAMS 0x0000000081100000, 0x0000000081100000| Complete 
|  17|0x0000000081100000, 0x0000000081200000, 0x0000000081200000|100%| O|  |TAMS 0x0000000081200000, 0x0000000081200000| Untracked 
|  18|0x0000000081200000, 0x0000000081300000, 0x0000000081300000|100%| O|  |TAMS 0x0000000081300000, 0x0000000081300000| Untracked 
|  19|0x0000000081300000, 0x0000000081400000, 0x0000000081400000|100%| O|  |TAMS 0x0000000081400000, 0x0000000081400000| Untracked 
|  20|0x0000000081400000, 0x0000000081500000, 0x0000000081500000|100%| O|  |TAMS 0x0000000081500000, 0x0000000081500000| Untracked 
|  21|0x0000000081500000, 0x0000000081600000, 0x0000000081600000|100%| O|  |TAMS 0x0000000081600000, 0x0000000081600000| Untracked 
|  22|0x0000000081600000, 0x0000000081700000, 0x0000000081700000|100%| O|  |TAMS 0x0000000081700000, 0x0000000081700000| Untracked 
|  23|0x0000000081700000, 0x0000000081800000, 0x0000000081800000|100%| O|  |TAMS 0x0000000081800000, 0x0000000081800000| Untracked 
|  24|0x0000000081800000, 0x0000000081900000, 0x0000000081900000|100%| O|  |TAMS 0x0000000081900000, 0x0000000081900000| Untracked 
|  25|0x0000000081900000, 0x0000000081a00000, 0x0000000081a00000|100%| O|  |TAMS 0x0000000081a00000, 0x0000000081a00000| Untracked 
|  26|0x0000000081a00000, 0x0000000081b00000, 0x0000000081b00000|100%| O|  |TAMS 0x0000000081b00000, 0x0000000081b00000| Untracked 
|  27|0x0000000081b00000, 0x0000000081c00000, 0x0000000081c00000|100%| O|  |TAMS 0x0000000081c00000, 0x0000000081c00000| Untracked 
|  28|0x0000000081c00000, 0x0000000081d00000, 0x0000000081d00000|100%|HS|  |TAMS 0x0000000081d00000, 0x0000000081d00000| Complete 
|  29|0x0000000081d00000, 0x0000000081e00000, 0x0000000081e00000|100%| O|  |TAMS 0x0000000081e00000, 0x0000000081e00000| Untracked 
|  30|0x0000000081e00000, 0x0000000081f00000, 0x0000000081f00000|100%|HS|  |TAMS 0x0000000081f00000, 0x0000000081f00000| Complete 
|  31|0x0000000081f00000, 0x0000000082000000, 0x0000000082000000|100%|HC|  |TAMS 0x0000000082000000, 0x0000000082000000| Complete 
|  32|0x0000000082000000, 0x0000000082100000, 0x0000000082100000|100%| O|  |TAMS 0x0000000082100000, 0x0000000082100000| Untracked 
|  33|0x0000000082100000, 0x0000000082200000, 0x0000000082200000|100%| O|  |TAMS 0x0000000082200000, 0x0000000082200000| Untracked 
|  34|0x0000000082200000, 0x0000000082300000, 0x0000000082300000|100%| O|  |TAMS 0x0000000082300000, 0x0000000082300000| Untracked 
|  35|0x0000000082300000, 0x0000000082400000, 0x0000000082400000|100%| O|  |TAMS 0x0000000082400000, 0x0000000082400000| Untracked 
|  36|0x0000000082400000, 0x0000000082500000, 0x0000000082500000|100%| O|  |TAMS 0x0000000082500000, 0x0000000082500000| Untracked 
|  37|0x0000000082500000, 0x0000000082600000, 0x0000000082600000|100%| O|  |TAMS 0x0000000082600000, 0x0000000082600000| Untracked 
|  38|0x0000000082600000, 0x0000000082700000, 0x0000000082700000|100%| O|  |TAMS 0x0000000082700000, 0x0000000082700000| Untracked 
|  39|0x0000000082700000, 0x0000000082800000, 0x0000000082800000|100%| O|  |TAMS 0x0000000082800000, 0x0000000082800000| Untracked 
|  40|0x0000000082800000, 0x0000000082900000, 0x0000000082900000|100%| O|  |TAMS 0x0000000082900000, 0x0000000082900000| Untracked 
|  41|0x0000000082900000, 0x0000000082a00000, 0x0000000082a00000|100%| O|  |TAMS 0x0000000082a00000, 0x0000000082a00000| Untracked 
|  42|0x0000000082a00000, 0x0000000082b00000, 0x0000000082b00000|100%| O|  |TAMS 0x0000000082b00000, 0x0000000082b00000| Untracked 
|  43|0x0000000082b00000, 0x0000000082c00000, 0x0000000082c00000|100%| O|  |TAMS 0x0000000082c00000, 0x0000000082c00000| Untracked 
|  44|0x0000000082c00000, 0x0000000082d00000, 0x0000000082d00000|100%| O|  |TAMS 0x0000000082d00000, 0x0000000082d00000| Untracked 
|  45|0x0000000082d00000, 0x0000000082e00000, 0x0000000082e00000|100%| O|  |TAMS 0x0000000082e00000, 0x0000000082e00000| Untracked 
|  46|0x0000000082e00000, 0x0000000082f00000, 0x0000000082f00000|100%| O|  |TAMS 0x0000000082f00000, 0x0000000082f00000| Untracked 
|  47|0x0000000082f00000, 0x0000000083000000, 0x0000000083000000|100%| O|  |TAMS 0x0000000083000000, 0x0000000083000000| Untracked 
|  48|0x0000000083000000, 0x0000000083100000, 0x0000000083100000|100%| O|  |TAMS 0x0000000083100000, 0x0000000083100000| Untracked 
|  49|0x0000000083100000, 0x0000000083200000, 0x0000000083200000|100%| O|  |TAMS 0x0000000083200000, 0x0000000083200000| Untracked 
|  50|0x0000000083200000, 0x0000000083300000, 0x0000000083300000|100%| O|  |TAMS 0x0000000083300000, 0x0000000083300000| Untracked 
|  51|0x0000000083300000, 0x0000000083400000, 0x0000000083400000|100%| O|  |TAMS 0x0000000083400000, 0x0000000083400000| Untracked 
|  52|0x0000000083400000, 0x0000000083500000, 0x0000000083500000|100%| O|  |TAMS 0x0000000083500000, 0x0000000083500000| Untracked 
|  53|0x0000000083500000, 0x0000000083600000, 0x0000000083600000|100%| O|  |TAMS 0x0000000083600000, 0x0000000083600000| Untracked 
|  54|0x0000000083600000, 0x0000000083700000, 0x0000000083700000|100%| O|  |TAMS 0x0000000083700000, 0x0000000083700000| Untracked 
|  55|0x0000000083700000, 0x0000000083800000, 0x0000000083800000|100%| O|  |TAMS 0x0000000083800000, 0x0000000083800000| Untracked 
|  56|0x0000000083800000, 0x0000000083900000, 0x0000000083900000|100%| O|  |TAMS 0x0000000083900000, 0x0000000083900000| Untracked 
|  57|0x0000000083900000, 0x0000000083a00000, 0x0000000083a00000|100%| O|  |TAMS 0x0000000083a00000, 0x0000000083a00000| Untracked 
|  58|0x0000000083a00000, 0x0000000083b00000, 0x0000000083b00000|100%| O|  |TAMS 0x0000000083b00000, 0x0000000083b00000| Untracked 
|  59|0x0000000083b00000, 0x0000000083c00000, 0x0000000083c00000|100%| O|  |TAMS 0x0000000083c00000, 0x0000000083c00000| Untracked 
|  60|0x0000000083c00000, 0x0000000083d00000, 0x0000000083d00000|100%| O|  |TAMS 0x0000000083d00000, 0x0000000083d00000| Untracked 
|  61|0x0000000083d00000, 0x0000000083e00000, 0x0000000083e00000|100%| O|  |TAMS 0x0000000083e00000, 0x0000000083e00000| Untracked 
|  62|0x0000000083e00000, 0x0000000083f00000, 0x0000000083f00000|100%| O|  |TAMS 0x0000000083f00000, 0x0000000083f00000| Untracked 
|  63|0x0000000083f00000, 0x0000000084000000, 0x0000000084000000|100%| O|  |TAMS 0x0000000084000000, 0x0000000084000000| Untracked 
|  64|0x0000000084000000, 0x0000000084100000, 0x0000000084100000|100%| O|  |TAMS 0x0000000084100000, 0x0000000084100000| Untracked 
|  65|0x0000000084100000, 0x0000000084200000, 0x0000000084200000|100%| O|  |TAMS 0x0000000084200000, 0x0000000084200000| Untracked 
|  66|0x0000000084200000, 0x0000000084300000, 0x0000000084300000|100%| O|  |TAMS 0x0000000084300000, 0x0000000084300000| Untracked 
|  67|0x0000000084300000, 0x0000000084400000, 0x0000000084400000|100%| O|  |TAMS 0x0000000084400000, 0x0000000084400000| Untracked 
|  68|0x0000000084400000, 0x0000000084500000, 0x0000000084500000|100%| O|  |TAMS 0x0000000084500000, 0x0000000084500000| Untracked 
|  69|0x0000000084500000, 0x0000000084600000, 0x0000000084600000|100%| O|  |TAMS 0x0000000084600000, 0x0000000084600000| Untracked 
|  70|0x0000000084600000, 0x0000000084700000, 0x0000000084700000|100%| O|  |TAMS 0x0000000084700000, 0x0000000084700000| Untracked 
|  71|0x0000000084700000, 0x0000000084800000, 0x0000000084800000|100%| O|  |TAMS 0x0000000084800000, 0x0000000084800000| Untracked 
|  72|0x0000000084800000, 0x0000000084900000, 0x0000000084900000|100%| O|  |TAMS 0x0000000084900000, 0x0000000084900000| Untracked 
|  73|0x0000000084900000, 0x0000000084a00000, 0x0000000084a00000|100%| O|  |TAMS 0x0000000084a00000, 0x0000000084a00000| Untracked 
|  74|0x0000000084a00000, 0x0000000084b00000, 0x0000000084b00000|100%| O|  |TAMS 0x0000000084b00000, 0x0000000084b00000| Untracked 
|  75|0x0000000084b00000, 0x0000000084c00000, 0x0000000084c00000|100%| O|  |TAMS 0x0000000084c00000, 0x0000000084c00000| Untracked 
|  76|0x0000000084c00000, 0x0000000084d00000, 0x0000000084d00000|100%| O|  |TAMS 0x0000000084d00000, 0x0000000084d00000| Untracked 
|  77|0x0000000084d00000, 0x0000000084e00000, 0x0000000084e00000|100%| O|  |TAMS 0x0000000084e00000, 0x0000000084e00000| Untracked 
|  78|0x0000000084e00000, 0x0000000084f00000, 0x0000000084f00000|100%| O|  |TAMS 0x0000000084f00000, 0x0000000084f00000| Untracked 
|  79|0x0000000084f00000, 0x0000000085000000, 0x0000000085000000|100%| O|  |TAMS 0x0000000085000000, 0x0000000085000000| Untracked 
|  80|0x0000000085000000, 0x0000000085100000, 0x0000000085100000|100%|HS|  |TAMS 0x0000000085100000, 0x0000000085100000| Complete 
|  81|0x0000000085100000, 0x0000000085200000, 0x0000000085200000|100%|HC|  |TAMS 0x0000000085200000, 0x0000000085200000| Complete 
|  82|0x0000000085200000, 0x0000000085300000, 0x0000000085300000|100%|HS|  |TAMS 0x0000000085300000, 0x0000000085300000| Complete 
|  83|0x0000000085300000, 0x0000000085400000, 0x0000000085400000|100%|HS|  |TAMS 0x0000000085400000, 0x0000000085400000| Complete 
|  84|0x0000000085400000, 0x0000000085500000, 0x0000000085500000|100%|HS|  |TAMS 0x0000000085500000, 0x0000000085500000| Complete 
|  85|0x0000000085500000, 0x0000000085600000, 0x0000000085600000|100%|HC|  |TAMS 0x0000000085600000, 0x0000000085600000| Complete 
|  86|0x0000000085600000, 0x0000000085700000, 0x0000000085700000|100%| O|  |TAMS 0x0000000085700000, 0x0000000085700000| Untracked 
|  87|0x0000000085700000, 0x0000000085800000, 0x0000000085800000|100%| O|  |TAMS 0x0000000085800000, 0x0000000085800000| Untracked 
|  88|0x0000000085800000, 0x0000000085900000, 0x0000000085900000|100%|HS|  |TAMS 0x0000000085900000, 0x0000000085900000| Complete 
|  89|0x0000000085900000, 0x0000000085a00000, 0x0000000085a00000|100%|HC|  |TAMS 0x0000000085a00000, 0x0000000085a00000| Complete 
|  90|0x0000000085a00000, 0x0000000085b00000, 0x0000000085b00000|100%|HS|  |TAMS 0x0000000085b00000, 0x0000000085b00000| Complete 
|  91|0x0000000085b00000, 0x0000000085c00000, 0x0000000085c00000|100%|HC|  |TAMS 0x0000000085c00000, 0x0000000085c00000| Complete 
|  92|0x0000000085c00000, 0x0000000085d00000, 0x0000000085d00000|100%|HC|  |TAMS 0x0000000085d00000, 0x0000000085d00000| Complete 
|  93|0x0000000085d00000, 0x0000000085e00000, 0x0000000085e00000|100%| O|  |TAMS 0x0000000085e00000, 0x0000000085e00000| Untracked 
|  94|0x0000000085e00000, 0x0000000085f00000, 0x0000000085f00000|100%| O|  |TAMS 0x0000000085f00000, 0x0000000085f00000| Untracked 
|  95|0x0000000085f00000, 0x0000000086000000, 0x0000000086000000|100%| O|  |TAMS 0x0000000086000000, 0x0000000086000000| Untracked 
|  96|0x0000000086000000, 0x0000000086100000, 0x0000000086100000|100%| O|  |TAMS 0x0000000086100000, 0x0000000086100000| Untracked 
|  97|0x0000000086100000, 0x0000000086200000, 0x0000000086200000|100%| O|  |TAMS 0x0000000086200000, 0x0000000086200000| Untracked 
|  98|0x0000000086200000, 0x0000000086300000, 0x0000000086300000|100%| O|  |TAMS 0x0000000086300000, 0x0000000086300000| Untracked 
|  99|0x0000000086300000, 0x0000000086400000, 0x0000000086400000|100%| O|  |TAMS 0x0000000086400000, 0x0000000086400000| Untracked 
| 100|0x0000000086400000, 0x0000000086500000, 0x0000000086500000|100%| O|  |TAMS 0x0000000086500000, 0x0000000086500000| Untracked 
| 101|0x0000000086500000, 0x0000000086600000, 0x0000000086600000|100%| O|  |TAMS 0x0000000086600000, 0x0000000086600000| Untracked 
| 102|0x0000000086600000, 0x0000000086700000, 0x0000000086700000|100%| O|  |TAMS 0x0000000086700000, 0x0000000086700000| Untracked 
| 103|0x0000000086700000, 0x0000000086800000, 0x0000000086800000|100%| O|  |TAMS 0x0000000086800000, 0x0000000086800000| Untracked 
| 104|0x0000000086800000, 0x0000000086900000, 0x0000000086900000|100%| O|  |TAMS 0x0000000086900000, 0x0000000086900000| Untracked 
| 105|0x0000000086900000, 0x0000000086a00000, 0x0000000086a00000|100%|HS|  |TAMS 0x0000000086a00000, 0x0000000086a00000| Complete 
| 106|0x0000000086a00000, 0x0000000086b00000, 0x0000000086b00000|100%|HC|  |TAMS 0x0000000086b00000, 0x0000000086b00000| Complete 
| 107|0x0000000086b00000, 0x0000000086c00000, 0x0000000086c00000|100%| O|  |TAMS 0x0000000086c00000, 0x0000000086c00000| Untracked 
| 108|0x0000000086c00000, 0x0000000086d00000, 0x0000000086d00000|100%|HS|  |TAMS 0x0000000086d00000, 0x0000000086d00000| Complete 
| 109|0x0000000086d00000, 0x0000000086e00000, 0x0000000086e00000|100%| O|  |TAMS 0x0000000086e00000, 0x0000000086e00000| Untracked 
| 110|0x0000000086e00000, 0x0000000086f00000, 0x0000000086f00000|100%|HS|  |TAMS 0x0000000086f00000, 0x0000000086f00000| Complete 
| 111|0x0000000086f00000, 0x0000000087000000, 0x0000000087000000|100%| O|  |TAMS 0x0000000087000000, 0x0000000087000000| Untracked 
| 112|0x0000000087000000, 0x0000000087100000, 0x0000000087100000|100%| O|  |TAMS 0x0000000087100000, 0x0000000087100000| Untracked 
| 113|0x0000000087100000, 0x0000000087200000, 0x0000000087200000|100%| O|  |TAMS 0x0000000087200000, 0x0000000087200000| Untracked 
| 114|0x0000000087200000, 0x0000000087300000, 0x0000000087300000|100%|HS|  |TAMS 0x0000000087300000, 0x0000000087300000| Complete 
| 115|0x0000000087300000, 0x0000000087400000, 0x0000000087400000|100%|HC|  |TAMS 0x0000000087400000, 0x0000000087400000| Complete 
| 116|0x0000000087400000, 0x0000000087500000, 0x0000000087500000|100%| O|  |TAMS 0x0000000087500000, 0x0000000087500000| Untracked 
| 117|0x0000000087500000, 0x0000000087600000, 0x0000000087600000|100%| O|  |TAMS 0x0000000087600000, 0x0000000087600000| Untracked 
| 118|0x0000000087600000, 0x0000000087700000, 0x0000000087700000|100%| O|  |TAMS 0x0000000087700000, 0x0000000087700000| Untracked 
| 119|0x0000000087700000, 0x0000000087800000, 0x0000000087800000|100%|HS|  |TAMS 0x0000000087800000, 0x0000000087800000| Complete 
| 120|0x0000000087800000, 0x0000000087900000, 0x0000000087900000|100%|HC|  |TAMS 0x0000000087900000, 0x0000000087900000| Complete 
| 121|0x0000000087900000, 0x0000000087a00000, 0x0000000087a00000|100%|HS|  |TAMS 0x0000000087a00000, 0x0000000087a00000| Complete 
| 122|0x0000000087a00000, 0x0000000087b00000, 0x0000000087b00000|100%| O|  |TAMS 0x0000000087b00000, 0x0000000087b00000| Untracked 
| 123|0x0000000087b00000, 0x0000000087c00000, 0x0000000087c00000|100%| O|  |TAMS 0x0000000087c00000, 0x0000000087c00000| Untracked 
| 124|0x0000000087c00000, 0x0000000087d00000, 0x0000000087d00000|100%| O|  |TAMS 0x0000000087d00000, 0x0000000087d00000| Untracked 
| 125|0x0000000087d00000, 0x0000000087e00000, 0x0000000087e00000|100%| O|  |TAMS 0x0000000087e00000, 0x0000000087e00000| Untracked 
| 126|0x0000000087e00000, 0x0000000087f00000, 0x0000000087f00000|100%| O|  |TAMS 0x0000000087f00000, 0x0000000087f00000| Untracked 
| 127|0x0000000087f00000, 0x0000000088000000, 0x0000000088000000|100%|HS|  |TAMS 0x0000000088000000, 0x0000000088000000| Complete 
| 128|0x0000000088000000, 0x0000000088100000, 0x0000000088100000|100%|HC|  |TAMS 0x0000000088100000, 0x0000000088100000| Complete 
| 129|0x0000000088100000, 0x0000000088200000, 0x0000000088200000|100%|HC|  |TAMS 0x0000000088200000, 0x0000000088200000| Complete 
| 130|0x0000000088200000, 0x0000000088300000, 0x0000000088300000|100%| O|  |TAMS 0x00000000882da600, 0x0000000088300000| Untracked 
| 131|0x0000000088300000, 0x0000000088400000, 0x0000000088400000|100%|HS|  |TAMS 0x0000000088300000, 0x0000000088400000| Complete 
| 132|0x0000000088400000, 0x0000000088500000, 0x0000000088500000|100%| O|  |TAMS 0x0000000088400000, 0x0000000088500000| Untracked 
| 133|0x0000000088500000, 0x0000000088600000, 0x0000000088600000|100%| O|  |TAMS 0x0000000088500000, 0x0000000088600000| Untracked 
| 134|0x0000000088600000, 0x0000000088700000, 0x0000000088700000|100%| O|  |TAMS 0x0000000088600000, 0x0000000088700000| Untracked 
| 135|0x0000000088700000, 0x0000000088800000, 0x0000000088800000|100%| O|  |TAMS 0x0000000088700000, 0x0000000088800000| Untracked 
| 136|0x0000000088800000, 0x0000000088900000, 0x0000000088900000|100%| O|  |TAMS 0x0000000088800000, 0x0000000088900000| Untracked 
| 137|0x0000000088900000, 0x0000000088a00000, 0x0000000088a00000|100%| O|  |TAMS 0x0000000088900000, 0x0000000088a00000| Untracked 
| 138|0x0000000088a00000, 0x0000000088b00000, 0x0000000088b00000|100%| O|  |TAMS 0x0000000088a00000, 0x0000000088b00000| Untracked 
| 139|0x0000000088b00000, 0x0000000088c00000, 0x0000000088c00000|100%| O|  |TAMS 0x0000000088b00000, 0x0000000088c00000| Untracked 
| 140|0x0000000088c00000, 0x0000000088d00000, 0x0000000088d00000|100%| O|  |TAMS 0x0000000088c00000, 0x0000000088c5e600| Untracked 
| 141|0x0000000088d00000, 0x0000000088e00000, 0x0000000088e00000|100%| O|  |TAMS 0x0000000088d00000, 0x0000000088d00000| Untracked 
| 142|0x0000000088e00000, 0x0000000088f00000, 0x0000000088f00000|100%| O|  |TAMS 0x0000000088e00000, 0x0000000088e00000| Untracked 
| 143|0x0000000088f00000, 0x0000000089000000, 0x0000000089000000|100%| O|  |TAMS 0x0000000088f00000, 0x0000000088f00000| Untracked 
| 144|0x0000000089000000, 0x0000000089100000, 0x0000000089100000|100%| O|  |TAMS 0x0000000089000000, 0x0000000089000000| Untracked 
| 145|0x0000000089100000, 0x0000000089200000, 0x0000000089200000|100%| O|  |TAMS 0x0000000089100000, 0x0000000089100000| Untracked 
| 146|0x0000000089200000, 0x0000000089300000, 0x0000000089300000|100%| O|  |TAMS 0x0000000089200000, 0x0000000089200000| Untracked 
| 147|0x0000000089300000, 0x0000000089400000, 0x0000000089400000|100%| O|  |TAMS 0x0000000089300000, 0x0000000089300000| Untracked 
| 148|0x0000000089400000, 0x0000000089500000, 0x0000000089500000|100%| O|  |TAMS 0x0000000089400000, 0x0000000089400000| Untracked 
| 149|0x0000000089500000, 0x0000000089600000, 0x0000000089600000|100%| O|  |TAMS 0x0000000089500000, 0x0000000089500000| Untracked 
| 150|0x0000000089600000, 0x00000000896a0c00, 0x0000000089700000| 62%| O|  |TAMS 0x0000000089600000, 0x0000000089600000| Untracked 
| 151|0x0000000089700000, 0x0000000089700000, 0x0000000089800000|  0%| F|  |TAMS 0x0000000089700000, 0x0000000089700000| Untracked 
| 152|0x0000000089800000, 0x0000000089800000, 0x0000000089900000|  0%| F|  |TAMS 0x0000000089800000, 0x0000000089800000| Untracked 
| 153|0x0000000089900000, 0x0000000089900000, 0x0000000089a00000|  0%| F|  |TAMS 0x0000000089900000, 0x0000000089900000| Untracked 
| 154|0x0000000089a00000, 0x0000000089a00000, 0x0000000089b00000|  0%| F|  |TAMS 0x0000000089a00000, 0x0000000089a00000| Untracked 
| 155|0x0000000089b00000, 0x0000000089c00000, 0x0000000089c00000|100%| O|  |TAMS 0x0000000089c00000, 0x0000000089c00000| Untracked 
| 156|0x0000000089c00000, 0x0000000089d00000, 0x0000000089d00000|100%| O|  |TAMS 0x0000000089d00000, 0x0000000089d00000| Untracked 
| 157|0x0000000089d00000, 0x0000000089e00000, 0x0000000089e00000|100%| O|  |TAMS 0x0000000089e00000, 0x0000000089e00000| Untracked 
| 158|0x0000000089e00000, 0x0000000089f00000, 0x0000000089f00000|100%| O|  |TAMS 0x0000000089f00000, 0x0000000089f00000| Untracked 
| 159|0x0000000089f00000, 0x000000008a000000, 0x000000008a000000|100%| O|  |TAMS 0x000000008a000000, 0x000000008a000000| Untracked 
| 160|0x000000008a000000, 0x000000008a000000, 0x000000008a100000|  0%| F|  |TAMS 0x000000008a000000, 0x000000008a000000| Untracked 
| 161|0x000000008a100000, 0x000000008a100000, 0x000000008a200000|  0%| F|  |TAMS 0x000000008a100000, 0x000000008a100000| Untracked 
| 162|0x000000008a200000, 0x000000008a200000, 0x000000008a300000|  0%| F|  |TAMS 0x000000008a200000, 0x000000008a200000| Untracked 
| 163|0x000000008a300000, 0x000000008a300000, 0x000000008a400000|  0%| F|  |TAMS 0x000000008a300000, 0x000000008a300000| Untracked 
| 164|0x000000008a400000, 0x000000008a400000, 0x000000008a500000|  0%| F|  |TAMS 0x000000008a400000, 0x000000008a400000| Untracked 
| 165|0x000000008a500000, 0x000000008a500000, 0x000000008a600000|  0%| F|  |TAMS 0x000000008a500000, 0x000000008a500000| Untracked 
| 166|0x000000008a600000, 0x000000008a600000, 0x000000008a700000|  0%| F|  |TAMS 0x000000008a600000, 0x000000008a600000| Untracked 
| 167|0x000000008a700000, 0x000000008a700000, 0x000000008a800000|  0%| F|  |TAMS 0x000000008a700000, 0x000000008a700000| Untracked 
| 168|0x000000008a800000, 0x000000008a800000, 0x000000008a900000|  0%| F|  |TAMS 0x000000008a800000, 0x000000008a800000| Untracked 
| 169|0x000000008a900000, 0x000000008a900000, 0x000000008aa00000|  0%| F|  |TAMS 0x000000008a900000, 0x000000008a900000| Untracked 
| 170|0x000000008aa00000, 0x000000008aa00000, 0x000000008ab00000|  0%| F|  |TAMS 0x000000008aa00000, 0x000000008aa00000| Untracked 
| 171|0x000000008ab00000, 0x000000008ab00000, 0x000000008ac00000|  0%| F|  |TAMS 0x000000008ab00000, 0x000000008ab00000| Untracked 
| 172|0x000000008ac00000, 0x000000008ac00000, 0x000000008ad00000|  0%| F|  |TAMS 0x000000008ac00000, 0x000000008ac00000| Untracked 
| 173|0x000000008ad00000, 0x000000008ad00000, 0x000000008ae00000|  0%| F|  |TAMS 0x000000008ad00000, 0x000000008ad00000| Untracked 
| 174|0x000000008ae00000, 0x000000008ae00000, 0x000000008af00000|  0%| F|  |TAMS 0x000000008ae00000, 0x000000008ae00000| Untracked 
| 175|0x000000008af00000, 0x000000008af00000, 0x000000008b000000|  0%| F|  |TAMS 0x000000008af00000, 0x000000008af00000| Untracked 
| 176|0x000000008b000000, 0x000000008b000000, 0x000000008b100000|  0%| F|  |TAMS 0x000000008b000000, 0x000000008b000000| Untracked 
| 177|0x000000008b100000, 0x000000008b100000, 0x000000008b200000|  0%| F|  |TAMS 0x000000008b100000, 0x000000008b100000| Untracked 
| 178|0x000000008b200000, 0x000000008b200000, 0x000000008b300000|  0%| F|  |TAMS 0x000000008b200000, 0x000000008b200000| Untracked 
| 179|0x000000008b300000, 0x000000008b300000, 0x000000008b400000|  0%| F|  |TAMS 0x000000008b300000, 0x000000008b300000| Untracked 
| 180|0x000000008b400000, 0x000000008b400000, 0x000000008b500000|  0%| F|  |TAMS 0x000000008b400000, 0x000000008b400000| Untracked 
| 181|0x000000008b500000, 0x000000008b500000, 0x000000008b600000|  0%| F|  |TAMS 0x000000008b500000, 0x000000008b500000| Untracked 
| 182|0x000000008b600000, 0x000000008b700000, 0x000000008b700000|100%| S|CS|TAMS 0x000000008b600000, 0x000000008b600000| Complete 
| 183|0x000000008b700000, 0x000000008b800000, 0x000000008b800000|100%| S|CS|TAMS 0x000000008b700000, 0x000000008b700000| Complete 
| 184|0x000000008b800000, 0x000000008b800000, 0x000000008b900000|  0%| F|  |TAMS 0x000000008b800000, 0x000000008b800000| Untracked 
| 185|0x000000008b900000, 0x000000008b900000, 0x000000008ba00000|  0%| F|  |TAMS 0x000000008b900000, 0x000000008b900000| Untracked 
| 186|0x000000008ba00000, 0x000000008ba00000, 0x000000008bb00000|  0%| F|  |TAMS 0x000000008ba00000, 0x000000008ba00000| Untracked 
| 187|0x000000008bb00000, 0x000000008bb00000, 0x000000008bc00000|  0%| F|  |TAMS 0x000000008bb00000, 0x000000008bb00000| Untracked 
| 188|0x000000008bc00000, 0x000000008bc00000, 0x000000008bd00000|  0%| F|  |TAMS 0x000000008bc00000, 0x000000008bc00000| Untracked 
| 189|0x000000008bd00000, 0x000000008bd00000, 0x000000008be00000|  0%| F|  |TAMS 0x000000008bd00000, 0x000000008bd00000| Untracked 
| 190|0x000000008be00000, 0x000000008be00000, 0x000000008bf00000|  0%| F|  |TAMS 0x000000008be00000, 0x000000008be00000| Untracked 
| 191|0x000000008bf00000, 0x000000008bf00000, 0x000000008c000000|  0%| F|  |TAMS 0x000000008bf00000, 0x000000008bf00000| Untracked 

Card table byte_map: [0x000002bdc1a00000,0x000002bdc1e00000] _byte_map_base: 0x000002bdc1600000

Marking Bits (Prev, Next): (CMBitMap*) 0x000002bdae7fd228, (CMBitMap*) 0x000002bdae7fd260
 Prev Bits: [0x000002bdc2200000, 0x000002bdc4200000)
 Next Bits: [0x000002bdc4200000, 0x000002bdc6200000)

Polling page: 0x000002bdac730000

Metaspace:

Usage:
  Non-class:     83.93 MB capacity,    82.39 MB ( 98%) used,     1.26 MB (  2%) free+waste,   279.00 KB ( <1%) overhead. 
      Class:     13.19 MB capacity,    12.31 MB ( 93%) used,   777.75 KB (  6%) free+waste,   126.81 KB ( <1%) overhead. 
       Both:     97.12 MB capacity,    94.70 MB ( 98%) used,     2.02 MB (  2%) free+waste,   405.81 KB ( <1%) overhead. 

Virtual space:
  Non-class space:       86.00 MB reserved,      84.06 MB ( 98%) committed 
      Class space:        1.00 GB reserved,      13.28 MB (  1%) committed 
             Both:        1.08 GB reserved,      97.34 MB (  9%) committed 

Chunk freelists:
   Non-Class:  4.00 KB
       Class:  25.00 KB
        Both:  29.00 KB

MaxMetaspaceSize: 17179869184.00 GB
CompressedClassSpaceSize: 1.00 GB
Initial GC threshold: 20.80 MB
Current GC threshold: 159.11 MB
CDS: off

CodeHeap 'non-profiled nmethods': size=120000Kb used=7012Kb max_used=7012Kb free=112987Kb
 bounds [0x000002bdb9da0000, 0x000002bdba480000, 0x000002bdc12d0000]
CodeHeap 'profiled nmethods': size=120000Kb used=25274Kb max_used=25274Kb free=94726Kb
 bounds [0x000002bdb2870000, 0x000002bdb4120000, 0x000002bdb9da0000]
CodeHeap 'non-nmethods': size=5760Kb used=2408Kb max_used=2439Kb free=3351Kb
 bounds [0x000002bdb22d0000, 0x000002bdb2540000, 0x000002bdb2870000]
 total_blobs=12534 nmethods=11614 adapters=832
 compilation: enabled
              stopped_count=0, restarted_count=0
 full_count=0

Compilation events (20 events):
Event: 23.384 Thread 0x000002bdc94dd000 nmethod 11755 0x000002bdb411b610 code [0x000002bdb411b7e0, 0x000002bdb411b9b8]
Event: 23.384 Thread 0x000002bdc94dd000 11761       2       com.android.tools.r8.graph.z::c (161 bytes)
Event: 23.385 Thread 0x000002bdc94dd000 nmethod 11761 0x000002bdb411bb10 code [0x000002bdb411bd40, 0x000002bdb411c328]
Event: 23.385 Thread 0x000002bdc94dd000 11760       2       com.android.tools.r8.code.G0::<init> (26 bytes)
Event: 23.386 Thread 0x000002bdc94dd000 nmethod 11760 0x000002bdb411c710 code [0x000002bdb411c8c0, 0x000002bdb411ca18]
Event: 23.386 Thread 0x000002bdc94dd000 11506       1       com.android.tools.r8.graph.f1::R0 (2 bytes)
Event: 23.386 Thread 0x000002bdc94dd000 nmethod 11506 0x000002bdba478d10 code [0x000002bdba478ec0, 0x000002bdba478f78]
Event: 23.386 Thread 0x000002bdc94dd000 11762       2       com.android.tools.r8.internal.er::b (178 bytes)
Event: 23.387 Thread 0x000002bdc94dd000 nmethod 11762 0x000002bdb411cb10 code [0x000002bdb411cd00, 0x000002bdb411d298]
Event: 23.387 Thread 0x000002bdc94dd000 11720       1       com.android.tools.r8.internal.uK::size (5 bytes)
Event: 23.387 Thread 0x000002bdc94dd000 nmethod 11720 0x000002bdba479010 code [0x000002bdba4791c0, 0x000002bdba479278]
Event: 23.387 Thread 0x000002bdc94dd000 11763       2       com.android.tools.r8.graph.b0::o0 (2 bytes)
Event: 23.387 Thread 0x000002bdc94dd000 nmethod 11763 0x000002bdb411d610 code [0x000002bdb411d7c0, 0x000002bdb411d8b8]
Event: 23.387 Thread 0x000002bdc94dd000 11764       2       com.android.tools.r8.graph.S$b::a (10 bytes)
Event: 23.387 Thread 0x000002bdc94dd000 nmethod 11764 0x000002bdb411d990 code [0x000002bdb411db60, 0x000002bdb411dd88]
Event: 23.388 Thread 0x000002bdc94dd000 11765       2       com.android.tools.r8.graph.S::a (32 bytes)
Event: 23.388 Thread 0x000002bdc94dd000 nmethod 11765 0x000002bdb411df10 code [0x000002bdb411e100, 0x000002bdb411e2b8]
Event: 23.388 Thread 0x000002bdc94dd000 11766       2       com.android.tools.r8.graph.S$b::b (16 bytes)
Event: 23.388 Thread 0x000002bdc94dd000 nmethod 11766 0x000002bdb411e410 code [0x000002bdb411e5c0, 0x000002bdb411e728]
Event: 23.390 Thread 0x000002bdc94dd000 11767       2       com.android.tools.r8.code.I0::hashCode (21 bytes)

GC Heap History (20 events):
Event: 21.868 GC heap after
{Heap after GC invocations=28 (full 0):
 garbage-first heap   total 155648K, used 104837K [0x0000000080000000, 0x0000000100000000)
  region size 1024K, 4 young (4096K), 4 survivors (4096K)
 Metaspace       used 93223K, capacity 95496K, committed 96220K, reserved 1132544K
  class space    used 11932K, capacity 12725K, committed 12960K, reserved 1048576K
}
Event: 21.886 GC heap before
{Heap before GC invocations=28 (full 0):
 garbage-first heap   total 155648K, used 104837K [0x0000000080000000, 0x0000000100000000)
  region size 1024K, 6 young (6144K), 4 survivors (4096K)
 Metaspace       used 93331K, capacity 95592K, committed 96220K, reserved 1132544K
  class space    used 11946K, capacity 12757K, committed 12960K, reserved 1048576K
}
Event: 21.891 GC heap after
{Heap after GC invocations=29 (full 0):
 garbage-first heap   total 155648K, used 105244K [0x0000000080000000, 0x0000000100000000)
  region size 1024K, 1 young (1024K), 1 survivors (1024K)
 Metaspace       used 93331K, capacity 95592K, committed 96220K, reserved 1132544K
  class space    used 11946K, capacity 12757K, committed 12960K, reserved 1048576K
}
Event: 22.176 GC heap before
{Heap before GC invocations=30 (full 0):
 garbage-first heap   total 155648K, used 154396K [0x0000000080000000, 0x0000000100000000)
  region size 1024K, 22 young (22528K), 1 survivors (1024K)
 Metaspace       used 94331K, capacity 96600K, committed 97116K, reserved 1134592K
  class space    used 12091K, capacity 12906K, committed 13088K, reserved 1048576K
}
Event: 22.185 GC heap after
{Heap after GC invocations=31 (full 0):
 garbage-first heap   total 163840K, used 123508K [0x0000000080000000, 0x0000000100000000)
  region size 1024K, 3 young (3072K), 3 survivors (3072K)
 Metaspace       used 94331K, capacity 96600K, committed 97116K, reserved 1134592K
  class space    used 12091K, capacity 12906K, committed 13088K, reserved 1048576K
}
Event: 22.317 GC heap before
{Heap before GC invocations=31 (full 0):
 garbage-first heap   total 163840K, used 137844K [0x0000000080000000, 0x0000000100000000)
  region size 1024K, 17 young (17408K), 3 survivors (3072K)
 Metaspace       used 94419K, capacity 96732K, committed 97372K, reserved 1134592K
  class space    used 12097K, capacity 12907K, committed 13088K, reserved 1048576K
}
Event: 22.329 GC heap after
{Heap after GC invocations=32 (full 0):
 garbage-first heap   total 163840K, used 129542K [0x0000000080000000, 0x0000000100000000)
  region size 1024K, 3 young (3072K), 3 survivors (3072K)
 Metaspace       used 94419K, capacity 96732K, committed 97372K, reserved 1134592K
  class space    used 12097K, capacity 12907K, committed 13088K, reserved 1048576K
}
Event: 22.474 GC heap before
{Heap before GC invocations=32 (full 0):
 garbage-first heap   total 163840K, used 138758K [0x0000000080000000, 0x0000000100000000)
  region size 1024K, 12 young (12288K), 3 survivors (3072K)
 Metaspace       used 94425K, capacity 96732K, committed 97372K, reserved 1134592K
  class space    used 12097K, capacity 12907K, committed 13088K, reserved 1048576K
}
Event: 22.483 GC heap after
{Heap after GC invocations=33 (full 0):
 garbage-first heap   total 163840K, used 133571K [0x0000000080000000, 0x0000000100000000)
  region size 1024K, 2 young (2048K), 2 survivors (2048K)
 Metaspace       used 94425K, capacity 96732K, committed 97372K, reserved 1134592K
  class space    used 12097K, capacity 12907K, committed 13088K, reserved 1048576K
}
Event: 22.599 GC heap before
{Heap before GC invocations=34 (full 0):
 garbage-first heap   total 163840K, used 141763K [0x0000000080000000, 0x0000000100000000)
  region size 1024K, 9 young (9216K), 2 survivors (2048K)
 Metaspace       used 94483K, capacity 96746K, committed 97372K, reserved 1134592K
  class space    used 12107K, capacity 12912K, committed 13088K, reserved 1048576K
}
Event: 22.607 GC heap after
{Heap after GC invocations=35 (full 0):
 garbage-first heap   total 163840K, used 137563K [0x0000000080000000, 0x0000000100000000)
  region size 1024K, 2 young (2048K), 2 survivors (2048K)
 Metaspace       used 94483K, capacity 96746K, committed 97372K, reserved 1134592K
  class space    used 12107K, capacity 12912K, committed 13088K, reserved 1048576K
}
Event: 22.664 GC heap before
{Heap before GC invocations=35 (full 0):
 garbage-first heap   total 163840K, used 142683K [0x0000000080000000, 0x0000000100000000)
  region size 1024K, 8 young (8192K), 2 survivors (2048K)
 Metaspace       used 94483K, capacity 96746K, committed 97372K, reserved 1134592K
  class space    used 12107K, capacity 12912K, committed 13088K, reserved 1048576K
}
Event: 22.674 GC heap after
{Heap after GC invocations=36 (full 0):
 garbage-first heap   total 196608K, used 140137K [0x0000000080000000, 0x0000000100000000)
  region size 1024K, 1 young (1024K), 1 survivors (1024K)
 Metaspace       used 94483K, capacity 96746K, committed 97372K, reserved 1134592K
  class space    used 12107K, capacity 12912K, committed 13088K, reserved 1048576K
}
Event: 23.007 GC heap before
{Heap before GC invocations=37 (full 0):
 garbage-first heap   total 196608K, used 155497K [0x0000000080000000, 0x0000000100000000)
  region size 1024K, 15 young (15360K), 1 survivors (1024K)
 Metaspace       used 95900K, capacity 98232K, committed 98652K, reserved 1134592K
  class space    used 12448K, capacity 13286K, committed 13344K, reserved 1048576K
}
Event: 23.019 GC heap after
{Heap after GC invocations=38 (full 0):
 garbage-first heap   total 196608K, used 145877K [0x0000000080000000, 0x0000000100000000)
  region size 1024K, 2 young (2048K), 2 survivors (2048K)
 Metaspace       used 95900K, capacity 98232K, committed 98652K, reserved 1134592K
  class space    used 12448K, capacity 13286K, committed 13344K, reserved 1048576K
}
Event: 23.245 GC heap before
{Heap before GC invocations=38 (full 0):
 garbage-first heap   total 196608K, used 158165K [0x0000000080000000, 0x0000000100000000)
  region size 1024K, 14 young (14336K), 2 survivors (2048K)
 Metaspace       used 96892K, capacity 99385K, committed 99676K, reserved 1136640K
  class space    used 12606K, capacity 13511K, committed 13600K, reserved 1048576K
}
Event: 23.254 GC heap after
{Heap after GC invocations=39 (full 0):
 garbage-first heap   total 196608K, used 150905K [0x0000000080000000, 0x0000000100000000)
  region size 1024K, 2 young (2048K), 2 survivors (2048K)
 Metaspace       used 96892K, capacity 99385K, committed 99676K, reserved 1136640K
  class space    used 12606K, capacity 13511K, committed 13600K, reserved 1048576K
}
Event: 23.345 GC heap before
{Heap before GC invocations=39 (full 0):
 garbage-first heap   total 196608K, used 162169K [0x0000000080000000, 0x0000000100000000)
  region size 1024K, 13 young (13312K), 2 survivors (2048K)
 Metaspace       used 96954K, capacity 99389K, committed 99676K, reserved 1136640K
  class space    used 12606K, capacity 13511K, committed 13600K, reserved 1048576K
}
Event: 23.353 GC heap after
{Heap after GC invocations=40 (full 0):
 garbage-first heap   total 196608K, used 156775K [0x0000000080000000, 0x0000000100000000)
  region size 1024K, 2 young (2048K), 2 survivors (2048K)
 Metaspace       used 96954K, capacity 99389K, committed 99676K, reserved 1136640K
  class space    used 12606K, capacity 13511K, committed 13600K, reserved 1048576K
}
Event: 23.395 GC heap before
{Heap before GC invocations=40 (full 0):
 garbage-first heap   total 196608K, used 164967K [0x0000000080000000, 0x0000000100000000)
  region size 1024K, 10 young (10240K), 2 survivors (2048K)
 Metaspace       used 96976K, capacity 99455K, committed 99676K, reserved 1136640K
  class space    used 12606K, capacity 13511K, committed 13600K, reserved 1048576K
}

Deoptimization events (20 events):
Event: 22.611 Thread 0x000002bdd1918000 DEOPT PACKING pc=0x000002bdb405e09b sp=0x000000d33b6fd230
Event: 22.611 Thread 0x000002bdd1918000 DEOPT UNPACKING pc=0x000002bdb2319d0e sp=0x000000d33b6fc7f0 mode 0
Event: 23.062 Thread 0x000002bdd1919800 Uncommon trap: trap_request=0xffffff4d fr.pc=0x000002bdba3aed90 relative=0x0000000000000350
Event: 23.062 Thread 0x000002bdd1919800 Uncommon trap: reason=unstable_if action=reinterpret pc=0x000002bdba3aed90 method=java.util.concurrent.ConcurrentLinkedQueue.offer(Ljava/lang/Object;)Z @ 42 c2
Event: 23.062 Thread 0x000002bdd1919800 DEOPT PACKING pc=0x000002bdba3aed90 sp=0x000000d33bffe930
Event: 23.062 Thread 0x000002bdd1919800 DEOPT UNPACKING pc=0x000002bdb22d85af sp=0x000000d33bffe878 mode 2
Event: 23.068 Thread 0x000002bdd1919000 Uncommon trap: trap_request=0xffffff4d fr.pc=0x000002bdba4535d0 relative=0x00000000000001b0
Event: 23.069 Thread 0x000002bdd1919000 Uncommon trap: reason=unstable_if action=reinterpret pc=0x000002bdba4535d0 method=jdk.internal.util.ArraysSupport.mismatch([B[BI)I @ 14 c2
Event: 23.069 Thread 0x000002bdd1919000 DEOPT PACKING pc=0x000002bdba4535d0 sp=0x000000d33befe7c0
Event: 23.069 Thread 0x000002bdd1919000 DEOPT UNPACKING pc=0x000002bdb22d85af sp=0x000000d33befe6f8 mode 2
Event: 23.071 Thread 0x000002bdd1919000 Uncommon trap: trap_request=0xffffff4d fr.pc=0x000002bdba44c638 relative=0x0000000000000198
Event: 23.072 Thread 0x000002bdd1919000 Uncommon trap: reason=unstable_if action=reinterpret pc=0x000002bdba44c638 method=jdk.internal.util.ArraysSupport.mismatch([B[BI)I @ 14 c2
Event: 23.072 Thread 0x000002bdd1919000 DEOPT PACKING pc=0x000002bdba44c638 sp=0x000000d33befe710
Event: 23.072 Thread 0x000002bdd1919000 DEOPT UNPACKING pc=0x000002bdb22d85af sp=0x000000d33befe6d0 mode 2
Event: 23.103 Thread 0x000002bdd1913000 Uncommon trap: trap_request=0xffffff4d fr.pc=0x000002bdb9e295f8 relative=0x0000000000000dd8
Event: 23.103 Thread 0x000002bdd1913000 Uncommon trap: reason=unstable_if action=reinterpret pc=0x000002bdb9e295f8 method=java.io.BufferedReader.readLine(Z)Ljava/lang/String; @ 192 c2
Event: 23.103 Thread 0x000002bdd1913000 DEOPT PACKING pc=0x000002bdb9e295f8 sp=0x000000d33b8fefb0
Event: 23.103 Thread 0x000002bdd1913000 DEOPT UNPACKING pc=0x000002bdb22d85af sp=0x000000d33b8fef68 mode 2
Event: 23.224 Thread 0x000002bdd1912000 DEOPT PACKING pc=0x000002bdb4076cdb sp=0x000000d33bdfeb70
Event: 23.225 Thread 0x000002bdd1912000 DEOPT UNPACKING pc=0x000002bdb2319d0e sp=0x000000d33bdfe0c8 mode 0

Classes redefined (0 events):
No events

Internal exceptions (20 events):
Event: 19.958 Thread 0x000002bdce5b9800 Exception <a 'java/lang/NoSuchMethodError'{0x0000000086bb78b0}: <clinit>> (0x0000000086bb78b0) thrown at [./src/hotspot/share/prims/jni.cpp, line 1366]
Event: 19.959 Thread 0x000002bdce5b9800 Exception <a 'java/lang/NoSuchMethodError'{0x0000000086bca268}: <clinit>> (0x0000000086bca268) thrown at [./src/hotspot/share/prims/jni.cpp, line 1366]
Event: 21.480 Thread 0x000002bdd1918000 Exception <a 'sun/nio/fs/WindowsException'{0x0000000088d72c58}> (0x0000000088d72c58) thrown at [./src/hotspot/share/prims/jni.cpp, line 616]
Event: 21.593 Thread 0x000002bdd1918000 Exception <a 'java/lang/NoSuchMethodError'{0x0000000088044898}: 'java.lang.Object java.lang.invoke.DirectMethodHandle$Holder.newInvokeSpecial(java.lang.Object, int)'> (0x0000000088044898) thrown at [./src/hotspot/share/interpreter/linkResolver.cpp, line 773]
Event: 21.944 Thread 0x000002bdd1918000 Exception <a 'java/lang/NoSuchMethodError'{0x00000000896bc7d8}: 'java.lang.Object java.lang.invoke.DirectMethodHandle$Holder.invokeStaticInit(java.lang.Object, java.lang.Object, java.lang.Object, java.lang.Object, java.lang.Object, java.lang.Object, java.lang.Object, java.lang.Object, java.lang.Object, java.lang.Object, java.lang.Object, java.lang.Object, java.lang.Object, java.lang.Object, java.lang.Object, java.lang.Object, java.lang.Object, java.lang.Object, int, java.lang.Object, java.lang.Object)'> (0
Event: 22.102 Thread 0x000002bdd190b000 Exception <a 'java/lang/NoSuchMethodError'{0x00000000886d3000}: 'void java.lang.invoke.DirectMethodHandle$Holder.invokeStatic(java.lang.Object, long)'> (0x00000000886d3000) thrown at [./src/hotspot/share/interpreter/linkResolver.cpp, line 773]
Event: 22.103 Thread 0x000002bdd190b000 Exception <a 'java/lang/NoSuchMethodError'{0x00000000886d84c0}: 'java.lang.Object java.lang.invoke.DirectMethodHandle$Holder.invokeStatic(java.lang.Object, long)'> (0x00000000886d84c0) thrown at [./src/hotspot/share/interpreter/linkResolver.cpp, line 773]
Event: 22.107 Thread 0x000002bdd190b000 Exception <a 'java/lang/NoSuchMethodError'{0x00000000886e6828}: 'java.lang.Object java.lang.invoke.DirectMethodHandle$Holder.invokeStaticInit(java.lang.Object, java.lang.Object, long, java.lang.Object)'> (0x00000000886e6828) thrown at [./src/hotspot/share/interpreter/linkResolver.cpp, line 773]
Event: 22.109 Thread 0x000002bdd190b000 Exception <a 'java/lang/NoSuchMethodError'{0x00000000886ec9c0}: 'java.lang.Object java.lang.invoke.DirectMethodHandle$Holder.invokeStatic(java.lang.Object, java.lang.Object, long)'> (0x00000000886ec9c0) thrown at [./src/hotspot/share/interpreter/linkResolver.cpp, line 773]
Event: 22.132 Thread 0x000002bdd190b000 Exception <a 'java/lang/NoSuchMethodError'{0x00000000886f2f38}: 'java.lang.Object java.lang.invoke.Invokers$Holder.linkToTargetMethod(java.lang.Object, long, java.lang.Object)'> (0x00000000886f2f38) thrown at [./src/hotspot/share/interpreter/linkResolver.cpp, line 773]
Event: 22.518 Thread 0x000002bdd190b000 Exception <a 'java/lang/NoSuchMethodError'{0x0000000089864bf8}: 'int java.lang.invoke.DirectMethodHandle$Holder.invokeSpecialIFC(java.lang.Object, java.lang.Object, java.lang.Object)'> (0x0000000089864bf8) thrown at [./src/hotspot/share/interpreter/linkResolver.cpp, line 773]
Event: 22.793 Thread 0x000002bdd1912000 Exception <a 'java/lang/IncompatibleClassChangeError'{0x000000008b68daa0}: Found class java.lang.Object, but interface was expected> (0x000000008b68daa0) thrown at [./src/hotspot/share/interpreter/linkResolver.cpp, line 839]
Event: 23.047 Thread 0x000002bdcce05000 Exception <a 'java/lang/IncompatibleClassChangeError'{0x000000008bffae10}: Found class java.lang.Object, but interface was expected> (0x000000008bffae10) thrown at [./src/hotspot/share/interpreter/linkResolver.cpp, line 839]
Event: 23.047 Thread 0x000002bdd1917000 Exception <a 'java/lang/IncompatibleClassChangeError'{0x000000008be367d8}: Found class java.lang.Object, but interface was expected> (0x000000008be367d8) thrown at [./src/hotspot/share/interpreter/linkResolver.cpp, line 839]
Event: 23.047 Thread 0x000002bdd1919800 Exception <a 'java/lang/IncompatibleClassChangeError'{0x000000008be338e8}: Found class java.lang.Object, but interface was expected> (0x000000008be338e8) thrown at [./src/hotspot/share/interpreter/linkResolver.cpp, line 839]
Event: 23.048 Thread 0x000002bdd1914800 Exception <a 'java/lang/IncompatibleClassChangeError'{0x000000008be50508}: Found class java.lang.Object, but interface was expected> (0x000000008be50508) thrown at [./src/hotspot/share/interpreter/linkResolver.cpp, line 839]
Event: 23.048 Thread 0x000002bdd1919800 Exception <a 'java/lang/IncompatibleClassChangeError'{0x000000008be5b1c0}: Found class java.lang.Object, but interface was expected> (0x000000008be5b1c0) thrown at [./src/hotspot/share/interpreter/linkResolver.cpp, line 839]
Event: 23.048 Thread 0x000002bdd1912000 Exception <a 'java/lang/IncompatibleClassChangeError'{0x000000008be3bfc0}: Found class java.lang.Object, but interface was expected> (0x000000008be3bfc0) thrown at [./src/hotspot/share/interpreter/linkResolver.cpp, line 839]
Event: 23.049 Thread 0x000002bdcce05000 Exception <a 'java/lang/IncompatibleClassChangeError'{0x000000008be40648}: Found class java.lang.Object, but interface was expected> (0x000000008be40648) thrown at [./src/hotspot/share/interpreter/linkResolver.cpp, line 839]
Event: 23.049 Thread 0x000002bdd1917000 Exception <a 'java/lang/IncompatibleClassChangeError'{0x000000008be39198}: Found class java.lang.Object, but interface was expected> (0x000000008be39198) thrown at [./src/hotspot/share/interpreter/linkResolver.cpp, line 839]

Events (20 events):
Event: 23.123 loading class com/android/tools/r8/graph/T0 done
Event: 23.123 loading class com/android/tools/r8/graph/N2
Event: 23.123 loading class com/android/tools/r8/graph/N2 done
Event: 23.123 loading class com/android/tools/r8/graph/N2
Event: 23.123 loading class com/android/tools/r8/graph/N2 done
Event: 23.123 loading class com/android/tools/r8/graph/N2
Event: 23.123 loading class com/android/tools/r8/graph/N2 done
Event: 23.124 loading class com/android/tools/r8/graph/N2
Event: 23.124 loading class com/android/tools/r8/graph/N2 done
Event: 23.124 loading class com/android/tools/r8/internal/qK
Event: 23.124 loading class com/android/tools/r8/internal/qK done
Event: 23.125 loading class com/android/tools/r8/internal/vK
Event: 23.125 loading class com/android/tools/r8/internal/vK done
Event: 23.148 loading class com/android/tools/r8/internal/kl
Event: 23.148 loading class com/android/tools/r8/internal/kl done
Event: 23.245 Executing VM operation: G1CollectForAllocation
Event: 23.254 Executing VM operation: G1CollectForAllocation done
Event: 23.344 Executing VM operation: G1CollectForAllocation
Event: 23.353 Executing VM operation: G1CollectForAllocation done
Event: 23.390 Executing VM operation: G1CollectForAllocation


Dynamic libraries:
0x00007ff6c4bf0000 - 0x00007ff6c4bfa000 	I:\ android\jre\bin\java.exe
0x00007ff9fbc10000 - 0x00007ff9fbe24000 	C:\WINDOWS\SYSTEM32\ntdll.dll
0x00007ff9fa760000 - 0x00007ff9fa823000 	C:\WINDOWS\System32\KERNEL32.DLL
0x00007ff9f9150000 - 0x00007ff9f94ed000 	C:\WINDOWS\System32\KERNELBASE.dll
0x00007ff9f9680000 - 0x00007ff9f9791000 	C:\WINDOWS\System32\ucrtbase.dll
0x00007ff9e77e0000 - 0x00007ff9e77f7000 	I:\ android\jre\bin\VCRUNTIME140.dll
0x00007ff9e7bc0000 - 0x00007ff9e7bd9000 	I:\ android\jre\bin\jli.dll
0x00007ff9fb120000 - 0x00007ff9fb2cd000 	C:\WINDOWS\System32\USER32.dll
0x00007ff9e2d10000 - 0x00007ff9e2f9e000 	C:\WINDOWS\WinSxS\amd64_microsoft.windows.common-controls_6595b64144ccf1df_6.0.22621.608_none_a9444ca7c10bb01d\COMCTL32.dll
0x00007ff9f97a0000 - 0x00007ff9f97c6000 	C:\WINDOWS\System32\win32u.dll
0x00007ff9fa9e0000 - 0x00007ff9faa87000 	C:\WINDOWS\System32\msvcrt.dll
0x00007ff9fa930000 - 0x00007ff9fa959000 	C:\WINDOWS\System32\GDI32.dll
0x00007ff9f9030000 - 0x00007ff9f9142000 	C:\WINDOWS\System32\gdi32full.dll
0x00007ff9f94f0000 - 0x00007ff9f958a000 	C:\WINDOWS\System32\msvcp_win.dll
0x00007ff9fbae0000 - 0x00007ff9fbb12000 	C:\WINDOWS\System32\IMM32.DLL
0x00007ff9c61c0000 - 0x00007ff9c625d000 	I:\ android\jre\bin\msvcp140.dll
0x00007ff9afd20000 - 0x00007ff9b0822000 	I:\ android\jre\bin\server\jvm.dll
0x00007ff9fbb20000 - 0x00007ff9fbbce000 	C:\WINDOWS\System32\ADVAPI32.dll
0x00007ff9f9df0000 - 0x00007ff9f9e94000 	C:\WINDOWS\System32\sechost.dll
0x00007ff9fa5c0000 - 0x00007ff9fa6d5000 	C:\WINDOWS\System32\RPCRT4.dll
0x00007ff9f9a00000 - 0x00007ff9f9a08000 	C:\WINDOWS\System32\PSAPI.DLL
0x00007ff9e8710000 - 0x00007ff9e8719000 	C:\WINDOWS\SYSTEM32\WSOCK32.dll
0x00007ff9f6ae0000 - 0x00007ff9f6b14000 	C:\WINDOWS\SYSTEM32\WINMM.dll
0x00007ff9f0b90000 - 0x00007ff9f0b9a000 	C:\WINDOWS\SYSTEM32\VERSION.dll
0x00007ff9fa6e0000 - 0x00007ff9fa751000 	C:\WINDOWS\System32\WS2_32.dll
0x00007ff9f8180000 - 0x00007ff9f8198000 	C:\WINDOWS\SYSTEM32\kernel.appcore.dll
0x00007ff9e7c40000 - 0x00007ff9e7c51000 	I:\ android\jre\bin\verify.dll
0x00007ff9f68b0000 - 0x00007ff9f6ade000 	C:\WINDOWS\SYSTEM32\DBGHELP.DLL
0x00007ff9f9a60000 - 0x00007ff9f9dea000 	C:\WINDOWS\System32\combase.dll
0x00007ff9fa850000 - 0x00007ff9fa927000 	C:\WINDOWS\System32\OLEAUT32.dll
0x00007ff9f6870000 - 0x00007ff9f68a2000 	C:\WINDOWS\SYSTEM32\dbgcore.DLL
0x00007ff9f9590000 - 0x00007ff9f960b000 	C:\WINDOWS\System32\bcryptPrimitives.dll
0x00007ff9e7c10000 - 0x00007ff9e7c39000 	I:\ android\jre\bin\java.dll
0x00007ff9e7c00000 - 0x00007ff9e7c0b000 	I:\ android\jre\bin\jimage.dll
0x00007ff9e7be0000 - 0x00007ff9e7bf8000 	I:\ android\jre\bin\zip.dll
0x00007ff9fb2f0000 - 0x00007ff9fbadf000 	C:\WINDOWS\System32\SHELL32.dll
0x00007ff9f7060000 - 0x00007ff9f7928000 	C:\WINDOWS\SYSTEM32\windows.storage.dll
0x00007ff9f6f20000 - 0x00007ff9f705e000 	C:\WINDOWS\SYSTEM32\wintypes.dll
0x00007ff9fab50000 - 0x00007ff9fac41000 	C:\WINDOWS\System32\SHCORE.dll
0x00007ff9fad60000 - 0x00007ff9fadbe000 	C:\WINDOWS\System32\shlwapi.dll
0x00007ff9f8f60000 - 0x00007ff9f8f81000 	C:\WINDOWS\SYSTEM32\profapi.dll
0x00007ff9e7ba0000 - 0x00007ff9e7bba000 	I:\ android\jre\bin\net.dll
0x00007ff9efdb0000 - 0x00007ff9efedf000 	C:\WINDOWS\SYSTEM32\WINHTTP.dll
0x00007ff9f85e0000 - 0x00007ff9f8649000 	C:\WINDOWS\system32\mswsock.dll
0x00007ff9e7b80000 - 0x00007ff9e7b94000 	I:\ android\jre\bin\nio.dll
0x00007ff9ce3e0000 - 0x00007ff9ce407000 	C:\Users\Parth\.gradle\native\e1d6ef7f7dcc3fd88c89a11ec53ec762bb8ba0a96d01ffa2cd45eb1d1d8dd5c5\windows-amd64\native-platform.dll
0x00007ff9c4130000 - 0x00007ff9c4274000 	C:\Users\Parth\.gradle\native\0d407fdbe67a94daf76414ababcb853783967236a71b16ec16e742cd7a986fd3\windows-amd64\native-platform-file-events.dll
0x00007ff9e7b70000 - 0x00007ff9e7b7a000 	I:\ android\jre\bin\management.dll
0x00007ff9e7b60000 - 0x00007ff9e7b6d000 	I:\ android\jre\bin\management_ext.dll
0x00007ff9f8830000 - 0x00007ff9f884b000 	C:\WINDOWS\SYSTEM32\CRYPTSP.dll
0x00007ff9f80f0000 - 0x00007ff9f8125000 	C:\WINDOWS\system32\rsaenh.dll
0x00007ff9f86d0000 - 0x00007ff9f86f8000 	C:\WINDOWS\SYSTEM32\USERENV.dll
0x00007ff9f89d0000 - 0x00007ff9f89f8000 	C:\WINDOWS\SYSTEM32\bcrypt.dll
0x00007ff9f8850000 - 0x00007ff9f885c000 	C:\WINDOWS\SYSTEM32\CRYPTBASE.dll
0x00007ff9f7c40000 - 0x00007ff9f7c6d000 	C:\WINDOWS\SYSTEM32\IPHLPAPI.DLL
0x00007ff9fa5b0000 - 0x00007ff9fa5b9000 	C:\WINDOWS\System32\NSI.dll
0x00007ff9efd90000 - 0x00007ff9efda9000 	C:\WINDOWS\SYSTEM32\dhcpcsvc6.DLL
0x00007ff9efd10000 - 0x00007ff9efd2f000 	C:\WINDOWS\SYSTEM32\dhcpcsvc.DLL
0x00007ff9f7c70000 - 0x00007ff9f7d62000 	C:\WINDOWS\SYSTEM32\DNSAPI.dll

dbghelp: loaded successfully - version: 4.0.5 - missing functions: none
symbol engine: initialized successfully - sym options: 0x614 - pdb path: .;I:\ android\jre\bin;C:\WINDOWS\SYSTEM32;C:\WINDOWS\WinSxS\amd64_microsoft.windows.common-controls_6595b64144ccf1df_6.0.22621.608_none_a9444ca7c10bb01d;I:\ android\jre\bin\server;C:\Users\Parth\.gradle\native\e1d6ef7f7dcc3fd88c89a11ec53ec762bb8ba0a96d01ffa2cd45eb1d1d8dd5c5\windows-amd64;C:\Users\Parth\.gradle\native\0d407fdbe67a94daf76414ababcb853783967236a71b16ec16e742cd7a986fd3\windows-amd64

VM Arguments:
jvm_args: --add-opens=java.base/java.util=ALL-UNNAMED --add-opens=java.base/java.lang=ALL-UNNAMED --add-opens=java.base/java.lang.invoke=ALL-UNNAMED --add-opens=java.base/java.util=ALL-UNNAMED --add-opens=java.prefs/java.util.prefs=ALL-UNNAMED --add-opens=java.prefs/java.util.prefs=ALL-UNNAMED --add-opens=java.base/java.nio.charset=ALL-UNNAMED --add-opens=java.base/java.net=ALL-UNNAMED --add-opens=java.base/java.util.concurrent.atomic=ALL-UNNAMED -Xmx2048m -Dfile.encoding=UTF-8 -Duser.country=IN -Duser.language=en -Duser.variant 
java_command: org.gradle.launcher.daemon.bootstrap.GradleDaemon 7.4
java_class_path (initial): C:\Users\Parth\.gradle\wrapper\dists\gradle-7.4-bin\c0gwcg53nkjbqw7r0h0umtfvt\gradle-7.4\lib\gradle-launcher-7.4.jar
Launcher Type: SUN_STANDARD

[Global flags]
     intx CICompilerCount                          = 4                                         {product} {ergonomic}
     uint ConcGCThreads                            = 2                                         {product} {ergonomic}
     uint G1ConcRefinementThreads                  = 8                                         {product} {ergonomic}
   size_t G1HeapRegionSize                         = 1048576                                   {product} {ergonomic}
    uintx GCDrainStackTargetSize                   = 64                                        {product} {ergonomic}
   size_t InitialHeapSize                          = 132120576                                 {product} {ergonomic}
   size_t MarkStackSize                            = 4194304                                   {product} {ergonomic}
   size_t MaxHeapSize                              = 2147483648                                {product} {command line}
   size_t MaxNewSize                               = 1287651328                                {product} {ergonomic}
   size_t MinHeapDeltaBytes                        = 1048576                                   {product} {ergonomic}
    uintx NonNMethodCodeHeapSize                   = 5836300                                {pd product} {ergonomic}
    uintx NonProfiledCodeHeapSize                  = 122910970                              {pd product} {ergonomic}
    uintx ProfiledCodeHeapSize                     = 122910970                              {pd product} {ergonomic}
    uintx ReservedCodeCacheSize                    = 251658240                              {pd product} {ergonomic}
     bool SegmentedCodeCache                       = true                                      {product} {ergonomic}
     bool UseCompressedClassPointers               = true                                 {lp64_product} {ergonomic}
     bool UseCompressedOops                        = true                                 {lp64_product} {ergonomic}
     bool UseG1GC                                  = true                                      {product} {ergonomic}
     bool UseLargePagesIndividualAllocation        = false                                  {pd product} {ergonomic}

Logging:
Log output configuration:
 #0: stdout all=warning uptime,level,tags
 #1: stderr all=off uptime,level,tags

Environment Variables:
PATH=C:\Windows\system32;C:\Windows;C:\Windows\System32\Wbem;C:\Windows\System32\WindowsPowerShell\v1.0\;C:\Windows\System32\OpenSSH\;C:\Program Files (x86)\dotnet\;C:\Program Files\NVIDIA Corporation\NVIDIA NvDLISR;C:\Program Files (x86)\NVIDIA Corporation\PhysX\Common;C:\WINDOWS\system32;C:\WINDOWS;C:\WINDOWS\System32\Wbem;C:\WINDOWS\System32\WindowsPowerShell\v1.0\;C:\WINDOWS\System32\OpenSSH\;C:\Program Files\dotnet\;C:\Program Files\Cloudflare\Cloudflare WARP\;C:\Users\Parth\AppData\Local\Programs\Python\Python39\Scripts\;C:\Users\Parth\AppData\Local\Programs\Python\Python39\;C:\Users\Parth\AppData\Local\Microsoft\WindowsApps;C:\Users\Parth\AppData\Local\GitHubDesktop\bin
USERNAME=Parth
OS=Windows_NT
PROCESSOR_IDENTIFIER=Intel64 Family 6 Model 126 Stepping 5, GenuineIntel



---------------  S Y S T E M  ---------------

OS: Windows 11 , 64 bit Build 22621 (10.0.22621.963)
OS uptime: 1 days 4:37 hours

CPU:total 8 (initial active 8) (4 cores per cpu, 2 threads per core) family 6 model 126 stepping 5 microcode 0xb2, cmov, cx8, fxsr, mmx, sse, sse2, sse3, ssse3, sse4.1, sse4.2, popcnt, avx, avx2, aes, clmul, erms, 3dnowpref, lzcnt, ht, tsc, tscinvbit, bmi1, bmi2, adx, evex, sha, fma

Memory: 4k page, system-wide physical 7959M (347M free)
TotalPageFile size 32535M (AvailPageFile size 41M)
current process WorkingSet (physical memory assigned to process): 450M, peak: 452M
current process commit charge ("private bytes"): 503M, peak: 572M

vm_info: OpenJDK 64-Bit Server VM (11.0.13+0-b1751.21-8125866) for windows-amd64 JRE (11.0.13+0-b1751.21-8125866), built on Feb  2 2022 03:00:22 by "builder" with MS VC++ 14.0 (VS2015)

END.
