#
# There is insufficient memory for the Java Runtime Environment to continue.
# Native memory allocation (malloc) failed to allocate 32744 bytes for ChunkPool::allocate
# Possible reasons:
#   The system is out of physical RAM or swap space
#   The process is running with CompressedOops enabled, and the Java Heap may be blocking the growth of the native heap
# Possible solutions:
#   Reduce memory load on the system
#   Increase physical memory or swap space
#   Check if swap backing store is full
#   Decrease Java heap size (-Xmx/-Xms)
#   Decrease number of Java threads
#   Decrease Java thread stack sizes (-Xss)
#   Set larger code cache with -XX:ReservedCodeCacheSize=
#   JVM is running with Unscaled Compressed Oops mode in which the Java heap is
#     placed in the first 4GB address space. The Java Heap base address is the
#     maximum limit for the native heap growth. Please use -XX:HeapBaseMinAddress
#     to set the Java Heap base and to place the Java Heap above 4GB virtual address.
# This output file may be truncated or incomplete.
#
#  Out of Memory Error (./src/hotspot/share/memory/arena.cpp:81), pid=18964, tid=13988
#
# JRE version: OpenJDK Runtime Environment (11.0.13) (build 11.0.13+0-b1751.21-8125866)
# Java VM: OpenJDK 64-Bit Server VM (11.0.13+0-b1751.21-8125866, mixed mode, tiered, compressed oops, g1 gc, windows-amd64)
# No core dump will be written. Minidumps are not enabled by default on client versions of Windows
#

---------------  S U M M A R Y ------------

Command Line: --add-opens=java.base/java.util=ALL-UNNAMED --add-opens=java.base/java.lang=ALL-UNNAMED --add-opens=java.base/java.lang.invoke=ALL-UNNAMED --add-opens=java.base/java.util=ALL-UNNAMED --add-opens=java.prefs/java.util.prefs=ALL-UNNAMED --add-opens=java.prefs/java.util.prefs=ALL-UNNAMED --add-opens=java.base/java.nio.charset=ALL-UNNAMED --add-opens=java.base/java.net=ALL-UNNAMED --add-opens=java.base/java.util.concurrent.atomic=ALL-UNNAMED -Xmx2048m -Dfile.encoding=UTF-8 -Duser.country=IN -Duser.language=en -Duser.variant org.gradle.launcher.daemon.bootstrap.GradleDaemon 7.4

Host: Intel(R) Core(TM) i5-1035G1 CPU @ 1.00GHz, 8 cores, 7G,  Windows 11 , 64 bit Build 22621 (10.0.22621.963)
Time: Wed Dec 21 02:26:57 2022 India Standard Time elapsed time: 120.857034 seconds (0d 0h 2m 0s)

---------------  T H R E A D  ---------------

Current thread (0x000001cd56612800):  JavaThread "C2 CompilerThread0" daemon [_thread_in_native, id=13988, stack(0x0000002a05000000,0x0000002a05100000)]


Current CompileTask:
C2: 120857 17318       4       org.gradle.internal.instantiation.generator.AbstractClassGenerator::inspectType (560 bytes)

Stack: [0x0000002a05000000,0x0000002a05100000]
Native frames: (J=compiled Java code, j=interpreted, Vv=VM code, C=native code)
V  [jvm.dll+0x6100fa]
V  [jvm.dll+0x747090]
V  [jvm.dll+0x7486ad]
V  [jvm.dll+0x748d83]
V  [jvm.dll+0x24ab48]
V  [jvm.dll+0xc075b]
V  [jvm.dll+0xc0a0c]
V  [jvm.dll+0x3644c6]
V  [jvm.dll+0x363d41]
V  [jvm.dll+0x363d84]
V  [jvm.dll+0x5084e4]
V  [jvm.dll+0x32b862]
V  [jvm.dll+0x32ad2a]
V  [jvm.dll+0x2032b2]
V  [jvm.dll+0x202437]
V  [jvm.dll+0x188e01]
V  [jvm.dll+0x21106b]
V  [jvm.dll+0x20f8c1]
V  [jvm.dll+0x70de0f]
V  [jvm.dll+0x706a75]
V  [jvm.dll+0x60ed66]
C  [ucrtbase.dll+0x29363]
C  [KERNEL32.DLL+0x126bd]
C  [ntdll.dll+0x5dfb8]


---------------  P R O C E S S  ---------------

Threads class SMR info:
_java_thread_list=0x000001cd566d45b0, length=53, elements={
0x000001cd3b7e8800, 0x000001cd55c92800, 0x000001cd55c96000, 0x000001cd56604800,
0x000001cd56605000, 0x000001cd56606000, 0x000001cd56612800, 0x000001cd55cb3800,
0x000001cd55cb7800, 0x000001cd56770800, 0x000001cd57b20800, 0x000001cd57e00800,
0x000001cd57941800, 0x000001cd57b78800, 0x000001cd5798e000, 0x000001cd58c99800,
0x000001cd58c9e000, 0x000001cd58c9b800, 0x000001cd58c98800, 0x000001cd58c9c800,
0x000001cd5baf5000, 0x000001cd5baf2800, 0x000001cd5baf3000, 0x000001cd5baf1000,
0x000001cd5baf6800, 0x000001cd5ba51000, 0x000001cd5ba50000, 0x000001cd5ba4f000,
0x000001cd5ba4c800, 0x000001cd5ba51800, 0x000001cd5ba4d800, 0x000001cd59b24000,
0x000001cd58e3c000, 0x000001cd589e2800, 0x000001cd589e0000, 0x000001cd59b29000,
0x000001cd5be5b800, 0x000001cd56d82800, 0x000001cd56d87800, 0x000001cd56d82000,
0x000001cd56d86000, 0x000001cd56d89800, 0x000001cd58e3f000, 0x000001cd58e3d800,
0x000001cd58e40000, 0x000001cd58e40800, 0x000001cd58e3b000, 0x000001cd58e41800,
0x000001cd58e42800, 0x000001cd58e3c800, 0x000001cd58e43000, 0x000001cd58e44000,
0x000001cd58e3e800
}

Java Threads: ( => current thread )
  0x000001cd3b7e8800 JavaThread "main" [_thread_blocked, id=24524, stack(0x0000002a04400000,0x0000002a04500000)]
  0x000001cd55c92800 JavaThread "Reference Handler" daemon [_thread_blocked, id=13004, stack(0x0000002a04b00000,0x0000002a04c00000)]
  0x000001cd55c96000 JavaThread "Finalizer" daemon [_thread_blocked, id=12092, stack(0x0000002a04c00000,0x0000002a04d00000)]
  0x000001cd56604800 JavaThread "Signal Dispatcher" daemon [_thread_blocked, id=6644, stack(0x0000002a04d00000,0x0000002a04e00000)]
  0x000001cd56605000 JavaThread "Attach Listener" daemon [_thread_blocked, id=23740, stack(0x0000002a04e00000,0x0000002a04f00000)]
  0x000001cd56606000 JavaThread "Service Thread" daemon [_thread_blocked, id=11860, stack(0x0000002a04f00000,0x0000002a05000000)]
=>0x000001cd56612800 JavaThread "C2 CompilerThread0" daemon [_thread_in_native, id=13988, stack(0x0000002a05000000,0x0000002a05100000)]
  0x000001cd55cb3800 JavaThread "C1 CompilerThread0" daemon [_thread_blocked, id=19356, stack(0x0000002a05100000,0x0000002a05200000)]
  0x000001cd55cb7800 JavaThread "Sweeper thread" daemon [_thread_blocked, id=23424, stack(0x0000002a05200000,0x0000002a05300000)]
  0x000001cd56770800 JavaThread "Common-Cleaner" daemon [_thread_blocked, id=14860, stack(0x0000002a05300000,0x0000002a05400000)]
  0x000001cd57b20800 JavaThread "Daemon health stats" [_thread_blocked, id=25656, stack(0x0000002a05900000,0x0000002a05a00000)]
  0x000001cd57e00800 JavaThread "Incoming local TCP Connector on port 52365" [_thread_in_native, id=9832, stack(0x0000002a05500000,0x0000002a05600000)]
  0x000001cd57941800 JavaThread "Daemon periodic checks" [_thread_blocked, id=19388, stack(0x0000002a05800000,0x0000002a05900000)]
  0x000001cd57b78800 JavaThread "Daemon" [_thread_blocked, id=16768, stack(0x0000002a05a00000,0x0000002a05b00000)]
  0x000001cd5798e000 JavaThread "Daemon worker" [_thread_in_native, id=22912, stack(0x0000002a05d00000,0x0000002a05e00000)]
  0x000001cd58c99800 JavaThread "Cache worker for journal cache (C:\Users\Parth\.gradle\caches\journal-1)" [_thread_blocked, id=3872, stack(0x0000002a06600000,0x0000002a06700000)]
  0x000001cd58c9e000 JavaThread "File lock request listener" [_thread_in_native, id=23664, stack(0x0000002a06700000,0x0000002a06800000)]
  0x000001cd58c9b800 JavaThread "Cache worker for file hash cache (C:\Users\Parth\.gradle\caches\7.4\fileHashes)" [_thread_blocked, id=24268, stack(0x0000002a06800000,0x0000002a06900000)]
  0x000001cd58c98800 JavaThread "File watcher server" daemon [_thread_in_native, id=2072, stack(0x0000002a06b00000,0x0000002a06c00000)]
  0x000001cd58c9c800 JavaThread "File watcher consumer" daemon [_thread_blocked, id=20896, stack(0x0000002a06c00000,0x0000002a06d00000)]
  0x000001cd5baf5000 JavaThread "Cache worker for execution history cache (C:\Users\Parth\.gradle\caches\7.4\executionHistory)" [_thread_blocked, id=12924, stack(0x0000002a07100000,0x0000002a07200000)]
  0x000001cd5baf2800 JavaThread "jar transforms" [_thread_blocked, id=9428, stack(0x0000002a07200000,0x0000002a07300000)]
  0x000001cd5baf3000 JavaThread "Cache worker for file content cache (C:\Users\Parth\.gradle\caches\7.4\fileContent)" [_thread_blocked, id=25576, stack(0x0000002a07300000,0x0000002a07400000)]
  0x000001cd5baf1000 JavaThread "jar transforms Thread 2" [_thread_blocked, id=16672, stack(0x0000002a07400000,0x0000002a07500000)]
  0x000001cd5baf6800 JavaThread "jar transforms Thread 3" [_thread_blocked, id=3976, stack(0x0000002a07600000,0x0000002a07700000)]
  0x000001cd5ba51000 JavaThread "jar transforms Thread 4" [_thread_blocked, id=14116, stack(0x0000002a0c800000,0x0000002a0c900000)]
  0x000001cd5ba50000 JavaThread "jar transforms Thread 5" [_thread_blocked, id=13852, stack(0x0000002a0c900000,0x0000002a0ca00000)]
  0x000001cd5ba4f000 JavaThread "jar transforms Thread 6" [_thread_blocked, id=16188, stack(0x0000002a0ca00000,0x0000002a0cb00000)]
  0x000001cd5ba4c800 JavaThread "jar transforms Thread 7" [_thread_blocked, id=24564, stack(0x0000002a0cb00000,0x0000002a0cc00000)]
  0x000001cd5ba51800 JavaThread "jar transforms Thread 8" [_thread_blocked, id=21156, stack(0x0000002a0cc00000,0x0000002a0cd00000)]
  0x000001cd5ba4d800 JavaThread "Memory manager" [_thread_blocked, id=748, stack(0x0000002a06a00000,0x0000002a06b00000)]
  0x000001cd59b24000 JavaThread "pool-3-thread-1" [_thread_blocked, id=25052, stack(0x0000002a0cf00000,0x0000002a0d000000)]
  0x000001cd58e3c000 JavaThread "Cache worker for Java compile cache (C:\Users\Parth\.gradle\caches\7.4\javaCompile)" [_thread_blocked, id=23028, stack(0x0000002a0e300000,0x0000002a0e400000)]
  0x000001cd589e2800 JavaThread "pool-7-thread-1" [_thread_blocked, id=12784, stack(0x0000002a0c600000,0x0000002a0c700000)]
  0x000001cd589e0000 JavaThread "included builds" [_thread_blocked, id=16976, stack(0x0000002a0ce00000,0x0000002a0cf00000)]
  0x000001cd59b29000 JavaThread "ForkJoinPool.commonPool-worker-3" daemon [_thread_blocked, id=25180, stack(0x0000002a0d100000,0x0000002a0d200000)]
  0x000001cd5be5b800 JavaThread "ForkJoinPool.commonPool-worker-5" daemon [_thread_blocked, id=14140, stack(0x0000002a0e600000,0x0000002a0e700000)]
  0x000001cd56d82800 JavaThread "ForkJoinPool.commonPool-worker-7" daemon [_thread_blocked, id=25728, stack(0x0000002a0ed00000,0x0000002a0ee00000)]
  0x000001cd56d87800 JavaThread "ForkJoinPool.commonPool-worker-9" daemon [_thread_blocked, id=9576, stack(0x0000002a0ee00000,0x0000002a0ef00000)]
  0x000001cd56d82000 JavaThread "ForkJoinPool.commonPool-worker-11" daemon [_thread_blocked, id=13728, stack(0x0000002a0ef00000,0x0000002a0f000000)]
  0x000001cd56d86000 JavaThread "ForkJoinPool.commonPool-worker-13" daemon [_thread_blocked, id=9396, stack(0x0000002a0f000000,0x0000002a0f100000)]
  0x000001cd56d89800 JavaThread "ForkJoinPool.commonPool-worker-15" daemon [_thread_blocked, id=1748, stack(0x0000002a0f100000,0x0000002a0f200000)]
  0x000001cd58e3f000 JavaThread "Handler for socket connection from /127.0.0.1:52365 to /127.0.0.1:52466" [_thread_in_native, id=24808, stack(0x0000002a04100000,0x0000002a04200000)]
  0x000001cd58e3d800 JavaThread "Cancel handler" [_thread_blocked, id=25332, stack(0x0000002a04200000,0x0000002a04300000)]
  0x000001cd58e40000 JavaThread "Asynchronous log dispatcher for DefaultDaemonConnection: socket connection from /127.0.0.1:52365 to /127.0.0.1:52466" [_thread_blocked, id=5980, stack(0x0000002a04300000,0x0000002a04400000)]
  0x000001cd58e40800 JavaThread "Stdin handler" [_thread_blocked, id=23472, stack(0x0000002a05b00000,0x0000002a05c00000)]
  0x000001cd58e3b000 JavaThread "Daemon client event forwarder" [_thread_blocked, id=11392, stack(0x0000002a05c00000,0x0000002a05d00000)]
  0x000001cd58e41800 JavaThread "Cache worker for checksums cache (I:\BudgetS\.gradle\7.4\checksums)" [_thread_blocked, id=10440, stack(0x0000002a05e00000,0x0000002a05f00000)]
  0x000001cd58e42800 JavaThread "Cache worker for cache directory md-rule (C:\Users\Parth\.gradle\caches\7.4\md-rule)" [_thread_blocked, id=14580, stack(0x0000002a05f00000,0x0000002a06000000)]
  0x000001cd58e3c800 JavaThread "Cache worker for file hash cache (I:\BudgetS\.gradle\7.4\fileHashes)" [_thread_blocked, id=25048, stack(0x0000002a06000000,0x0000002a06100000)]
  0x000001cd58e43000 JavaThread "Cache worker for cache directory md-supplier (C:\Users\Parth\.gradle\caches\7.4\md-supplier)" [_thread_blocked, id=21496, stack(0x0000002a06d00000,0x0000002a06e00000)]
  0x000001cd58e44000 JavaThread "Cache worker for dependencies-accessors (I:\BudgetS\.gradle\7.4\dependencies-accessors)" [_thread_blocked, id=4628, stack(0x0000002a06e00000,0x0000002a06f00000)]
  0x000001cd58e3e800 JavaThread "Cache worker for Build Output Cleanup Cache (I:\BudgetS\.gradle\buildOutputCleanup)" [_thread_blocked, id=3564, stack(0x0000002a06f00000,0x0000002a07000000)]

Other Threads:
  0x000001cd55c8d800 VMThread "VM Thread" [stack: 0x0000002a04a00000,0x0000002a04b00000] [id=4284]
  0x000001cd5677f800 WatcherThread [stack: 0x0000002a05400000,0x0000002a05500000] [id=12316]
  0x000001cd3b802000 GCTaskThread "GC Thread#0" [stack: 0x0000002a04500000,0x0000002a04600000] [id=16720]
  0x000001cd570fa800 GCTaskThread "GC Thread#1" [stack: 0x0000002a05600000,0x0000002a05700000] [id=11520]
  0x000001cd57062000 GCTaskThread "GC Thread#2" [stack: 0x0000002a05700000,0x0000002a05800000] [id=20880]
  0x000001cd592fb800 GCTaskThread "GC Thread#3" [stack: 0x0000002a06100000,0x0000002a06200000] [id=7336]
  0x000001cd59c57000 GCTaskThread "GC Thread#4" [stack: 0x0000002a06200000,0x0000002a06300000] [id=14736]
  0x000001cd58cda800 GCTaskThread "GC Thread#5" [stack: 0x0000002a06300000,0x0000002a06400000] [id=2260]
  0x000001cd59398000 GCTaskThread "GC Thread#6" [stack: 0x0000002a06400000,0x0000002a06500000] [id=13696]
  0x000001cd58120000 GCTaskThread "GC Thread#7" [stack: 0x0000002a06500000,0x0000002a06600000] [id=16868]
  0x000001cd3b834800 ConcurrentGCThread "G1 Main Marker" [stack: 0x0000002a04600000,0x0000002a04700000] [id=22036]
  0x000001cd3b836800 ConcurrentGCThread "G1 Conc#0" [stack: 0x0000002a04700000,0x0000002a04800000] [id=22784]
  0x000001cd5878f000 ConcurrentGCThread "G1 Conc#1" [stack: 0x0000002a06900000,0x0000002a06a00000] [id=11056]
  0x000001cd3b8bc800 ConcurrentGCThread "G1 Refine#0" [stack: 0x0000002a04800000,0x0000002a04900000] [id=5300]
  0x000001cd5ba7e000 ConcurrentGCThread "G1 Refine#1" [stack: 0x0000002a0da00000,0x0000002a0db00000] [id=15304]
  0x000001cd55ae2800 ConcurrentGCThread "G1 Young RemSet Sampling" [stack: 0x0000002a04900000,0x0000002a04a00000] [id=10276]

Threads with active compile tasks:
C2 CompilerThread0 121763 17318       4       org.gradle.internal.instantiation.generator.AbstractClassGenerator::inspectType (560 bytes)

VM state:not at safepoint (normal execution)

VM Mutex/Monitor currently owned by a thread: None

Heap address: 0x0000000080000000, size: 2048 MB, Compressed Oops mode: 32-bit
Narrow klass base: 0x0000000000000000, Narrow klass shift: 3
Compressed class space size: 1073741824 Address: 0x0000000100000000

Heap:
 garbage-first heap   total 187392K, used 151661K [0x0000000080000000, 0x0000000100000000)
  region size 1024K, 27 young (27648K), 2 survivors (2048K)
 Metaspace       used 126661K, capacity 131303K, committed 131408K, reserved 1163264K
  class space    used 16394K, capacity 18225K, committed 18304K, reserved 1048576K
Heap Regions: E=young(eden), S=young(survivor), O=old, HS=humongous(starts), HC=humongous(continues), CS=collection set, F=free, A=archive, TAMS=top-at-mark-start (previous, next)
|   0|0x0000000080000000, 0x0000000080100000, 0x0000000080100000|100%| O|  |TAMS 0x0000000080100000, 0x0000000080000000| Untracked 
|   1|0x0000000080100000, 0x0000000080200000, 0x0000000080200000|100%| O|  |TAMS 0x0000000080200000, 0x0000000080100000| Untracked 
|   2|0x0000000080200000, 0x0000000080300000, 0x0000000080300000|100%| O|  |TAMS 0x0000000080300000, 0x0000000080200000| Untracked 
|   3|0x0000000080300000, 0x0000000080400000, 0x0000000080400000|100%|HS|  |TAMS 0x0000000080400000, 0x0000000080300000| Complete 
|   4|0x0000000080400000, 0x0000000080500000, 0x0000000080500000|100%|HC|  |TAMS 0x0000000080500000, 0x0000000080400000| Complete 
|   5|0x0000000080500000, 0x0000000080600000, 0x0000000080600000|100%|HC|  |TAMS 0x0000000080600000, 0x0000000080500000| Complete 
|   6|0x0000000080600000, 0x0000000080700000, 0x0000000080700000|100%| O|  |TAMS 0x0000000080700000, 0x0000000080600000| Untracked 
|   7|0x0000000080700000, 0x0000000080800000, 0x0000000080800000|100%| O|  |TAMS 0x0000000080800000, 0x0000000080700000| Untracked 
|   8|0x0000000080800000, 0x0000000080900000, 0x0000000080900000|100%| O|  |TAMS 0x0000000080900000, 0x0000000080800000| Untracked 
|   9|0x0000000080900000, 0x0000000080a00000, 0x0000000080a00000|100%| O|  |TAMS 0x0000000080a00000, 0x0000000080900000| Untracked 
|  10|0x0000000080a00000, 0x0000000080b00000, 0x0000000080b00000|100%| O|  |TAMS 0x0000000080b00000, 0x0000000080a00000| Untracked 
|  11|0x0000000080b00000, 0x0000000080c00000, 0x0000000080c00000|100%| O|  |TAMS 0x0000000080c00000, 0x0000000080b00000| Untracked 
|  12|0x0000000080c00000, 0x0000000080d00000, 0x0000000080d00000|100%| O|  |TAMS 0x0000000080d00000, 0x0000000080c00000| Untracked 
|  13|0x0000000080d00000, 0x0000000080e00000, 0x0000000080e00000|100%| O|  |TAMS 0x0000000080e00000, 0x0000000080d00000| Untracked 
|  14|0x0000000080e00000, 0x0000000080f00000, 0x0000000080f00000|100%| O|  |TAMS 0x0000000080f00000, 0x0000000080e00000| Untracked 
|  15|0x0000000080f00000, 0x0000000081000000, 0x0000000081000000|100%| O|  |TAMS 0x0000000081000000, 0x0000000080f00000| Untracked 
|  16|0x0000000081000000, 0x0000000081100000, 0x0000000081100000|100%|HS|  |TAMS 0x0000000081100000, 0x0000000081000000| Complete 
|  17|0x0000000081100000, 0x0000000081200000, 0x0000000081200000|100%| O|  |TAMS 0x0000000081200000, 0x0000000081100000| Untracked 
|  18|0x0000000081200000, 0x0000000081300000, 0x0000000081300000|100%| O|  |TAMS 0x0000000081300000, 0x0000000081200000| Untracked 
|  19|0x0000000081300000, 0x0000000081400000, 0x0000000081400000|100%| O|  |TAMS 0x0000000081400000, 0x0000000081300000| Untracked 
|  20|0x0000000081400000, 0x0000000081500000, 0x0000000081500000|100%| O|  |TAMS 0x0000000081500000, 0x0000000081400000| Untracked 
|  21|0x0000000081500000, 0x0000000081600000, 0x0000000081600000|100%| O|  |TAMS 0x0000000081600000, 0x0000000081500000| Untracked 
|  22|0x0000000081600000, 0x0000000081700000, 0x0000000081700000|100%| O|  |TAMS 0x0000000081700000, 0x0000000081600000| Untracked 
|  23|0x0000000081700000, 0x0000000081800000, 0x0000000081800000|100%| O|  |TAMS 0x0000000081800000, 0x0000000081700000| Untracked 
|  24|0x0000000081800000, 0x0000000081900000, 0x0000000081900000|100%| O|  |TAMS 0x0000000081900000, 0x0000000081800000| Untracked 
|  25|0x0000000081900000, 0x0000000081a00000, 0x0000000081a00000|100%| O|  |TAMS 0x0000000081a00000, 0x0000000081900000| Untracked 
|  26|0x0000000081a00000, 0x0000000081b00000, 0x0000000081b00000|100%| O|  |TAMS 0x0000000081b00000, 0x0000000081a00000| Untracked 
|  27|0x0000000081b00000, 0x0000000081c00000, 0x0000000081c00000|100%| O|  |TAMS 0x0000000081c00000, 0x0000000081b00000| Untracked 
|  28|0x0000000081c00000, 0x0000000081d00000, 0x0000000081d00000|100%|HS|  |TAMS 0x0000000081d00000, 0x0000000081c00000| Complete 
|  29|0x0000000081d00000, 0x0000000081e00000, 0x0000000081e00000|100%|HS|  |TAMS 0x0000000081e00000, 0x0000000081d00000| Complete 
|  30|0x0000000081e00000, 0x0000000081f00000, 0x0000000081f00000|100%|HC|  |TAMS 0x0000000081f00000, 0x0000000081e00000| Complete 
|  31|0x0000000081f00000, 0x0000000082000000, 0x0000000082000000|100%| O|  |TAMS 0x0000000082000000, 0x0000000081f00000| Untracked 
|  32|0x0000000082000000, 0x0000000082100000, 0x0000000082100000|100%| O|  |TAMS 0x0000000082100000, 0x0000000082000000| Untracked 
|  33|0x0000000082100000, 0x0000000082200000, 0x0000000082200000|100%| O|  |TAMS 0x0000000082200000, 0x0000000082100000| Untracked 
|  34|0x0000000082200000, 0x0000000082300000, 0x0000000082300000|100%| O|  |TAMS 0x0000000082300000, 0x0000000082200000| Untracked 
|  35|0x0000000082300000, 0x0000000082400000, 0x0000000082400000|100%| O|  |TAMS 0x0000000082400000, 0x0000000082300000| Untracked 
|  36|0x0000000082400000, 0x0000000082500000, 0x0000000082500000|100%| O|  |TAMS 0x0000000082500000, 0x0000000082400000| Untracked 
|  37|0x0000000082500000, 0x0000000082600000, 0x0000000082600000|100%| O|  |TAMS 0x0000000082600000, 0x0000000082500000| Untracked 
|  38|0x0000000082600000, 0x0000000082700000, 0x0000000082700000|100%| O|  |TAMS 0x0000000082700000, 0x0000000082600000| Untracked 
|  39|0x0000000082700000, 0x0000000082800000, 0x0000000082800000|100%| O|  |TAMS 0x0000000082800000, 0x0000000082700000| Untracked 
|  40|0x0000000082800000, 0x0000000082900000, 0x0000000082900000|100%| O|  |TAMS 0x0000000082900000, 0x0000000082800000| Untracked 
|  41|0x0000000082900000, 0x0000000082a00000, 0x0000000082a00000|100%| O|  |TAMS 0x0000000082a00000, 0x0000000082900000| Untracked 
|  42|0x0000000082a00000, 0x0000000082b00000, 0x0000000082b00000|100%| O|  |TAMS 0x0000000082b00000, 0x0000000082a00000| Untracked 
|  43|0x0000000082b00000, 0x0000000082c00000, 0x0000000082c00000|100%| O|  |TAMS 0x0000000082c00000, 0x0000000082b00000| Untracked 
|  44|0x0000000082c00000, 0x0000000082d00000, 0x0000000082d00000|100%| O|  |TAMS 0x0000000082d00000, 0x0000000082c00000| Untracked 
|  45|0x0000000082d00000, 0x0000000082e00000, 0x0000000082e00000|100%| O|  |TAMS 0x0000000082e00000, 0x0000000082d00000| Untracked 
|  46|0x0000000082e00000, 0x0000000082f00000, 0x0000000082f00000|100%| O|  |TAMS 0x0000000082f00000, 0x0000000082e00000| Untracked 
|  47|0x0000000082f00000, 0x0000000083000000, 0x0000000083000000|100%| O|  |TAMS 0x0000000083000000, 0x0000000082f00000| Untracked 
|  48|0x0000000083000000, 0x0000000083100000, 0x0000000083100000|100%| O|  |TAMS 0x0000000083100000, 0x0000000083000000| Untracked 
|  49|0x0000000083100000, 0x0000000083200000, 0x0000000083200000|100%| O|  |TAMS 0x0000000083200000, 0x0000000083100000| Untracked 
|  50|0x0000000083200000, 0x0000000083300000, 0x0000000083300000|100%| O|  |TAMS 0x0000000083300000, 0x0000000083200000| Untracked 
|  51|0x0000000083300000, 0x0000000083400000, 0x0000000083400000|100%| O|  |TAMS 0x0000000083400000, 0x0000000083300000| Untracked 
|  52|0x0000000083400000, 0x0000000083500000, 0x0000000083500000|100%| O|  |TAMS 0x0000000083500000, 0x0000000083400000| Untracked 
|  53|0x0000000083500000, 0x0000000083600000, 0x0000000083600000|100%| O|  |TAMS 0x0000000083600000, 0x0000000083500000| Untracked 
|  54|0x0000000083600000, 0x0000000083700000, 0x0000000083700000|100%| O|  |TAMS 0x0000000083700000, 0x0000000083600000| Untracked 
|  55|0x0000000083700000, 0x0000000083800000, 0x0000000083800000|100%| O|  |TAMS 0x0000000083800000, 0x0000000083700000| Untracked 
|  56|0x0000000083800000, 0x0000000083900000, 0x0000000083900000|100%| O|  |TAMS 0x0000000083900000, 0x0000000083800000| Untracked 
|  57|0x0000000083900000, 0x0000000083a00000, 0x0000000083a00000|100%| O|  |TAMS 0x0000000083a00000, 0x0000000083900000| Untracked 
|  58|0x0000000083a00000, 0x0000000083b00000, 0x0000000083b00000|100%| O|  |TAMS 0x0000000083b00000, 0x0000000083a00000| Untracked 
|  59|0x0000000083b00000, 0x0000000083c00000, 0x0000000083c00000|100%| O|  |TAMS 0x0000000083c00000, 0x0000000083b00000| Untracked 
|  60|0x0000000083c00000, 0x0000000083d00000, 0x0000000083d00000|100%| O|  |TAMS 0x0000000083d00000, 0x0000000083c00000| Untracked 
|  61|0x0000000083d00000, 0x0000000083e00000, 0x0000000083e00000|100%| O|  |TAMS 0x0000000083e00000, 0x0000000083d00000| Untracked 
|  62|0x0000000083e00000, 0x0000000083f00000, 0x0000000083f00000|100%| O|  |TAMS 0x0000000083f00000, 0x0000000083e00000| Untracked 
|  63|0x0000000083f00000, 0x0000000084000000, 0x0000000084000000|100%| O|  |TAMS 0x0000000084000000, 0x0000000083f00000| Untracked 
|  64|0x0000000084000000, 0x0000000084100000, 0x0000000084100000|100%| O|  |TAMS 0x0000000084100000, 0x0000000084000000| Untracked 
|  65|0x0000000084100000, 0x0000000084200000, 0x0000000084200000|100%| O|  |TAMS 0x0000000084200000, 0x0000000084100000| Untracked 
|  66|0x0000000084200000, 0x0000000084300000, 0x0000000084300000|100%| O|  |TAMS 0x0000000084300000, 0x0000000084200000| Untracked 
|  67|0x0000000084300000, 0x0000000084400000, 0x0000000084400000|100%| O|  |TAMS 0x0000000084400000, 0x0000000084300000| Untracked 
|  68|0x0000000084400000, 0x0000000084500000, 0x0000000084500000|100%| O|  |TAMS 0x0000000084500000, 0x0000000084400000| Untracked 
|  69|0x0000000084500000, 0x0000000084600000, 0x0000000084600000|100%| O|  |TAMS 0x0000000084600000, 0x0000000084500000| Untracked 
|  70|0x0000000084600000, 0x0000000084700000, 0x0000000084700000|100%| O|  |TAMS 0x0000000084700000, 0x0000000084600000| Untracked 
|  71|0x0000000084700000, 0x0000000084800000, 0x0000000084800000|100%| O|  |TAMS 0x0000000084800000, 0x0000000084700000| Untracked 
|  72|0x0000000084800000, 0x0000000084900000, 0x0000000084900000|100%| O|  |TAMS 0x0000000084900000, 0x0000000084800000| Untracked 
|  73|0x0000000084900000, 0x0000000084a00000, 0x0000000084a00000|100%| O|  |TAMS 0x0000000084a00000, 0x0000000084900000| Untracked 
|  74|0x0000000084a00000, 0x0000000084b00000, 0x0000000084b00000|100%| O|  |TAMS 0x0000000084b00000, 0x0000000084a00000| Untracked 
|  75|0x0000000084b00000, 0x0000000084c00000, 0x0000000084c00000|100%| O|  |TAMS 0x0000000084c00000, 0x0000000084b00000| Untracked 
|  76|0x0000000084c00000, 0x0000000084d00000, 0x0000000084d00000|100%| O|  |TAMS 0x0000000084c36c00, 0x0000000084c00000| Untracked 
|  77|0x0000000084d00000, 0x0000000084e00000, 0x0000000084e00000|100%| O|  |TAMS 0x0000000084d00000, 0x0000000084d00000| Untracked 
|  78|0x0000000084e00000, 0x0000000084f00000, 0x0000000084f00000|100%| O|  |TAMS 0x0000000084e00000, 0x0000000084e00000| Untracked 
|  79|0x0000000084f00000, 0x0000000085000000, 0x0000000085000000|100%| O|  |TAMS 0x0000000084f00000, 0x0000000084f00000| Untracked 
|  80|0x0000000085000000, 0x0000000085100000, 0x0000000085100000|100%| O|  |TAMS 0x0000000085100000, 0x0000000085000000| Untracked 
|  81|0x0000000085100000, 0x0000000085200000, 0x0000000085200000|100%| O|  |TAMS 0x0000000085100000, 0x0000000085100000| Untracked 
|  82|0x0000000085200000, 0x0000000085300000, 0x0000000085300000|100%|HS|  |TAMS 0x0000000085200000, 0x0000000085200000| Complete 
|  83|0x0000000085300000, 0x0000000085400000, 0x0000000085400000|100%|HC|  |TAMS 0x0000000085300000, 0x0000000085300000| Complete 
|  84|0x0000000085400000, 0x0000000085500000, 0x0000000085500000|100%| O|  |TAMS 0x0000000085400000, 0x0000000085400000| Untracked 
|  85|0x0000000085500000, 0x0000000085600000, 0x0000000085600000|100%| O|  |TAMS 0x0000000085500000, 0x0000000085500000| Untracked 
|  86|0x0000000085600000, 0x0000000085700000, 0x0000000085700000|100%| O|  |TAMS 0x0000000085600000, 0x0000000085600000| Untracked 
|  87|0x0000000085700000, 0x0000000085800000, 0x0000000085800000|100%| O|  |TAMS 0x0000000085700000, 0x0000000085700000| Untracked 
|  88|0x0000000085800000, 0x0000000085900000, 0x0000000085900000|100%| O|  |TAMS 0x0000000085800000, 0x0000000085800000| Untracked 
|  89|0x0000000085900000, 0x0000000085a00000, 0x0000000085a00000|100%| O|  |TAMS 0x0000000085900000, 0x0000000085900000| Untracked 
|  90|0x0000000085a00000, 0x0000000085b00000, 0x0000000085b00000|100%| O|  |TAMS 0x0000000085b00000, 0x0000000085a00000| Untracked 
|  91|0x0000000085b00000, 0x0000000085c00000, 0x0000000085c00000|100%| O|  |TAMS 0x0000000085c00000, 0x0000000085b00000| Untracked 
|  92|0x0000000085c00000, 0x0000000085d00000, 0x0000000085d00000|100%| O|  |TAMS 0x0000000085d00000, 0x0000000085c00000| Untracked 
|  93|0x0000000085d00000, 0x0000000085e00000, 0x0000000085e00000|100%| O|  |TAMS 0x0000000085e00000, 0x0000000085d00000| Untracked 
|  94|0x0000000085e00000, 0x0000000085f00000, 0x0000000085f00000|100%| O|  |TAMS 0x0000000085e00000, 0x0000000085e00000| Untracked 
|  95|0x0000000085f00000, 0x0000000086000000, 0x0000000086000000|100%| O|  |TAMS 0x0000000085f00000, 0x0000000085f00000| Untracked 
|  96|0x0000000086000000, 0x0000000086100000, 0x0000000086100000|100%| O|  |TAMS 0x0000000086000000, 0x0000000086000000| Untracked 
|  97|0x0000000086100000, 0x0000000086200000, 0x0000000086200000|100%| O|  |TAMS 0x0000000086100000, 0x0000000086100000| Untracked 
|  98|0x0000000086200000, 0x0000000086300000, 0x0000000086300000|100%| O|  |TAMS 0x0000000086200000, 0x0000000086200000| Untracked 
|  99|0x0000000086300000, 0x0000000086400000, 0x0000000086400000|100%| O|  |TAMS 0x0000000086300000, 0x0000000086300000| Untracked 
| 100|0x0000000086400000, 0x0000000086500000, 0x0000000086500000|100%| O|  |TAMS 0x0000000086400000, 0x0000000086400000| Untracked 
| 101|0x0000000086500000, 0x0000000086600000, 0x0000000086600000|100%| O|  |TAMS 0x0000000086500000, 0x0000000086500000| Untracked 
| 102|0x0000000086600000, 0x0000000086700000, 0x0000000086700000|100%| O|  |TAMS 0x0000000086700000, 0x0000000086600000| Untracked 
| 103|0x0000000086700000, 0x0000000086800000, 0x0000000086800000|100%| O|  |TAMS 0x0000000086700000, 0x0000000086700000| Untracked 
| 104|0x0000000086800000, 0x0000000086900000, 0x0000000086900000|100%| O|  |TAMS 0x0000000086800000, 0x0000000086800000| Untracked 
| 105|0x0000000086900000, 0x0000000086a00000, 0x0000000086a00000|100%| O|  |TAMS 0x0000000086900000, 0x0000000086900000| Untracked 
| 106|0x0000000086a00000, 0x0000000086b00000, 0x0000000086b00000|100%| O|  |TAMS 0x0000000086a00000, 0x0000000086a00000| Untracked 
| 107|0x0000000086b00000, 0x0000000086c00000, 0x0000000086c00000|100%| O|  |TAMS 0x0000000086b00000, 0x0000000086b00000| Untracked 
| 108|0x0000000086c00000, 0x0000000086d00000, 0x0000000086d00000|100%|HS|  |TAMS 0x0000000086c00000, 0x0000000086c00000| Complete 
| 109|0x0000000086d00000, 0x0000000086e00000, 0x0000000086e00000|100%| O|  |TAMS 0x0000000086d00000, 0x0000000086d00000| Untracked 
| 110|0x0000000086e00000, 0x0000000086f00000, 0x0000000086f00000|100%| O|  |TAMS 0x0000000086e00000, 0x0000000086e00000| Untracked 
| 111|0x0000000086f00000, 0x0000000086f68400, 0x0000000087000000| 40%| O|  |TAMS 0x0000000086f00000, 0x0000000086f00000| Untracked 
| 112|0x0000000087000000, 0x0000000087100000, 0x0000000087100000|100%|HS|  |TAMS 0x0000000087000000, 0x0000000087000000| Complete 
| 113|0x0000000087100000, 0x0000000087200000, 0x0000000087200000|100%|HC|  |TAMS 0x0000000087100000, 0x0000000087100000| Complete 
| 114|0x0000000087200000, 0x0000000087300000, 0x0000000087300000|100%|HS|  |TAMS 0x0000000087200000, 0x0000000087200000| Complete 
| 115|0x0000000087300000, 0x0000000087400000, 0x0000000087400000|100%|HC|  |TAMS 0x0000000087300000, 0x0000000087300000| Complete 
| 116|0x0000000087400000, 0x0000000087500000, 0x0000000087500000|100%|HS|  |TAMS 0x0000000087400000, 0x0000000087400000| Complete 
| 117|0x0000000087500000, 0x0000000087600000, 0x0000000087600000|100%|HC|  |TAMS 0x0000000087500000, 0x0000000087500000| Complete 
| 118|0x0000000087600000, 0x0000000087700000, 0x0000000087700000|100%|HS|  |TAMS 0x0000000087600000, 0x0000000087600000| Complete 
| 119|0x0000000087700000, 0x0000000087800000, 0x0000000087800000|100%|HC|  |TAMS 0x0000000087700000, 0x0000000087700000| Complete 
| 120|0x0000000087800000, 0x0000000087900000, 0x0000000087900000|100%|HS|  |TAMS 0x0000000087800000, 0x0000000087800000| Complete 
| 121|0x0000000087900000, 0x0000000087a00000, 0x0000000087a00000|100%|HC|  |TAMS 0x0000000087900000, 0x0000000087900000| Complete 
| 122|0x0000000087a00000, 0x0000000087b00000, 0x0000000087b00000|100%|HS|  |TAMS 0x0000000087a00000, 0x0000000087a00000| Complete 
| 123|0x0000000087b00000, 0x0000000087c00000, 0x0000000087c00000|100%|HC|  |TAMS 0x0000000087b00000, 0x0000000087b00000| Complete 
| 124|0x0000000087c00000, 0x0000000087c00000, 0x0000000087d00000|  0%| F|  |TAMS 0x0000000087c00000, 0x0000000087c00000| Untracked 
| 125|0x0000000087d00000, 0x0000000087d00000, 0x0000000087e00000|  0%| F|  |TAMS 0x0000000087d00000, 0x0000000087d00000| Untracked 
| 126|0x0000000087e00000, 0x0000000087e00000, 0x0000000087f00000|  0%| F|  |TAMS 0x0000000087e00000, 0x0000000087e00000| Untracked 
| 127|0x0000000087f00000, 0x0000000087f00000, 0x0000000088000000|  0%| F|  |TAMS 0x0000000087f00000, 0x0000000087f00000| Untracked 
| 128|0x0000000088000000, 0x0000000088000000, 0x0000000088100000|  0%| F|  |TAMS 0x0000000088000000, 0x0000000088000000| Untracked 
| 129|0x0000000088100000, 0x0000000088100000, 0x0000000088200000|  0%| F|  |TAMS 0x0000000088100000, 0x0000000088100000| Untracked 
| 130|0x0000000088200000, 0x0000000088200000, 0x0000000088300000|  0%| F|  |TAMS 0x0000000088200000, 0x0000000088200000| Untracked 
| 131|0x0000000088300000, 0x0000000088300000, 0x0000000088400000|  0%| F|  |TAMS 0x0000000088300000, 0x0000000088300000| Untracked 
| 132|0x0000000088400000, 0x0000000088400000, 0x0000000088500000|  0%| F|  |TAMS 0x0000000088400000, 0x0000000088400000| Untracked 
| 133|0x0000000088500000, 0x0000000088500000, 0x0000000088600000|  0%| F|  |TAMS 0x0000000088500000, 0x0000000088500000| Untracked 
| 134|0x0000000088600000, 0x0000000088600000, 0x0000000088700000|  0%| F|  |TAMS 0x0000000088600000, 0x0000000088600000| Untracked 
| 135|0x0000000088700000, 0x0000000088700000, 0x0000000088800000|  0%| F|  |TAMS 0x0000000088700000, 0x0000000088700000| Untracked 
| 136|0x0000000088800000, 0x0000000088800000, 0x0000000088900000|  0%| F|  |TAMS 0x0000000088800000, 0x0000000088800000| Untracked 
| 137|0x0000000088900000, 0x0000000088900000, 0x0000000088a00000|  0%| F|  |TAMS 0x0000000088900000, 0x0000000088900000| Untracked 
| 138|0x0000000088a00000, 0x0000000088a00000, 0x0000000088b00000|  0%| F|  |TAMS 0x0000000088a00000, 0x0000000088a00000| Untracked 
| 139|0x0000000088b00000, 0x0000000088b00000, 0x0000000088c00000|  0%| F|  |TAMS 0x0000000088b00000, 0x0000000088b00000| Untracked 
| 140|0x0000000088c00000, 0x0000000088cb3040, 0x0000000088d00000| 69%| S|CS|TAMS 0x0000000088c00000, 0x0000000088c00000| Complete 
| 141|0x0000000088d00000, 0x0000000088e00000, 0x0000000088e00000|100%| S|CS|TAMS 0x0000000088d00000, 0x0000000088d00000| Complete 
| 142|0x0000000088e00000, 0x0000000088e00000, 0x0000000088f00000|  0%| F|  |TAMS 0x0000000088e00000, 0x0000000088e00000| Untracked 
| 143|0x0000000088f00000, 0x0000000088f00000, 0x0000000089000000|  0%| F|  |TAMS 0x0000000088f00000, 0x0000000088f00000| Untracked 
| 144|0x0000000089000000, 0x0000000089000000, 0x0000000089100000|  0%| F|  |TAMS 0x0000000089000000, 0x0000000089000000| Untracked 
| 145|0x0000000089100000, 0x0000000089100000, 0x0000000089200000|  0%| F|  |TAMS 0x0000000089100000, 0x0000000089100000| Untracked 
| 146|0x0000000089200000, 0x0000000089200000, 0x0000000089300000|  0%| F|  |TAMS 0x0000000089200000, 0x0000000089200000| Untracked 
| 147|0x0000000089300000, 0x0000000089300000, 0x0000000089400000|  0%| F|  |TAMS 0x0000000089300000, 0x0000000089300000| Untracked 
| 148|0x0000000089400000, 0x0000000089400000, 0x0000000089500000|  0%| F|  |TAMS 0x0000000089400000, 0x0000000089400000| Untracked 
| 149|0x0000000089500000, 0x0000000089500000, 0x0000000089600000|  0%| F|  |TAMS 0x0000000089500000, 0x0000000089500000| Untracked 
| 150|0x0000000089600000, 0x0000000089600000, 0x0000000089700000|  0%| F|  |TAMS 0x0000000089600000, 0x0000000089600000| Untracked 
| 151|0x0000000089700000, 0x0000000089700000, 0x0000000089800000|  0%| F|  |TAMS 0x0000000089700000, 0x0000000089700000| Untracked 
| 152|0x0000000089800000, 0x0000000089800000, 0x0000000089900000|  0%| F|  |TAMS 0x0000000089800000, 0x0000000089800000| Untracked 
| 153|0x0000000089900000, 0x0000000089900000, 0x0000000089a00000|  0%| F|  |TAMS 0x0000000089900000, 0x0000000089900000| Untracked 
| 154|0x0000000089a00000, 0x0000000089a00000, 0x0000000089b00000|  0%| F|  |TAMS 0x0000000089a00000, 0x0000000089a00000| Untracked 
| 155|0x0000000089b00000, 0x0000000089b00000, 0x0000000089c00000|  0%| F|  |TAMS 0x0000000089b00000, 0x0000000089b00000| Untracked 
| 156|0x0000000089c00000, 0x0000000089c00000, 0x0000000089d00000|  0%| F|  |TAMS 0x0000000089c00000, 0x0000000089c00000| Untracked 
| 157|0x0000000089d00000, 0x0000000089d00000, 0x0000000089e00000|  0%| F|  |TAMS 0x0000000089d00000, 0x0000000089d00000| Untracked 
| 158|0x0000000089e00000, 0x0000000089e682c0, 0x0000000089f00000| 40%| E|  |TAMS 0x0000000089e00000, 0x0000000089e00000| Complete 
| 159|0x0000000089f00000, 0x000000008a000000, 0x000000008a000000|100%| E|CS|TAMS 0x0000000089f00000, 0x0000000089f00000| Complete 
| 160|0x000000008a000000, 0x000000008a100000, 0x000000008a100000|100%| E|CS|TAMS 0x000000008a000000, 0x000000008a000000| Complete 
| 161|0x000000008a100000, 0x000000008a200000, 0x000000008a200000|100%| E|CS|TAMS 0x000000008a100000, 0x000000008a100000| Complete 
| 162|0x000000008a200000, 0x000000008a300000, 0x000000008a300000|100%| E|CS|TAMS 0x000000008a200000, 0x000000008a200000| Complete 
| 163|0x000000008a300000, 0x000000008a400000, 0x000000008a400000|100%| E|CS|TAMS 0x000000008a300000, 0x000000008a300000| Complete 
| 164|0x000000008a400000, 0x000000008a500000, 0x000000008a500000|100%| E|CS|TAMS 0x000000008a400000, 0x000000008a400000| Complete 
| 165|0x000000008a500000, 0x000000008a600000, 0x000000008a600000|100%| E|CS|TAMS 0x000000008a500000, 0x000000008a500000| Complete 
| 166|0x000000008a600000, 0x000000008a700000, 0x000000008a700000|100%| E|CS|TAMS 0x000000008a600000, 0x000000008a600000| Complete 
| 167|0x000000008a700000, 0x000000008a800000, 0x000000008a800000|100%| E|CS|TAMS 0x000000008a700000, 0x000000008a700000| Complete 
| 168|0x000000008a800000, 0x000000008a900000, 0x000000008a900000|100%| E|CS|TAMS 0x000000008a800000, 0x000000008a800000| Complete 
| 169|0x000000008a900000, 0x000000008aa00000, 0x000000008aa00000|100%| E|CS|TAMS 0x000000008a900000, 0x000000008a900000| Complete 
| 170|0x000000008aa00000, 0x000000008ab00000, 0x000000008ab00000|100%| E|CS|TAMS 0x000000008aa00000, 0x000000008aa00000| Complete 
| 171|0x000000008ab00000, 0x000000008ac00000, 0x000000008ac00000|100%| E|CS|TAMS 0x000000008ab00000, 0x000000008ab00000| Complete 
| 172|0x000000008ac00000, 0x000000008ad00000, 0x000000008ad00000|100%| E|CS|TAMS 0x000000008ac00000, 0x000000008ac00000| Complete 
| 173|0x000000008ad00000, 0x000000008ae00000, 0x000000008ae00000|100%| E|CS|TAMS 0x000000008ad00000, 0x000000008ad00000| Complete 
| 174|0x000000008ae00000, 0x000000008af00000, 0x000000008af00000|100%| E|CS|TAMS 0x000000008ae00000, 0x000000008ae00000| Complete 
| 175|0x000000008af00000, 0x000000008b000000, 0x000000008b000000|100%| E|CS|TAMS 0x000000008af00000, 0x000000008af00000| Complete 
| 176|0x000000008b000000, 0x000000008b100000, 0x000000008b100000|100%| E|CS|TAMS 0x000000008b000000, 0x000000008b000000| Complete 
| 177|0x000000008b100000, 0x000000008b200000, 0x000000008b200000|100%| E|CS|TAMS 0x000000008b100000, 0x000000008b100000| Complete 
| 178|0x000000008b200000, 0x000000008b300000, 0x000000008b300000|100%| E|CS|TAMS 0x000000008b200000, 0x000000008b200000| Complete 
| 179|0x000000008b300000, 0x000000008b400000, 0x000000008b400000|100%| E|CS|TAMS 0x000000008b300000, 0x000000008b300000| Complete 
| 180|0x000000008b400000, 0x000000008b500000, 0x000000008b500000|100%| E|CS|TAMS 0x000000008b400000, 0x000000008b400000| Complete 
| 181|0x000000008b500000, 0x000000008b600000, 0x000000008b600000|100%| E|  |TAMS 0x000000008b500000, 0x000000008b500000| Complete 
| 182|0x000000008b600000, 0x000000008b700000, 0x000000008b700000|100%| E|CS|TAMS 0x000000008b600000, 0x000000008b600000| Complete 

Card table byte_map: [0x000001cd4ea30000,0x000001cd4ee30000] _byte_map_base: 0x000001cd4e630000

Marking Bits (Prev, Next): (CMBitMap*) 0x000001cd3b82bc10, (CMBitMap*) 0x000001cd3b82bbd8
 Prev Bits: [0x000001cd51230000, 0x000001cd53230000)
 Next Bits: [0x000001cd4f230000, 0x000001cd51230000)

Polling page: 0x000001cd3afc0000

Metaspace:

Usage:
  Non-class:    110.43 MB capacity,   107.68 MB ( 98%) used,     2.22 MB (  2%) free+waste,   538.25 KB ( <1%) overhead. 
      Class:     17.80 MB capacity,    16.01 MB ( 90%) used,     1.53 MB (  9%) free+waste,   266.50 KB (  1%) overhead. 
       Both:    128.23 MB capacity,   123.69 MB ( 96%) used,     3.75 MB (  3%) free+waste,   804.75 KB ( <1%) overhead. 

Virtual space:
  Non-class space:      112.00 MB reserved,     110.45 MB ( 99%) committed 
      Class space:        1.00 GB reserved,      17.88 MB (  2%) committed 
             Both:        1.11 GB reserved,     128.33 MB ( 11%) committed 

Chunk freelists:
   Non-Class:  0 bytes
       Class:  0 bytes
        Both:  0 bytes

MaxMetaspaceSize: 17179869184.00 GB
CompressedClassSpaceSize: 1.00 GB
Initial GC threshold: 20.80 MB
Current GC threshold: 157.63 MB
CDS: off

CodeHeap 'non-profiled nmethods': size=120000Kb used=10131Kb max_used=10131Kb free=109868Kb
 bounds [0x000001cd46dd0000, 0x000001cd477c0000, 0x000001cd4e300000]
CodeHeap 'profiled nmethods': size=120000Kb used=36654Kb max_used=36654Kb free=83345Kb
 bounds [0x000001cd3f8a0000, 0x000001cd41c70000, 0x000001cd46dd0000]
CodeHeap 'non-nmethods': size=5760Kb used=2456Kb max_used=2485Kb free=3303Kb
 bounds [0x000001cd3f300000, 0x000001cd3f580000, 0x000001cd3f8a0000]
 total_blobs=17881 nmethods=16902 adapters=890
 compilation: enabled
              stopped_count=0, restarted_count=0
 full_count=0

Compilation events (20 events):
Event: 120.645 Thread 0x000001cd56612800 nmethod 17303 0x000001cd477aba10 code [0x000001cd477abea0, 0x000001cd477af990]
Event: 120.645 Thread 0x000001cd56612800 17318       4       org.gradle.internal.instantiation.generator.AbstractClassGenerator::inspectType (560 bytes)
Event: 120.656 Thread 0x000001cd55cb3800 17334       3       org.gradle.api.internal.artifacts.dsl.CapabilityNotationParserFactory::<init> (10 bytes)
Event: 120.656 Thread 0x000001cd55cb3800 nmethod 17334 0x000001cd41c2e010 code [0x000001cd41c2e1c0, 0x000001cd41c2e318]
Event: 120.656 Thread 0x000001cd55cb3800 17335       3       org.gradle.api.internal.artifacts.dsl.CapabilityNotationParserFactory::create (17 bytes)
Event: 120.656 Thread 0x000001cd55cb3800 nmethod 17335 0x000001cd41c2e410 code [0x000001cd41c2e5c0, 0x000001cd41c2e738]
Event: 120.658 Thread 0x000001cd55cb3800 17337       3       jdk.internal.reflect.ClassFileAssembler::emitShort (38 bytes)
Event: 120.658 Thread 0x000001cd55cb3800 nmethod 17337 0x000001cd41c2e810 code [0x000001cd41c2ea00, 0x000001cd41c2ee18]
Event: 120.659 Thread 0x000001cd55cb3800 17338       3       jdk.internal.reflect.ClassFileAssembler::opc_aaload (11 bytes)
Event: 120.659 Thread 0x000001cd55cb3800 nmethod 17338 0x000001cd41c2f090 code [0x000001cd41c2f260, 0x000001cd41c2f4c8]
Event: 120.701 Thread 0x000001cd55cb3800 17339       1       java.nio.channels.FileLock::position (5 bytes)
Event: 120.701 Thread 0x000001cd55cb3800 nmethod 17339 0x000001cd477b1b10 code [0x000001cd477b1cc0, 0x000001cd477b1d78]
Event: 120.701 Thread 0x000001cd55cb3800 17340       1       java.nio.channels.FileLock::size (5 bytes)
Event: 120.701 Thread 0x000001cd55cb3800 nmethod 17340 0x000001cd477b1e10 code [0x000001cd477b1fc0, 0x000001cd477b2078]
Event: 120.701 Thread 0x000001cd55cb3800 17341       3       java.util.Arrays::equals (43 bytes)
Event: 120.702 Thread 0x000001cd55cb3800 nmethod 17341 0x000001cd41c2f610 code [0x000001cd41c2f7e0, 0x000001cd41c2fa88]
Event: 120.703 Thread 0x000001cd55cb3800 17342       3       jdk.internal.reflect.ClassFileAssembler::opc_aload_2 (24 bytes)
Event: 120.704 Thread 0x000001cd55cb3800 nmethod 17342 0x000001cd41c2fb90 code [0x000001cd41c2fd60, 0x000001cd41c300a8]
Event: 120.704 Thread 0x000001cd55cb3800 17343       1       org.gradle.internal.component.local.model.DefaultLocalComponentMetadata$DefaultLocalConfigurationMetadata::isExternalVariant (2 bytes)
Event: 120.704 Thread 0x000001cd55cb3800 nmethod 17343 0x000001cd477b2110 code [0x000001cd477b22c0, 0x000001cd477b2378]

GC Heap History (20 events):
Event: 34.738 GC heap before
{Heap before GC invocations=42 (full 0):
 garbage-first heap   total 187392K, used 131762K [0x0000000080000000, 0x0000000100000000)
  region size 1024K, 47 young (48128K), 1 survivors (1024K)
 Metaspace       used 94428K, capacity 96644K, committed 96848K, reserved 1132544K
  class space    used 11956K, capacity 12772K, committed 12928K, reserved 1048576K
}
Event: 34.746 GC heap after
{Heap after GC invocations=43 (full 0):
 garbage-first heap   total 187392K, used 89845K [0x0000000080000000, 0x0000000100000000)
  region size 1024K, 6 young (6144K), 6 survivors (6144K)
 Metaspace       used 94428K, capacity 96644K, committed 96848K, reserved 1132544K
  class space    used 11956K, capacity 12772K, committed 12928K, reserved 1048576K
}
Event: 35.392 GC heap before
{Heap before GC invocations=44 (full 0):
 garbage-first heap   total 187392K, used 136949K [0x0000000080000000, 0x0000000100000000)
  region size 1024K, 52 young (53248K), 6 survivors (6144K)
 Metaspace       used 95377K, capacity 97480K, committed 97616K, reserved 1134592K
  class space    used 12056K, capacity 12859K, committed 12928K, reserved 1048576K
}
Event: 35.398 GC heap after
{Heap after GC invocations=45 (full 0):
 garbage-first heap   total 187392K, used 90007K [0x0000000080000000, 0x0000000100000000)
  region size 1024K, 2 young (2048K), 2 survivors (2048K)
 Metaspace       used 95377K, capacity 97480K, committed 97616K, reserved 1134592K
  class space    used 12056K, capacity 12859K, committed 12928K, reserved 1048576K
}
Event: 36.924 GC heap before
{Heap before GC invocations=45 (full 0):
 garbage-first heap   total 187392K, used 141207K [0x0000000080000000, 0x0000000100000000)
  region size 1024K, 51 young (52224K), 2 survivors (2048K)
 Metaspace       used 101910K, capacity 104211K, committed 104400K, reserved 1140736K
  class space    used 12880K, capacity 13739K, committed 13824K, reserved 1048576K
}
Event: 36.931 GC heap after
{Heap after GC invocations=46 (full 0):
 garbage-first heap   total 187392K, used 98385K [0x0000000080000000, 0x0000000100000000)
  region size 1024K, 7 young (7168K), 7 survivors (7168K)
 Metaspace       used 101910K, capacity 104211K, committed 104400K, reserved 1140736K
  class space    used 12880K, capacity 13739K, committed 13824K, reserved 1048576K
}
Event: 38.641 GC heap before
{Heap before GC invocations=46 (full 0):
 garbage-first heap   total 187392K, used 143441K [0x0000000080000000, 0x0000000100000000)
  region size 1024K, 52 young (53248K), 7 survivors (7168K)
 Metaspace       used 106364K, capacity 108785K, committed 109008K, reserved 1144832K
  class space    used 13328K, capacity 14237K, committed 14336K, reserved 1048576K
}
Event: 38.648 GC heap after
{Heap after GC invocations=47 (full 0):
 garbage-first heap   total 187392K, used 97310K [0x0000000080000000, 0x0000000100000000)
  region size 1024K, 2 young (2048K), 2 survivors (2048K)
 Metaspace       used 106364K, capacity 108785K, committed 109008K, reserved 1144832K
  class space    used 13328K, capacity 14237K, committed 14336K, reserved 1048576K
}
Event: 93.469 GC heap before
{Heap before GC invocations=47 (full 0):
 garbage-first heap   total 187392K, used 144414K [0x0000000080000000, 0x0000000100000000)
  region size 1024K, 49 young (50176K), 2 survivors (2048K)
 Metaspace       used 108726K, capacity 111328K, committed 111440K, reserved 1146880K
  class space    used 13480K, capacity 14428K, committed 14464K, reserved 1048576K
}
Event: 93.475 GC heap after
{Heap after GC invocations=48 (full 0):
 garbage-first heap   total 187392K, used 101406K [0x0000000080000000, 0x0000000100000000)
  region size 1024K, 6 young (6144K), 6 survivors (6144K)
 Metaspace       used 108726K, capacity 111328K, committed 111440K, reserved 1146880K
  class space    used 13480K, capacity 14428K, committed 14464K, reserved 1048576K
}
Event: 94.791 GC heap before
{Heap before GC invocations=48 (full 0):
 garbage-first heap   total 187392K, used 148510K [0x0000000080000000, 0x0000000100000000)
  region size 1024K, 51 young (52224K), 6 survivors (6144K)
 Metaspace       used 109164K, capacity 111773K, committed 111952K, reserved 1146880K
  class space    used 13513K, capacity 14458K, committed 14464K, reserved 1048576K
}
Event: 94.801 GC heap after
{Heap after GC invocations=49 (full 0):
 garbage-first heap   total 187392K, used 105574K [0x0000000080000000, 0x0000000100000000)
  region size 1024K, 3 young (3072K), 3 survivors (3072K)
 Metaspace       used 109164K, capacity 111773K, committed 111952K, reserved 1146880K
  class space    used 13513K, capacity 14458K, committed 14464K, reserved 1048576K
}
Event: 95.583 GC heap before
{Heap before GC invocations=49 (full 0):
 garbage-first heap   total 187392K, used 152678K [0x0000000080000000, 0x0000000100000000)
  region size 1024K, 48 young (49152K), 3 survivors (3072K)
 Metaspace       used 113705K, capacity 116666K, committed 116944K, reserved 1150976K
  class space    used 14167K, capacity 15247K, committed 15360K, reserved 1048576K
}
Event: 95.593 GC heap after
{Heap after GC invocations=50 (full 0):
 garbage-first heap   total 187392K, used 109890K [0x0000000080000000, 0x0000000100000000)
  region size 1024K, 6 young (6144K), 6 survivors (6144K)
 Metaspace       used 113705K, capacity 116666K, committed 116944K, reserved 1150976K
  class space    used 14167K, capacity 15247K, committed 15360K, reserved 1048576K
}
Event: 96.180 GC heap before
{Heap before GC invocations=50 (full 0):
 garbage-first heap   total 187392K, used 150850K [0x0000000080000000, 0x0000000100000000)
  region size 1024K, 47 young (48128K), 6 survivors (6144K)
 Metaspace       used 120340K, capacity 124406K, committed 124624K, reserved 1157120K
  class space    used 15461K, capacity 17067K, committed 17152K, reserved 1048576K
}
Event: 96.190 GC heap after
{Heap after GC invocations=51 (full 0):
 garbage-first heap   total 187392K, used 114660K [0x0000000080000000, 0x0000000100000000)
  region size 1024K, 5 young (5120K), 5 survivors (5120K)
 Metaspace       used 120340K, capacity 124406K, committed 124624K, reserved 1157120K
  class space    used 15461K, capacity 17067K, committed 17152K, reserved 1048576K
}
Event: 96.738 GC heap before
{Heap before GC invocations=51 (full 0):
 garbage-first heap   total 187392K, used 153572K [0x0000000080000000, 0x0000000100000000)
  region size 1024K, 43 young (44032K), 5 survivors (5120K)
 Metaspace       used 122810K, capacity 127268K, committed 127440K, reserved 1159168K
  class space    used 15794K, capacity 17580K, committed 17664K, reserved 1048576K
}
Event: 96.743 GC heap after
{Heap after GC invocations=52 (full 0):
 garbage-first heap   total 187392K, used 114027K [0x0000000080000000, 0x0000000100000000)
  region size 1024K, 1 young (1024K), 1 survivors (1024K)
 Metaspace       used 122810K, capacity 127268K, committed 127440K, reserved 1159168K
  class space    used 15794K, capacity 17580K, committed 17664K, reserved 1048576K
}
Event: 100.279 GC heap before
{Heap before GC invocations=52 (full 0):
 garbage-first heap   total 187392K, used 154987K [0x0000000080000000, 0x0000000100000000)
  region size 1024K, 41 young (41984K), 1 survivors (1024K)
 Metaspace       used 125862K, capacity 130458K, committed 130512K, reserved 1161216K
  class space    used 16289K, capacity 18127K, committed 18176K, reserved 1048576K
}
Event: 100.282 GC heap after
{Heap after GC invocations=53 (full 0):
 garbage-first heap   total 187392K, used 114797K [0x0000000080000000, 0x0000000100000000)
  region size 1024K, 2 young (2048K), 2 survivors (2048K)
 Metaspace       used 125862K, capacity 130458K, committed 130512K, reserved 1161216K
  class space    used 16289K, capacity 18127K, committed 18176K, reserved 1048576K
}

Deoptimization events (20 events):
Event: 120.445 Thread 0x000001cd5798e000 DEOPT PACKING pc=0x000001cd474547a0 sp=0x0000002a05dfb710
Event: 120.445 Thread 0x000001cd5798e000 DEOPT UNPACKING pc=0x000001cd3f3085af sp=0x0000002a05dfb6b8 mode 2
Event: 120.445 Thread 0x000001cd5798e000 Uncommon trap: trap_request=0xffffffc6 fr.pc=0x000001cd474547a0 relative=0x00000000000005e0
Event: 120.445 Thread 0x000001cd5798e000 Uncommon trap: reason=bimorphic_or_optimized_type_check action=maybe_recompile pc=0x000001cd474547a0 method=org.gradle.internal.snapshot.MediumChildMap.withNode(Lorg/gradle/internal/snapshot/VfsRelativePath;Lorg/gradle/internal/snapshot/CaseSensitivity;Lo
Event: 120.445 Thread 0x000001cd5798e000 DEOPT PACKING pc=0x000001cd474547a0 sp=0x0000002a05dfb450
Event: 120.445 Thread 0x000001cd5798e000 DEOPT UNPACKING pc=0x000001cd3f3085af sp=0x0000002a05dfb3f8 mode 2
Event: 120.445 Thread 0x000001cd5798e000 Uncommon trap: trap_request=0xffffffc6 fr.pc=0x000001cd4733dec0 relative=0x0000000000000820
Event: 120.445 Thread 0x000001cd5798e000 Uncommon trap: reason=bimorphic_or_optimized_type_check action=maybe_recompile pc=0x000001cd4733dec0 method=java.util.stream.MatchOps$MatchOp.evaluateSequential(Ljava/util/stream/PipelineHelper;Ljava/util/Spliterator;)Ljava/lang/Boolean; @ 14 c2
Event: 120.445 Thread 0x000001cd5798e000 DEOPT PACKING pc=0x000001cd4733dec0 sp=0x0000002a05dfb550
Event: 120.445 Thread 0x000001cd5798e000 DEOPT UNPACKING pc=0x000001cd3f3085af sp=0x0000002a05dfb478 mode 2
Event: 120.533 Thread 0x000001cd5798e000 Uncommon trap: trap_request=0xffffffc6 fr.pc=0x000001cd474547a0 relative=0x00000000000005e0
Event: 120.533 Thread 0x000001cd5798e000 Uncommon trap: reason=bimorphic_or_optimized_type_check action=maybe_recompile pc=0x000001cd474547a0 method=org.gradle.internal.snapshot.MediumChildMap.withNode(Lorg/gradle/internal/snapshot/VfsRelativePath;Lorg/gradle/internal/snapshot/CaseSensitivity;Lo
Event: 120.533 Thread 0x000001cd5798e000 DEOPT PACKING pc=0x000001cd474547a0 sp=0x0000002a05df8c20
Event: 120.533 Thread 0x000001cd5798e000 DEOPT UNPACKING pc=0x000001cd3f3085af sp=0x0000002a05df8bc8 mode 2
Event: 120.556 Thread 0x000001cd5798e000 Uncommon trap: trap_request=0xffffffc6 fr.pc=0x000001cd474547a0 relative=0x00000000000005e0
Event: 120.556 Thread 0x000001cd5798e000 Uncommon trap: reason=bimorphic_or_optimized_type_check action=maybe_recompile pc=0x000001cd474547a0 method=org.gradle.internal.snapshot.MediumChildMap.withNode(Lorg/gradle/internal/snapshot/VfsRelativePath;Lorg/gradle/internal/snapshot/CaseSensitivity;Lo
Event: 120.556 Thread 0x000001cd5798e000 DEOPT PACKING pc=0x000001cd474547a0 sp=0x0000002a05df8c20
Event: 120.556 Thread 0x000001cd5798e000 DEOPT UNPACKING pc=0x000001cd3f3085af sp=0x0000002a05df8bc8 mode 2
Event: 120.595 Thread 0x000001cd5798e000 DEOPT PACKING pc=0x000001cd41a8037c sp=0x0000002a05df9530
Event: 120.595 Thread 0x000001cd5798e000 DEOPT UNPACKING pc=0x000001cd3f349d0e sp=0x0000002a05df8ad0 mode 0

Classes redefined (0 events):
No events

Internal exceptions (20 events):
Event: 97.094 Thread 0x000001cd5be5a000 Exception <a 'sun/nio/fs/WindowsException'{0x0000000089bb29e8}> (0x0000000089bb29e8) thrown at [./src/hotspot/share/prims/jni.cpp, line 616]
Event: 97.315 Thread 0x000001cd5be5c000 Exception <a 'sun/nio/fs/WindowsException'{0x00000000896dfe98}> (0x00000000896dfe98) thrown at [./src/hotspot/share/prims/jni.cpp, line 616]
Event: 97.325 Thread 0x000001cd5be5c000 Implicit null exception at 0x000001cd46f1a864 to 0x000001cd46f1e358
Event: 97.408 Thread 0x000001cd5be5c000 Exception <a 'java/lang/NoSuchMethodError'{0x00000000895937d0}: 'java.lang.Object java.lang.invoke.DirectMethodHandle$Holder.invokeStatic(java.lang.Object, java.lang.Object, java.lang.Object, java.lang.Object, java.lang.Object, int, java.lang.Object)'> (0x00000000895937d0) thrown at [./src/hotspot/share/interpreter/linkResolver.cpp, line 773]
Event: 97.410 Thread 0x000001cd5be5c000 Exception <a 'java/lang/NoSuchMethodError'{0x000000008959ab10}: 'java.lang.Object java.lang.invoke.Invokers$Holder.linkToTargetMethod(java.lang.Object, java.lang.Object, java.lang.Object, java.lang.Object, int, java.lang.Object, java.lang.Object)'> (0x000000008959ab10) thrown at [./src/hotspot/share/interpreter/linkResolver.cpp, line 773]
Event: 97.475 Thread 0x000001cd5be5c000 Exception <a 'java/lang/NoSuchMethodError'{0x00000000891852c0}: 'java.lang.Object java.lang.invoke.DirectMethodHandle$Holder.invokeStatic(java.lang.Object, java.lang.Object, java.lang.Object, java.lang.Object, java.lang.Object, java.lang.Object, java.lang.Object, int)'> (0x00000000891852c0) thrown at [./src/hotspot/share/interpreter/linkResolver.cpp, line 773]
Event: 97.475 Thread 0x000001cd5be5c000 Exception <a 'java/lang/NoSuchMethodError'{0x00000000891898e0}: 'java.lang.Object java.lang.invoke.DirectMethodHandle$Holder.invokeSpecial(java.lang.Object, java.lang.Object, java.lang.Object, java.lang.Object, java.lang.Object, java.lang.Object, java.lang.Object, java.lang.Object, int)'> (0x00000000891898e0) thrown at [./src/hotspot/share/interpreter/linkResolver.cpp, line 773]
Event: 97.475 Thread 0x000001cd5be5c000 Exception <a 'java/lang/NoSuchMethodError'{0x000000008918d868}: 'java.lang.Object java.lang.invoke.Invokers$Holder.linkToTargetMethod(java.lang.Object, java.lang.Object, java.lang.Object, java.lang.Object, java.lang.Object, java.lang.Object, int, java.lang.Object)'> (0x000000008918d868) thrown at [./src/hotspot/share/interpreter/linkResolver.cpp, line 773]
Event: 104.117 Thread 0x000001cd56d85000 Exception <a 'sun/nio/fs/WindowsException'{0x000000008ae01630}> (0x000000008ae01630) thrown at [./src/hotspot/share/prims/jni.cpp, line 616]
Event: 104.118 Thread 0x000001cd5798e000 Exception <a 'sun/nio/fs/WindowsException'{0x000000008afd8698}> (0x000000008afd8698) thrown at [./src/hotspot/share/prims/jni.cpp, line 616]
Event: 104.118 Thread 0x000001cd5798e000 Exception <a 'sun/nio/fs/WindowsException'{0x000000008afd8718}> (0x000000008afd8718) thrown at [./src/hotspot/share/prims/jni.cpp, line 616]
Event: 104.118 Thread 0x000001cd5798e000 Exception <a 'sun/nio/fs/WindowsException'{0x000000008afd9f58}> (0x000000008afd9f58) thrown at [./src/hotspot/share/prims/jni.cpp, line 616]
Event: 120.542 Thread 0x000001cd5798e000 Exception <a 'java/lang/ClassNotFoundException'{0x000000008a80b360}: settings_a52jeyxeh7nspi4x9iovbcig8BeanInfo> (0x000000008a80b360) thrown at [./src/hotspot/share/classfile/systemDictionary.cpp, line 231]
Event: 120.542 Thread 0x000001cd5798e000 Exception <a 'java/lang/ClassNotFoundException'{0x000000008a816d10}: settings_a52jeyxeh7nspi4x9iovbcig8Customizer> (0x000000008a816d10) thrown at [./src/hotspot/share/classfile/systemDictionary.cpp, line 231]
Event: 120.562 Thread 0x000001cd5798e000 Exception <a 'java/lang/ClassNotFoundException'{0x000000008a8f5e90}: settings_a52jeyxeh7nspi4x9iovbcig8BeanInfo> (0x000000008a8f5e90) thrown at [./src/hotspot/share/classfile/systemDictionary.cpp, line 231]
Event: 120.563 Thread 0x000001cd5798e000 Exception <a 'java/lang/ClassNotFoundException'{0x000000008a701cc0}: settings_a52jeyxeh7nspi4x9iovbcig8Customizer> (0x000000008a701cc0) thrown at [./src/hotspot/share/classfile/systemDictionary.cpp, line 231]
Event: 120.598 Thread 0x000001cd5798e000 Exception <a 'java/lang/ClassNotFoundException'{0x000000008a65f840}: build_67j1uhywi4qqxzkodrf5pgpwqBeanInfo> (0x000000008a65f840) thrown at [./src/hotspot/share/classfile/systemDictionary.cpp, line 231]
Event: 120.598 Thread 0x000001cd5798e000 Exception <a 'java/lang/ClassNotFoundException'{0x000000008a66b1a0}: build_67j1uhywi4qqxzkodrf5pgpwqCustomizer> (0x000000008a66b1a0) thrown at [./src/hotspot/share/classfile/systemDictionary.cpp, line 231]
Event: 120.607 Thread 0x000001cd5798e000 Exception <a 'java/lang/ClassNotFoundException'{0x000000008a6f27b8}: org/gradle/api/internal/initialization/DefaultScriptHandlerBeanInfo> (0x000000008a6f27b8) thrown at [./src/hotspot/share/classfile/systemDictionary.cpp, line 231]
Event: 120.609 Thread 0x000001cd5798e000 Exception <a 'java/lang/ClassNotFoundException'{0x000000008a51d168}: org/gradle/api/internal/initialization/DefaultScriptHandlerCustomizer> (0x000000008a51d168) thrown at [./src/hotspot/share/classfile/systemDictionary.cpp, line 231]

Events (20 events):
Event: 120.604 loading class groovy/runtime/metaclass/org/gradle/api/internal/initialization/DefaultScriptHandlerMetaClass done
Event: 120.605 loading class org/gradle/api/internal/initialization/DefaultScriptHandlerBeanInfo
Event: 120.605 loading class org/gradle/api/internal/initialization/DefaultScriptHandlerBeanInfo done
Event: 120.606 loading class org/gradle/api/internal/initialization/DefaultScriptHandlerBeanInfo
Event: 120.606 loading class org/gradle/api/internal/initialization/DefaultScriptHandlerBeanInfo done
Event: 120.606 loading class org/gradle/api/internal/initialization/DefaultScriptHandlerBeanInfo
Event: 120.606 loading class org/gradle/api/internal/initialization/DefaultScriptHandlerBeanInfo done
Event: 120.607 loading class org/gradle/api/internal/initialization/DefaultScriptHandlerBeanInfo
Event: 120.607 loading class org/gradle/api/internal/initialization/DefaultScriptHandlerBeanInfo done
Event: 120.608 loading class org/gradle/api/internal/initialization/DefaultScriptHandlerCustomizer
Event: 120.608 loading class org/gradle/api/internal/initialization/DefaultScriptHandlerCustomizer done
Event: 120.608 loading class org/gradle/api/internal/initialization/DefaultScriptHandlerCustomizer
Event: 120.608 loading class org/gradle/api/internal/initialization/DefaultScriptHandlerCustomizer done
Event: 120.608 loading class org/gradle/api/internal/initialization/DefaultScriptHandlerCustomizer
Event: 120.608 loading class org/gradle/api/internal/initialization/DefaultScriptHandlerCustomizer done
Event: 120.609 loading class org/gradle/api/internal/initialization/DefaultScriptHandlerCustomizer
Event: 120.609 loading class org/gradle/api/internal/initialization/DefaultScriptHandlerCustomizer done
Event: 120.611 loading class groovy/runtime/metaclass/build_67j1uhywi4qqxzkodrf5pgpwq$_run_closure2MetaClass
Event: 120.611 loading class groovy/runtime/metaclass/build_67j1uhywi4qqxzkodrf5pgpwq$_run_closure2MetaClass done
Event: 120.660 Thread 0x000001cd58e3e800 Thread added: 0x000001cd58e3e800


Dynamic libraries:
0x00007ff6c4bf0000 - 0x00007ff6c4bfa000 	I:\ android\jre\bin\java.exe
0x00007ff9fbc10000 - 0x00007ff9fbe24000 	C:\WINDOWS\SYSTEM32\ntdll.dll
0x00007ff9fa760000 - 0x00007ff9fa823000 	C:\WINDOWS\System32\KERNEL32.DLL
0x00007ff9f9150000 - 0x00007ff9f94ed000 	C:\WINDOWS\System32\KERNELBASE.dll
0x00007ff9f9680000 - 0x00007ff9f9791000 	C:\WINDOWS\System32\ucrtbase.dll
0x00007ff9d3300000 - 0x00007ff9d3317000 	I:\ android\jre\bin\VCRUNTIME140.dll
0x00007ff9d97a0000 - 0x00007ff9d97b9000 	I:\ android\jre\bin\jli.dll
0x00007ff9fb120000 - 0x00007ff9fb2cd000 	C:\WINDOWS\System32\USER32.dll
0x00007ff9e2d10000 - 0x00007ff9e2f9e000 	C:\WINDOWS\WinSxS\amd64_microsoft.windows.common-controls_6595b64144ccf1df_6.0.22621.608_none_a9444ca7c10bb01d\COMCTL32.dll
0x00007ff9f97a0000 - 0x00007ff9f97c6000 	C:\WINDOWS\System32\win32u.dll
0x00007ff9fa9e0000 - 0x00007ff9faa87000 	C:\WINDOWS\System32\msvcrt.dll
0x00007ff9fa930000 - 0x00007ff9fa959000 	C:\WINDOWS\System32\GDI32.dll
0x00007ff9f9030000 - 0x00007ff9f9142000 	C:\WINDOWS\System32\gdi32full.dll
0x00007ff9f94f0000 - 0x00007ff9f958a000 	C:\WINDOWS\System32\msvcp_win.dll
0x00007ff9fbae0000 - 0x00007ff9fbb12000 	C:\WINDOWS\System32\IMM32.DLL
0x00007ff9c4a00000 - 0x00007ff9c4a9d000 	I:\ android\jre\bin\msvcp140.dll
0x00007ff9afd20000 - 0x00007ff9b0822000 	I:\ android\jre\bin\server\jvm.dll
0x00007ff9fbb20000 - 0x00007ff9fbbce000 	C:\WINDOWS\System32\ADVAPI32.dll
0x00007ff9f9df0000 - 0x00007ff9f9e94000 	C:\WINDOWS\System32\sechost.dll
0x00007ff9fa5c0000 - 0x00007ff9fa6d5000 	C:\WINDOWS\System32\RPCRT4.dll
0x00007ff9f9a00000 - 0x00007ff9f9a08000 	C:\WINDOWS\System32\PSAPI.DLL
0x00007ff9f6ae0000 - 0x00007ff9f6b14000 	C:\WINDOWS\SYSTEM32\WINMM.dll
0x00007ff9f0b90000 - 0x00007ff9f0b9a000 	C:\WINDOWS\SYSTEM32\VERSION.dll
0x00007ff9e8710000 - 0x00007ff9e8719000 	C:\WINDOWS\SYSTEM32\WSOCK32.dll
0x00007ff9fa6e0000 - 0x00007ff9fa751000 	C:\WINDOWS\System32\ws2_32.DLL
0x00007ff9f8180000 - 0x00007ff9f8198000 	C:\WINDOWS\SYSTEM32\kernel.appcore.dll
0x00007ff9e7c40000 - 0x00007ff9e7c51000 	I:\ android\jre\bin\verify.dll
0x00007ff9f68b0000 - 0x00007ff9f6ade000 	C:\WINDOWS\SYSTEM32\DBGHELP.DLL
0x00007ff9f9a60000 - 0x00007ff9f9dea000 	C:\WINDOWS\System32\combase.dll
0x00007ff9fa850000 - 0x00007ff9fa927000 	C:\WINDOWS\System32\OLEAUT32.dll
0x00007ff9f6870000 - 0x00007ff9f68a2000 	C:\WINDOWS\SYSTEM32\dbgcore.DLL
0x00007ff9f9590000 - 0x00007ff9f960b000 	C:\WINDOWS\System32\bcryptPrimitives.dll
0x00007ff9e7c10000 - 0x00007ff9e7c39000 	I:\ android\jre\bin\java.dll
0x00007ff9e7c00000 - 0x00007ff9e7c0b000 	I:\ android\jre\bin\jimage.dll
0x00007ff9e7be0000 - 0x00007ff9e7bf8000 	I:\ android\jre\bin\zip.dll
0x00007ff9fb2f0000 - 0x00007ff9fbadf000 	C:\WINDOWS\System32\SHELL32.dll
0x00007ff9f7060000 - 0x00007ff9f7928000 	C:\WINDOWS\SYSTEM32\windows.storage.dll
0x00007ff9f6f20000 - 0x00007ff9f705e000 	C:\WINDOWS\SYSTEM32\wintypes.dll
0x00007ff9fab50000 - 0x00007ff9fac41000 	C:\WINDOWS\System32\SHCORE.dll
0x00007ff9fad60000 - 0x00007ff9fadbe000 	C:\WINDOWS\System32\shlwapi.dll
0x00007ff9f8f60000 - 0x00007ff9f8f81000 	C:\WINDOWS\SYSTEM32\profapi.dll
0x00007ff9e7ba0000 - 0x00007ff9e7bba000 	I:\ android\jre\bin\net.dll
0x00007ff9efdb0000 - 0x00007ff9efedf000 	C:\WINDOWS\SYSTEM32\WINHTTP.dll
0x00007ff9f85e0000 - 0x00007ff9f8649000 	C:\WINDOWS\system32\mswsock.dll
0x00007ff9e7b80000 - 0x00007ff9e7b94000 	I:\ android\jre\bin\nio.dll
0x00007ff9ce3e0000 - 0x00007ff9ce407000 	C:\Users\Parth\.gradle\native\e1d6ef7f7dcc3fd88c89a11ec53ec762bb8ba0a96d01ffa2cd45eb1d1d8dd5c5\windows-amd64\native-platform.dll
0x00007ff9c4130000 - 0x00007ff9c4274000 	C:\Users\Parth\.gradle\native\0d407fdbe67a94daf76414ababcb853783967236a71b16ec16e742cd7a986fd3\windows-amd64\native-platform-file-events.dll
0x00007ff9e7b70000 - 0x00007ff9e7b7a000 	I:\ android\jre\bin\management.dll
0x00007ff9e7b60000 - 0x00007ff9e7b6d000 	I:\ android\jre\bin\management_ext.dll
0x00007ff9f8830000 - 0x00007ff9f884b000 	C:\WINDOWS\SYSTEM32\CRYPTSP.dll
0x00007ff9f80f0000 - 0x00007ff9f8125000 	C:\WINDOWS\system32\rsaenh.dll
0x00007ff9f86d0000 - 0x00007ff9f86f8000 	C:\WINDOWS\SYSTEM32\USERENV.dll
0x00007ff9f89d0000 - 0x00007ff9f89f8000 	C:\WINDOWS\SYSTEM32\bcrypt.dll
0x00007ff9f8850000 - 0x00007ff9f885c000 	C:\WINDOWS\SYSTEM32\CRYPTBASE.dll
0x00007ff9f7c40000 - 0x00007ff9f7c6d000 	C:\WINDOWS\SYSTEM32\IPHLPAPI.DLL
0x00007ff9fa5b0000 - 0x00007ff9fa5b9000 	C:\WINDOWS\System32\NSI.dll
0x00007ff9efd90000 - 0x00007ff9efda9000 	C:\WINDOWS\SYSTEM32\dhcpcsvc6.DLL
0x00007ff9efd10000 - 0x00007ff9efd2f000 	C:\WINDOWS\SYSTEM32\dhcpcsvc.DLL
0x00007ff9f7c70000 - 0x00007ff9f7d62000 	C:\WINDOWS\SYSTEM32\DNSAPI.dll
0x00007ff9f81a0000 - 0x00007ff9f81d4000 	C:\WINDOWS\SYSTEM32\ntmarta.dll
0x00007ff9e7b30000 - 0x00007ff9e7b57000 	I:\ android\jre\bin\sunec.dll

dbghelp: loaded successfully - version: 4.0.5 - missing functions: none
symbol engine: initialized successfully - sym options: 0x614 - pdb path: .;I:\ android\jre\bin;C:\WINDOWS\SYSTEM32;C:\WINDOWS\WinSxS\amd64_microsoft.windows.common-controls_6595b64144ccf1df_6.0.22621.608_none_a9444ca7c10bb01d;I:\ android\jre\bin\server;C:\Users\Parth\.gradle\native\e1d6ef7f7dcc3fd88c89a11ec53ec762bb8ba0a96d01ffa2cd45eb1d1d8dd5c5\windows-amd64;C:\Users\Parth\.gradle\native\0d407fdbe67a94daf76414ababcb853783967236a71b16ec16e742cd7a986fd3\windows-amd64

VM Arguments:
jvm_args: --add-opens=java.base/java.util=ALL-UNNAMED --add-opens=java.base/java.lang=ALL-UNNAMED --add-opens=java.base/java.lang.invoke=ALL-UNNAMED --add-opens=java.base/java.util=ALL-UNNAMED --add-opens=java.prefs/java.util.prefs=ALL-UNNAMED --add-opens=java.prefs/java.util.prefs=ALL-UNNAMED --add-opens=java.base/java.nio.charset=ALL-UNNAMED --add-opens=java.base/java.net=ALL-UNNAMED --add-opens=java.base/java.util.concurrent.atomic=ALL-UNNAMED -Xmx2048m -Dfile.encoding=UTF-8 -Duser.country=IN -Duser.language=en -Duser.variant 
java_command: org.gradle.launcher.daemon.bootstrap.GradleDaemon 7.4
java_class_path (initial): C:\Users\Parth\.gradle\wrapper\dists\gradle-7.4-bin\c0gwcg53nkjbqw7r0h0umtfvt\gradle-7.4\lib\gradle-launcher-7.4.jar
Launcher Type: SUN_STANDARD

[Global flags]
     intx CICompilerCount                          = 4                                         {product} {ergonomic}
     uint ConcGCThreads                            = 2                                         {product} {ergonomic}
     uint G1ConcRefinementThreads                  = 8                                         {product} {ergonomic}
   size_t G1HeapRegionSize                         = 1048576                                   {product} {ergonomic}
    uintx GCDrainStackTargetSize                   = 64                                        {product} {ergonomic}
   size_t InitialHeapSize                          = 132120576                                 {product} {ergonomic}
   size_t MarkStackSize                            = 4194304                                   {product} {ergonomic}
   size_t MaxHeapSize                              = 2147483648                                {product} {command line}
   size_t MaxNewSize                               = 1287651328                                {product} {ergonomic}
   size_t MinHeapDeltaBytes                        = 1048576                                   {product} {ergonomic}
    uintx NonNMethodCodeHeapSize                   = 5836300                                {pd product} {ergonomic}
    uintx NonProfiledCodeHeapSize                  = 122910970                              {pd product} {ergonomic}
    uintx ProfiledCodeHeapSize                     = 122910970                              {pd product} {ergonomic}
    uintx ReservedCodeCacheSize                    = 251658240                              {pd product} {ergonomic}
     bool SegmentedCodeCache                       = true                                      {product} {ergonomic}
     bool UseCompressedClassPointers               = true                                 {lp64_product} {ergonomic}
     bool UseCompressedOops                        = true                                 {lp64_product} {ergonomic}
     bool UseG1GC                                  = true                                      {product} {ergonomic}
     bool UseLargePagesIndividualAllocation        = false                                  {pd product} {ergonomic}

Logging:
Log output configuration:
 #0: stdout all=warning uptime,level,tags
 #1: stderr all=off uptime,level,tags

Environment Variables:
PATH=C:\Windows\system32;C:\Windows;C:\Windows\System32\Wbem;C:\Windows\System32\WindowsPowerShell\v1.0\;C:\Windows\System32\OpenSSH\;C:\Program Files (x86)\dotnet\;C:\Program Files\NVIDIA Corporation\NVIDIA NvDLISR;C:\Program Files (x86)\NVIDIA Corporation\PhysX\Common;C:\WINDOWS\system32;C:\WINDOWS;C:\WINDOWS\System32\Wbem;C:\WINDOWS\System32\WindowsPowerShell\v1.0\;C:\WINDOWS\System32\OpenSSH\;C:\Program Files\dotnet\;C:\Program Files\Cloudflare\Cloudflare WARP\;C:\Users\Parth\AppData\Local\Programs\Python\Python39\Scripts\;C:\Users\Parth\AppData\Local\Programs\Python\Python39\;C:\Users\Parth\AppData\Local\Microsoft\WindowsApps;C:\Users\Parth\AppData\Local\GitHubDesktop\bin
USERNAME=Parth
OS=Windows_NT
PROCESSOR_IDENTIFIER=Intel64 Family 6 Model 126 Stepping 5, GenuineIntel



---------------  S Y S T E M  ---------------

OS: Windows 11 , 64 bit Build 22621 (10.0.22621.963)
OS uptime: 1 days 4:36 hours

CPU:total 8 (initial active 8) (4 cores per cpu, 2 threads per core) family 6 model 126 stepping 5 microcode 0xb2, cmov, cx8, fxsr, mmx, sse, sse2, sse3, ssse3, sse4.1, sse4.2, popcnt, avx, avx2, aes, clmul, erms, 3dnowpref, lzcnt, ht, tsc, tscinvbit, bmi1, bmi2, adx, evex, sha, fma

Memory: 4k page, system-wide physical 7959M (269M free)
TotalPageFile size 32535M (AvailPageFile size 2M)
current process WorkingSet (physical memory assigned to process): 523M, peak: 523M
current process commit charge ("private bytes"): 554M, peak: 554M

vm_info: OpenJDK 64-Bit Server VM (11.0.13+0-b1751.21-8125866) for windows-amd64 JRE (11.0.13+0-b1751.21-8125866), built on Feb  2 2022 03:00:22 by "builder" with MS VC++ 14.0 (VS2015)

END.
