#
# There is insufficient memory for the Java Runtime Environment to continue.
# Native memory allocation (mmap) failed to map 109051904 bytes for Failed to commit area from 0x000000008bc00000 to 0x0000000092400000 of length 109051904.
# Possible reasons:
#   The system is out of physical RAM or swap space
#   The process is running with CompressedOops enabled, and the Java Heap may be blocking the growth of the native heap
# Possible solutions:
#   Reduce memory load on the system
#   Increase physical memory or swap space
#   Check if swap backing store is full
#   Decrease Java heap size (-Xmx/-Xms)
#   Decrease number of Java threads
#   Decrease Java thread stack sizes (-Xss)
#   Set larger code cache with -XX:ReservedCodeCacheSize=
#   JVM is running with Unscaled Compressed Oops mode in which the Java heap is
#     placed in the first 4GB address space. The Java Heap base address is the
#     maximum limit for the native heap growth. Please use -XX:HeapBaseMinAddress
#     to set the Java Heap base and to place the Java Heap above 4GB virtual address.
# This output file may be truncated or incomplete.
#
#  Out of Memory Error (./src/hotspot/os/windows/os_windows.cpp:3619), pid=25800, tid=19200
#
# JRE version: OpenJDK Runtime Environment (11.0.13) (build 11.0.13+0-b1751.21-8125866)
# Java VM: OpenJDK 64-Bit Server VM (11.0.13+0-b1751.21-8125866, mixed mode, tiered, compressed oops, g1 gc, windows-amd64)
# No core dump will be written. Minidumps are not enabled by default on client versions of Windows
#

---------------  S U M M A R Y ------------

Command Line: --add-opens=java.base/java.util=ALL-UNNAMED --add-opens=java.base/java.lang=ALL-UNNAMED --add-opens=java.base/java.lang.invoke=ALL-UNNAMED --add-opens=java.base/java.util=ALL-UNNAMED --add-opens=java.prefs/java.util.prefs=ALL-UNNAMED --add-opens=java.prefs/java.util.prefs=ALL-UNNAMED --add-opens=java.base/java.nio.charset=ALL-UNNAMED --add-opens=java.base/java.net=ALL-UNNAMED --add-opens=java.base/java.util.concurrent.atomic=ALL-UNNAMED -Xmx2048m -Dfile.encoding=UTF-8 -Duser.country=IN -Duser.language=en -Duser.variant org.gradle.launcher.daemon.bootstrap.GradleDaemon 7.4

Host: Intel(R) Core(TM) i5-1035G1 CPU @ 1.00GHz, 8 cores, 7G,  Windows 11 , 64 bit Build 22621 (10.0.22621.963)
Time: Wed Dec 21 02:29:22 2022 India Standard Time elapsed time: 22.884673 seconds (0d 0h 0m 22s)

---------------  T H R E A D  ---------------

Current thread (0x000002277c00d000):  VMThread "VM Thread" [stack: 0x000000e6cab00000,0x000000e6cac00000] [id=19200]

Stack: [0x000000e6cab00000,0x000000e6cac00000]
[error occurred during error reporting (printing stack bounds), id 0xc0000005, EXCEPTION_ACCESS_VIOLATION (0xc0000005) at pc=0x00000227656912e7]

Native frames: (J=compiled Java code, j=interpreted, Vv=VM code, C=native code)
V  [jvm.dll+0x6100fa]
V  [jvm.dll+0x747090]
V  [jvm.dll+0x7486ad]
V  [jvm.dll+0x748ce5]
V  [jvm.dll+0x748c9b]
V  [jvm.dll+0x60f224]
V  [jvm.dll+0x60f9b8]
C  [ntdll.dll+0xa3eaf]
C  [ntdll.dll+0x1eae6]
C  [ntdll.dll+0xa2e9e]
C  0x00000227656912e7

VM_Operation (0x000000e6d47fdc50): G1CollectForAllocation, mode: safepoint, requested by thread 0x000002277f353000


---------------  P R O C E S S  ---------------

Threads class SMR info:
_java_thread_list=0x000002277f69f7c0, length=149, elements={
0x0000022761b78800, 0x000002277c011000, 0x000002277c01c000, 0x000002277c02b000,
0x000002277c02e000, 0x000002277c02f800, 0x000002277c031800, 0x000002277c98b800,
0x000002277c98f000, 0x000002277cb00800, 0x000002277f84c800, 0x000002277e3d5000,
0x000002277cbe2800, 0x000002277ef04800, 0x000002277f465800, 0x000002277e1fd000,
0x000002277db6a800, 0x000002277f31f000, 0x000002277d480000, 0x000002277e161800,
0x000002277e17c000, 0x000002277e17e800, 0x000002277e17d000, 0x000002277e17d800,
0x000002277e17f800, 0x000002277e181000, 0x000002277e180000, 0x000002277e17b800,
0x000002277e182000, 0x000002270274f000, 0x0000022702750000, 0x000002270274d800,
0x000002270274e000, 0x0000022702753000, 0x0000022702754000, 0x0000022702757000,
0x0000022702751800, 0x0000022702752800, 0x000002270275a800, 0x0000022702758000,
0x0000022702759000, 0x0000022702755000, 0x0000022702759800, 0x0000022702755800,
0x0000022702756800, 0x000002277d7aa000, 0x000002277d7a4800, 0x000002277d7ab000,
0x000002277d7a9000, 0x000002277d7a6000, 0x000002277d7a5000, 0x000002277d7ac800,
0x000002277d7a6800, 0x000002277d7ad000, 0x000002277d7ab800, 0x000002277d7a7800,
0x000002277d7ae000, 0x000002277d7a8800, 0x000002277d7b1800, 0x000002277d7b0800,
0x000002277d7b2000, 0x000002277d7af000, 0x000002277d7b3000, 0x000002277d7af800,
0x000002277f784000, 0x000002277f785000, 0x000002277f783800, 0x000002277f781000,
0x000002277f785800, 0x000002277f786800, 0x000002277f787800, 0x000002277f781800,
0x000002277f788000, 0x000002277f782800, 0x000002277f78a000, 0x000002277f78b800,
0x000002277f78a800, 0x000002277f789000, 0x000002277f78e000, 0x000002277f78c800,
0x000002277f78d000, 0x000002277f78e800, 0x000002277f78f800, 0x0000022701ea6800,
0x0000022701ea8800, 0x0000022701ea4800, 0x0000022701ea6000, 0x0000022701ea2800,
0x0000022701ea9000, 0x0000022701ea5000, 0x0000022701ea7800, 0x0000022701ea3800,
0x0000022701ead800, 0x0000022701eaf000, 0x0000022701eac800, 0x0000022701eae000,
0x0000022701eaf800, 0x0000022701eab000, 0x0000022701eaa000, 0x0000022701eb0800,
0x0000022701eb1800, 0x0000022701eab800, 0x00000227039b2000, 0x00000227039b4800,
0x00000227039b6000, 0x00000227039b7000, 0x00000227039b1000, 0x00000227039b5800,
0x00000227039b7800, 0x00000227039b3000, 0x00000227039b8800, 0x00000227039b9800,
0x00000227039b3800, 0x00000227039bf000, 0x00000227039bc800, 0x00000227039c0000,
0x00000227039bd800, 0x00000227039be800, 0x00000227039ba000, 0x00000227039bb000,
0x00000227039bc000, 0x0000022703968800, 0x0000022703968000, 0x000002270396a800,
0x000002270396b000, 0x000002270396c000, 0x0000022703966000, 0x000002270396c800,
0x0000022703967000, 0x000002270396f000, 0x000002270396d800, 0x000002270396e800,
0x0000022703969800, 0x0000022703975000, 0x0000022703972800, 0x0000022703970000,
0x0000022703974000, 0x0000022703973800, 0x0000022703971000, 0x0000022703971800,
0x000002277f352800, 0x000002277f355000, 0x000002277f350000, 0x000002277f354000,
0x000002277f34f000, 0x000002277f355800, 0x000002277f353000, 0x000002277f356800,
0x000002277f350800
}

Java Threads: ( => current thread )
  0x0000022761b78800 JavaThread "main" [_thread_blocked, id=22124, stack(0x000000e6ca500000,0x000000e6ca600000)]
  0x000002277c011000 JavaThread "Reference Handler" daemon [_thread_blocked, id=14088, stack(0x000000e6cac00000,0x000000e6cad00000)]
  0x000002277c01c000 JavaThread "Finalizer" daemon [_thread_blocked, id=22620, stack(0x000000e6cad00000,0x000000e6cae00000)]
  0x000002277c02b000 JavaThread "Signal Dispatcher" daemon [_thread_blocked, id=26512, stack(0x000000e6cae00000,0x000000e6caf00000)]
  0x000002277c02e000 JavaThread "Attach Listener" daemon [_thread_blocked, id=13144, stack(0x000000e6caf00000,0x000000e6cb000000)]
  0x000002277c02f800 JavaThread "Service Thread" daemon [_thread_blocked, id=13068, stack(0x000000e6cb000000,0x000000e6cb100000)]
  0x000002277c031800 JavaThread "C2 CompilerThread0" daemon [_thread_in_native, id=26528, stack(0x000000e6cb100000,0x000000e6cb200000)]
  0x000002277c98b800 JavaThread "C1 CompilerThread0" daemon [_thread_blocked, id=16196, stack(0x000000e6cb200000,0x000000e6cb300000)]
  0x000002277c98f000 JavaThread "Sweeper thread" daemon [_thread_blocked, id=14636, stack(0x000000e6cb300000,0x000000e6cb400000)]
  0x000002277cb00800 JavaThread "Common-Cleaner" daemon [_thread_blocked, id=2252, stack(0x000000e6cb400000,0x000000e6cb500000)]
  0x000002277f84c800 JavaThread "Daemon health stats" [_thread_blocked, id=1248, stack(0x000000e6cbb00000,0x000000e6cbc00000)]
  0x000002277e3d5000 JavaThread "Incoming local TCP Connector on port 52534" [_thread_in_native, id=18252, stack(0x000000e6cb600000,0x000000e6cb700000)]
  0x000002277cbe2800 JavaThread "Daemon periodic checks" [_thread_blocked, id=16888, stack(0x000000e6cb900000,0x000000e6cba00000)]
  0x000002277ef04800 JavaThread "Daemon" [_thread_blocked, id=6928, stack(0x000000e6cbc00000,0x000000e6cbd00000)]
  0x000002277f465800 JavaThread "Handler for socket connection from /127.0.0.1:52534 to /127.0.0.1:52535" [_thread_in_native, id=15572, stack(0x000000e6cbd00000,0x000000e6cbe00000)]
  0x000002277e1fd000 JavaThread "Cancel handler" [_thread_blocked, id=17896, stack(0x000000e6cbe00000,0x000000e6cbf00000)]
  0x000002277db6a800 JavaThread "Daemon worker" [_thread_blocked, id=8796, stack(0x000000e6cbf00000,0x000000e6cc000000)]
  0x000002277f31f000 JavaThread "Asynchronous log dispatcher for DefaultDaemonConnection: socket connection from /127.0.0.1:52534 to /127.0.0.1:52535" [_thread_blocked, id=26564, stack(0x000000e6cc000000,0x000000e6cc100000)]
  0x000002277d480000 JavaThread "Stdin handler" [_thread_blocked, id=12588, stack(0x000000e6cc100000,0x000000e6cc200000)]
  0x000002277e161800 JavaThread "Daemon client event forwarder" [_thread_blocked, id=2124, stack(0x000000e6cc200000,0x000000e6cc300000)]
  0x000002277e17c000 JavaThread "Cache worker for journal cache (C:\Users\Parth\.gradle\caches\journal-1)" [_thread_blocked, id=16468, stack(0x000000e6cc300000,0x000000e6cc400000)]
  0x000002277e17e800 JavaThread "File lock request listener" [_thread_in_native, id=2956, stack(0x000000e6cc400000,0x000000e6cc500000)]
  0x000002277e17d000 JavaThread "Cache worker for file hash cache (C:\Users\Parth\.gradle\caches\7.4\fileHashes)" [_thread_blocked, id=13780, stack(0x000000e6cc500000,0x000000e6cc600000)]
  0x000002277e17d800 JavaThread "File watcher server" daemon [_thread_blocked, id=24332, stack(0x000000e6ccd00000,0x000000e6cce00000)]
  0x000002277e17f800 JavaThread "File watcher consumer" daemon [_thread_blocked, id=5124, stack(0x000000e6cce00000,0x000000e6ccf00000)]
  0x000002277e181000 JavaThread "Cache worker for checksums cache (I:\BudgetS\.gradle\7.4\checksums)" [_thread_blocked, id=10076, stack(0x000000e6ccf00000,0x000000e6cd000000)]
  0x000002277e180000 JavaThread "Cache worker for cache directory md-rule (C:\Users\Parth\.gradle\caches\7.4\md-rule)" [_thread_blocked, id=17656, stack(0x000000e6cd000000,0x000000e6cd100000)]
  0x000002277e17b800 JavaThread "Cache worker for file hash cache (I:\BudgetS\.gradle\7.4\fileHashes)" [_thread_blocked, id=848, stack(0x000000e6cd100000,0x000000e6cd200000)]
  0x000002277e182000 JavaThread "Cache worker for cache directory md-supplier (C:\Users\Parth\.gradle\caches\7.4\md-supplier)" [_thread_blocked, id=16444, stack(0x000000e6cd200000,0x000000e6cd300000)]
  0x000002270274f000 JavaThread "Cache worker for execution history cache (C:\Users\Parth\.gradle\caches\7.4\executionHistory)" [_thread_blocked, id=13252, stack(0x000000e6cd300000,0x000000e6cd400000)]
  0x0000022702750000 JavaThread "jar transforms" [_thread_blocked, id=13032, stack(0x000000e6cd400000,0x000000e6cd500000)]
  0x000002270274d800 JavaThread "Cache worker for file content cache (C:\Users\Parth\.gradle\caches\7.4\fileContent)" [_thread_blocked, id=23316, stack(0x000000e6cd500000,0x000000e6cd600000)]
  0x000002270274e000 JavaThread "jar transforms Thread 2" [_thread_blocked, id=4444, stack(0x000000e6cd600000,0x000000e6cd700000)]
  0x0000022702753000 JavaThread "Cache worker for dependencies-accessors (I:\BudgetS\.gradle\7.4\dependencies-accessors)" [_thread_blocked, id=15544, stack(0x000000e6cd700000,0x000000e6cd800000)]
  0x0000022702754000 JavaThread "jar transforms Thread 3" [_thread_blocked, id=16320, stack(0x000000e6cd800000,0x000000e6cd900000)]
  0x0000022702757000 JavaThread "Cache worker for Build Output Cleanup Cache (I:\BudgetS\.gradle\buildOutputCleanup)" [_thread_blocked, id=19204, stack(0x000000e6cd900000,0x000000e6cda00000)]
  0x0000022702751800 JavaThread "Unconstrained build operations" [_thread_blocked, id=12152, stack(0x000000e6cda00000,0x000000e6cdb00000)]
  0x0000022702752800 JavaThread "Unconstrained build operations Thread 2" [_thread_blocked, id=10312, stack(0x000000e6cdb00000,0x000000e6cdc00000)]
  0x000002270275a800 JavaThread "Unconstrained build operations Thread 3" [_thread_blocked, id=14676, stack(0x000000e6cdc00000,0x000000e6cdd00000)]
  0x0000022702758000 JavaThread "Unconstrained build operations Thread 4" [_thread_blocked, id=21668, stack(0x000000e6cdd00000,0x000000e6cde00000)]
  0x0000022702759000 JavaThread "Unconstrained build operations Thread 5" [_thread_blocked, id=704, stack(0x000000e6cde00000,0x000000e6cdf00000)]
  0x0000022702755000 JavaThread "Unconstrained build operations Thread 6" [_thread_blocked, id=23988, stack(0x000000e6cdf00000,0x000000e6ce000000)]
  0x0000022702759800 JavaThread "Unconstrained build operations Thread 7" [_thread_blocked, id=1596, stack(0x000000e6ce000000,0x000000e6ce100000)]
  0x0000022702755800 JavaThread "Unconstrained build operations Thread 8" [_thread_blocked, id=22180, stack(0x000000e6ce100000,0x000000e6ce200000)]
  0x0000022702756800 JavaThread "Unconstrained build operations Thread 9" [_thread_blocked, id=15104, stack(0x000000e6ce200000,0x000000e6ce300000)]
  0x000002277d7aa000 JavaThread "Unconstrained build operations Thread 10" [_thread_blocked, id=21148, stack(0x000000e6ce300000,0x000000e6ce400000)]
  0x000002277d7a4800 JavaThread "Unconstrained build operations Thread 11" [_thread_blocked, id=15688, stack(0x000000e6ce400000,0x000000e6ce500000)]
  0x000002277d7ab000 JavaThread "Unconstrained build operations Thread 12" [_thread_blocked, id=4832, stack(0x000000e6ce500000,0x000000e6ce600000)]
  0x000002277d7a9000 JavaThread "Unconstrained build operations Thread 13" [_thread_blocked, id=24364, stack(0x000000e6ce600000,0x000000e6ce700000)]
  0x000002277d7a6000 JavaThread "Unconstrained build operations Thread 14" [_thread_blocked, id=13444, stack(0x000000e6ce700000,0x000000e6ce800000)]
  0x000002277d7a5000 JavaThread "Unconstrained build operations Thread 15" [_thread_blocked, id=4324, stack(0x000000e6ce800000,0x000000e6ce900000)]
  0x000002277d7ac800 JavaThread "Unconstrained build operations Thread 16" [_thread_blocked, id=16820, stack(0x000000e6ce900000,0x000000e6cea00000)]
  0x000002277d7a6800 JavaThread "Unconstrained build operations Thread 17" [_thread_blocked, id=24256, stack(0x000000e6cea00000,0x000000e6ceb00000)]
  0x000002277d7ad000 JavaThread "Unconstrained build operations Thread 18" [_thread_blocked, id=25844, stack(0x000000e6ceb00000,0x000000e6cec00000)]
  0x000002277d7ab800 JavaThread "Unconstrained build operations Thread 19" [_thread_blocked, id=4612, stack(0x000000e6cec00000,0x000000e6ced00000)]
  0x000002277d7a7800 JavaThread "Unconstrained build operations Thread 20" [_thread_blocked, id=10308, stack(0x000000e6ced00000,0x000000e6cee00000)]
  0x000002277d7ae000 JavaThread "Unconstrained build operations Thread 21" [_thread_blocked, id=12384, stack(0x000000e6cee00000,0x000000e6cef00000)]
  0x000002277d7a8800 JavaThread "Unconstrained build operations Thread 22" [_thread_blocked, id=22084, stack(0x000000e6cef00000,0x000000e6cf000000)]
  0x000002277d7b1800 JavaThread "Unconstrained build operations Thread 23" [_thread_blocked, id=2760, stack(0x000000e6cf000000,0x000000e6cf100000)]
  0x000002277d7b0800 JavaThread "Unconstrained build operations Thread 24" [_thread_blocked, id=22112, stack(0x000000e6cf100000,0x000000e6cf200000)]
  0x000002277d7b2000 JavaThread "Unconstrained build operations Thread 25" [_thread_blocked, id=16064, stack(0x000000e6cf200000,0x000000e6cf300000)]
  0x000002277d7af000 JavaThread "Unconstrained build operations Thread 26" [_thread_blocked, id=12852, stack(0x000000e6cf300000,0x000000e6cf400000)]
  0x000002277d7b3000 JavaThread "Unconstrained build operations Thread 27" [_thread_blocked, id=24416, stack(0x000000e6cf400000,0x000000e6cf500000)]
  0x000002277d7af800 JavaThread "Unconstrained build operations Thread 28" [_thread_blocked, id=4080, stack(0x000000e6cf500000,0x000000e6cf600000)]
  0x000002277f784000 JavaThread "Unconstrained build operations Thread 29" [_thread_blocked, id=24260, stack(0x000000e6cf600000,0x000000e6cf700000)]
  0x000002277f785000 JavaThread "Unconstrained build operations Thread 30" [_thread_blocked, id=10508, stack(0x000000e6cf700000,0x000000e6cf800000)]
  0x000002277f783800 JavaThread "Unconstrained build operations Thread 31" [_thread_blocked, id=24724, stack(0x000000e6cf800000,0x000000e6cf900000)]
  0x000002277f781000 JavaThread "Unconstrained build operations Thread 32" [_thread_blocked, id=6748, stack(0x000000e6cf900000,0x000000e6cfa00000)]
  0x000002277f785800 JavaThread "Unconstrained build operations Thread 33" [_thread_blocked, id=5760, stack(0x000000e6cfa00000,0x000000e6cfb00000)]
  0x000002277f786800 JavaThread "Unconstrained build operations Thread 34" [_thread_blocked, id=25248, stack(0x000000e6cfb00000,0x000000e6cfc00000)]
  0x000002277f787800 JavaThread "Unconstrained build operations Thread 35" [_thread_blocked, id=21592, stack(0x000000e6cfc00000,0x000000e6cfd00000)]
  0x000002277f781800 JavaThread "Unconstrained build operations Thread 36" [_thread_blocked, id=13832, stack(0x000000e6cfd00000,0x000000e6cfe00000)]
  0x000002277f788000 JavaThread "Unconstrained build operations Thread 37" [_thread_blocked, id=22892, stack(0x000000e6cfe00000,0x000000e6cff00000)]
  0x000002277f782800 JavaThread "Unconstrained build operations Thread 38" [_thread_blocked, id=21600, stack(0x000000e6cff00000,0x000000e6d0000000)]
  0x000002277f78a000 JavaThread "Unconstrained build operations Thread 39" [_thread_blocked, id=26052, stack(0x000000e6d0000000,0x000000e6d0100000)]
  0x000002277f78b800 JavaThread "Unconstrained build operations Thread 40" [_thread_blocked, id=16792, stack(0x000000e6d0100000,0x000000e6d0200000)]
  0x000002277f78a800 JavaThread "Unconstrained build operations Thread 41" [_thread_blocked, id=24908, stack(0x000000e6d0200000,0x000000e6d0300000)]
  0x000002277f789000 JavaThread "Unconstrained build operations Thread 42" [_thread_blocked, id=20784, stack(0x000000e6d0300000,0x000000e6d0400000)]
  0x000002277f78e000 JavaThread "Unconstrained build operations Thread 43" [_thread_blocked, id=26572, stack(0x000000e6d0400000,0x000000e6d0500000)]
  0x000002277f78c800 JavaThread "Unconstrained build operations Thread 44" [_thread_blocked, id=24344, stack(0x000000e6d0500000,0x000000e6d0600000)]
  0x000002277f78d000 JavaThread "Unconstrained build operations Thread 45" [_thread_blocked, id=16464, stack(0x000000e6d0600000,0x000000e6d0700000)]
  0x000002277f78e800 JavaThread "Unconstrained build operations Thread 46" [_thread_blocked, id=25972, stack(0x000000e6d0700000,0x000000e6d0800000)]
  0x000002277f78f800 JavaThread "Unconstrained build operations Thread 47" [_thread_blocked, id=25748, stack(0x000000e6d0800000,0x000000e6d0900000)]
  0x0000022701ea6800 JavaThread "Unconstrained build operations Thread 48" [_thread_blocked, id=21548, stack(0x000000e6d0900000,0x000000e6d0a00000)]
  0x0000022701ea8800 JavaThread "Unconstrained build operations Thread 49" [_thread_blocked, id=21700, stack(0x000000e6d0a00000,0x000000e6d0b00000)]
  0x0000022701ea4800 JavaThread "Unconstrained build operations Thread 50" [_thread_blocked, id=10516, stack(0x000000e6d0b00000,0x000000e6d0c00000)]
  0x0000022701ea6000 JavaThread "Unconstrained build operations Thread 51" [_thread_blocked, id=24228, stack(0x000000e6d0c00000,0x000000e6d0d00000)]
  0x0000022701ea2800 JavaThread "Unconstrained build operations Thread 52" [_thread_blocked, id=23536, stack(0x000000e6d0d00000,0x000000e6d0e00000)]
  0x0000022701ea9000 JavaThread "Unconstrained build operations Thread 53" [_thread_blocked, id=6176, stack(0x000000e6d0e00000,0x000000e6d0f00000)]
  0x0000022701ea5000 JavaThread "Unconstrained build operations Thread 54" [_thread_blocked, id=21924, stack(0x000000e6d0f00000,0x000000e6d1000000)]
  0x0000022701ea7800 JavaThread "Unconstrained build operations Thread 55" [_thread_blocked, id=25144, stack(0x000000e6d1000000,0x000000e6d1100000)]
  0x0000022701ea3800 JavaThread "Unconstrained build operations Thread 56" [_thread_blocked, id=10236, stack(0x000000e6d1100000,0x000000e6d1200000)]
  0x0000022701ead800 JavaThread "Unconstrained build operations Thread 57" [_thread_blocked, id=5176, stack(0x000000e6d1200000,0x000000e6d1300000)]
  0x0000022701eaf000 JavaThread "Unconstrained build operations Thread 58" [_thread_blocked, id=11072, stack(0x000000e6d1300000,0x000000e6d1400000)]
  0x0000022701eac800 JavaThread "Unconstrained build operations Thread 59" [_thread_blocked, id=23668, stack(0x000000e6d1400000,0x000000e6d1500000)]
  0x0000022701eae000 JavaThread "Unconstrained build operations Thread 60" [_thread_blocked, id=24276, stack(0x000000e6d1500000,0x000000e6d1600000)]
  0x0000022701eaf800 JavaThread "Unconstrained build operations Thread 61" [_thread_blocked, id=13948, stack(0x000000e6d1600000,0x000000e6d1700000)]
  0x0000022701eab000 JavaThread "Unconstrained build operations Thread 62" [_thread_blocked, id=14488, stack(0x000000e6d1700000,0x000000e6d1800000)]
  0x0000022701eaa000 JavaThread "Unconstrained build operations Thread 63" [_thread_blocked, id=21612, stack(0x000000e6d1800000,0x000000e6d1900000)]
  0x0000022701eb0800 JavaThread "Unconstrained build operations Thread 64" [_thread_blocked, id=16512, stack(0x000000e6d1900000,0x000000e6d1a00000)]
  0x0000022701eb1800 JavaThread "Unconstrained build operations Thread 65" [_thread_blocked, id=4516, stack(0x000000e6d1a00000,0x000000e6d1b00000)]
  0x0000022701eab800 JavaThread "Unconstrained build operations Thread 66" [_thread_blocked, id=23776, stack(0x000000e6d1b00000,0x000000e6d1c00000)]
  0x00000227039b2000 JavaThread "Unconstrained build operations Thread 67" [_thread_blocked, id=10196, stack(0x000000e6d1c00000,0x000000e6d1d00000)]
  0x00000227039b4800 JavaThread "Unconstrained build operations Thread 68" [_thread_blocked, id=13796, stack(0x000000e6d1d00000,0x000000e6d1e00000)]
  0x00000227039b6000 JavaThread "Unconstrained build operations Thread 69" [_thread_blocked, id=25484, stack(0x000000e6d1e00000,0x000000e6d1f00000)]
  0x00000227039b7000 JavaThread "Unconstrained build operations Thread 70" [_thread_blocked, id=17192, stack(0x000000e6d1f00000,0x000000e6d2000000)]
  0x00000227039b1000 JavaThread "Unconstrained build operations Thread 71" [_thread_blocked, id=17576, stack(0x000000e6d2000000,0x000000e6d2100000)]
  0x00000227039b5800 JavaThread "Unconstrained build operations Thread 72" [_thread_blocked, id=12140, stack(0x000000e6d2100000,0x000000e6d2200000)]
  0x00000227039b7800 JavaThread "Unconstrained build operations Thread 73" [_thread_blocked, id=18468, stack(0x000000e6d2200000,0x000000e6d2300000)]
  0x00000227039b3000 JavaThread "Unconstrained build operations Thread 74" [_thread_blocked, id=14260, stack(0x000000e6d2300000,0x000000e6d2400000)]
  0x00000227039b8800 JavaThread "Unconstrained build operations Thread 75" [_thread_blocked, id=15180, stack(0x000000e6d2400000,0x000000e6d2500000)]
  0x00000227039b9800 JavaThread "Unconstrained build operations Thread 76" [_thread_blocked, id=21696, stack(0x000000e6d2500000,0x000000e6d2600000)]
  0x00000227039b3800 JavaThread "Unconstrained build operations Thread 77" [_thread_blocked, id=3876, stack(0x000000e6d2600000,0x000000e6d2700000)]
  0x00000227039bf000 JavaThread "Unconstrained build operations Thread 78" [_thread_blocked, id=2800, stack(0x000000e6d2700000,0x000000e6d2800000)]
  0x00000227039bc800 JavaThread "Unconstrained build operations Thread 79" [_thread_blocked, id=25968, stack(0x000000e6d2800000,0x000000e6d2900000)]
  0x00000227039c0000 JavaThread "Unconstrained build operations Thread 80" [_thread_blocked, id=18000, stack(0x000000e6d2900000,0x000000e6d2a00000)]
  0x00000227039bd800 JavaThread "jar transforms Thread 4" [_thread_blocked, id=16556, stack(0x000000e6d2a00000,0x000000e6d2b00000)]
  0x00000227039be800 JavaThread "jar transforms Thread 5" [_thread_blocked, id=26104, stack(0x000000e6d2b00000,0x000000e6d2c00000)]
  0x00000227039ba000 JavaThread "jar transforms Thread 6" [_thread_blocked, id=22852, stack(0x000000e6d2c00000,0x000000e6d2d00000)]
  0x00000227039bb000 JavaThread "jar transforms Thread 7" [_thread_blocked, id=7076, stack(0x000000e6d2d00000,0x000000e6d2e00000)]
  0x00000227039bc000 JavaThread "jar transforms Thread 8" [_thread_blocked, id=18816, stack(0x000000e6d2e00000,0x000000e6d2f00000)]
  0x0000022703968800 JavaThread "Memory manager" [_thread_blocked, id=8872, stack(0x000000e6d2f00000,0x000000e6d3000000)]
  0x0000022703968000 JavaThread "build event listener" [_thread_blocked, id=26468, stack(0x000000e6d3000000,0x000000e6d3100000)]
  0x000002270396a800 JavaThread "pool-3-thread-1" [_thread_blocked, id=14900, stack(0x000000e6d3100000,0x000000e6d3200000)]
  0x000002270396b000 JavaThread "build event listener" [_thread_blocked, id=8428, stack(0x000000e6d3200000,0x000000e6d3300000)]
  0x000002270396c000 JavaThread "included builds" [_thread_blocked, id=19892, stack(0x000000e6d3300000,0x000000e6d3400000)]
  0x0000022703966000 JavaThread "Execution worker for ':'" [_thread_blocked, id=4508, stack(0x000000e6d3400000,0x000000e6d3500000)]
  0x000002270396c800 JavaThread "Execution worker for ':' Thread 2" [_thread_blocked, id=9716, stack(0x000000e6d3500000,0x000000e6d3600000)]
  0x0000022703967000 JavaThread "Execution worker for ':' Thread 3" [_thread_blocked, id=15992, stack(0x000000e6d3600000,0x000000e6d3700000)]
  0x000002270396f000 JavaThread "Execution worker for ':' Thread 4" [_thread_blocked, id=16564, stack(0x000000e6d3700000,0x000000e6d3800000)]
  0x000002270396d800 JavaThread "Execution worker for ':' Thread 5" [_thread_blocked, id=18320, stack(0x000000e6d3800000,0x000000e6d3900000)]
  0x000002270396e800 JavaThread "Execution worker for ':' Thread 6" [_thread_blocked, id=23860, stack(0x000000e6d3900000,0x000000e6d3a00000)]
  0x0000022703969800 JavaThread "Execution worker for ':' Thread 7" [_thread_blocked, id=24904, stack(0x000000e6d3a00000,0x000000e6d3b00000)]
  0x0000022703975000 JavaThread "Cache worker for execution history cache (I:\BudgetS\.gradle\7.4\executionHistory)" [_thread_blocked, id=17848, stack(0x000000e6d3b00000,0x000000e6d3c00000)]
  0x0000022703972800 JavaThread "WorkerExecutor Queue" [_thread_blocked, id=15368, stack(0x000000e6ccc00000,0x000000e6ccd00000)]
  0x0000022703970000 JavaThread "WorkerExecutor Queue Thread 2" [_thread_blocked, id=18208, stack(0x000000e6d3c00000,0x000000e6d3d00000)]
  0x0000022703974000 JavaThread "WorkerExecutor Queue Thread 3" [_thread_blocked, id=15896, stack(0x000000e6d3d00000,0x000000e6d3e00000)]
  0x0000022703973800 JavaThread "WorkerExecutor Queue Thread 4" [_thread_blocked, id=21588, stack(0x000000e6d3e00000,0x000000e6d3f00000)]
  0x0000022703971000 JavaThread "pool-4-thread-1" [_thread_blocked, id=17076, stack(0x000000e6d3f00000,0x000000e6d4000000)]
  0x0000022703971800 JavaThread "stderr" [_thread_in_native, id=5508, stack(0x000000e6d4000000,0x000000e6d4100000)]
  0x000002277f352800 JavaThread "stdout" [_thread_in_native, id=24896, stack(0x000000e6d4100000,0x000000e6d4200000)]
  0x000002277f355000 JavaThread "ForkJoinPool-1-worker-3" daemon [_thread_blocked, id=10560, stack(0x000000e6d4200000,0x000000e6d4300000)]
  0x000002277f350000 JavaThread "ForkJoinPool-1-worker-5" daemon [_thread_blocked, id=15028, stack(0x000000e6d4300000,0x000000e6d4400000)]
  0x000002277f354000 JavaThread "ForkJoinPool-1-worker-7" daemon [_thread_blocked, id=12624, stack(0x000000e6d4400000,0x000000e6d4500000)]
  0x000002277f34f000 JavaThread "ForkJoinPool-1-worker-9" daemon [_thread_blocked, id=25880, stack(0x000000e6d4500000,0x000000e6d4600000)]
  0x000002277f355800 JavaThread "ForkJoinPool-1-worker-11" daemon [_thread_blocked, id=13664, stack(0x000000e6d4600000,0x000000e6d4700000)]
  0x000002277f353000 JavaThread "ForkJoinPool-1-worker-13" daemon [_thread_blocked, id=11580, stack(0x000000e6d4700000,0x000000e6d4800000)]
  0x000002277f356800 JavaThread "ForkJoinPool-1-worker-15" daemon [_thread_blocked, id=9204, stack(0x000000e6d4800000,0x000000e6d4900000)]
  0x000002277f350800 JavaThread "ForkJoinPool-1-worker-1" daemon [_thread_blocked, id=3000, stack(0x000000e6d4900000,0x000000e6d4a00000)]

Other Threads:
=>0x000002277c00d000 VMThread "VM Thread" [stack: 0x000000e6cab00000,0x000000e6cac00000] [id=19200]
  0x000002277cb13000 WatcherThread [stack: 0x000000e6cb500000,0x000000e6cb600000] [id=12496]
  0x0000022761b92800 GCTaskThread "GC Thread#0" [stack: 0x000000e6ca600000,0x000000e6ca700000] [id=18072]
  0x000002277d6d6800 GCTaskThread "GC Thread#1" [stack: 0x000000e6cb700000,0x000000e6cb800000] [id=3260]
  0x000002277ce30000 GCTaskThread "GC Thread#2" [stack: 0x000000e6cb800000,0x000000e6cb900000] [id=21100]
  0x000002277f5b7000 GCTaskThread "GC Thread#3" [stack: 0x000000e6cc600000,0x000000e6cc700000] [id=12516]
  0x000002277eb73800 GCTaskThread "GC Thread#4" [stack: 0x000000e6cc700000,0x000000e6cc800000] [id=23804]
  0x000002277ef5e000 GCTaskThread "GC Thread#5" [stack: 0x000000e6cc800000,0x000000e6cc900000] [id=15312]
  0x000002277f68f800 GCTaskThread "GC Thread#6" [stack: 0x000000e6cc900000,0x000000e6cca00000] [id=23756]
  0x000002277f3cd800 GCTaskThread "GC Thread#7" [stack: 0x000000e6cca00000,0x000000e6ccb00000] [id=19964]
  0x0000022761bc5000 ConcurrentGCThread "G1 Main Marker" [stack: 0x000000e6ca700000,0x000000e6ca800000] [id=15972]
  0x0000022761bc6000 ConcurrentGCThread "G1 Conc#0" [stack: 0x000000e6ca800000,0x000000e6ca900000] [id=24404]
  0x000002277e189800 ConcurrentGCThread "G1 Conc#1" [stack: 0x000000e6ccb00000,0x000000e6ccc00000] [id=13484]
  0x000002277be60800 ConcurrentGCThread "G1 Refine#0" [stack: 0x000000e6ca900000,0x000000e6caa00000] [id=17380]
  0x000002277d69d000 ConcurrentGCThread "G1 Refine#1" [stack: 0x000000e6cba00000,0x000000e6cbb00000] [id=18188]
  0x000002277be61800 ConcurrentGCThread "G1 Young RemSet Sampling" [stack: 0x000000e6caa00000,0x000000e6cab00000] [id=15644]

Threads with active compile tasks:
C2 CompilerThread0  22911 11372       4       com.android.tools.r8.code.y1::a (4129 bytes)
C1 CompilerThread0  22911 11625       2       com.android.tools.r8.code.L0::hashCode (29 bytes)

VM state:at safepoint (normal execution)

VM Mutex/Monitor currently owned by a thread:  ([mutex/lock_event])
[0x0000022761b755a0] Threads_lock - owner thread: 0x000002277c00d000
[0x0000022761b75900] Heap_lock - owner thread: 0x000002277f353000

Heap address: 0x0000000080000000, size: 2048 MB, Compressed Oops mode: 32-bit
Narrow klass base: 0x0000000000000000, Narrow klass shift: 3
Compressed class space size: 1073741824 Address: 0x0000000100000000

Heap:
 garbage-first heap   total 299008K, used 159209K [0x0000000080000000, 0x0000000100000000)
  region size 1024K, 2 young (2048K), 2 survivors (2048K)
 Metaspace       used 97003K, capacity 99405K, committed 99612K, reserved 1134592K
  class space    used 12615K, capacity 13518K, committed 13644K, reserved 1048576K
Heap Regions: E=young(eden), S=young(survivor), O=old, HS=humongous(starts), HC=humongous(continues), CS=collection set, F=free, A=archive, TAMS=top-at-mark-start (previous, next)
|   0|0x0000000080000000, 0x0000000080100000, 0x0000000080100000|100%| O|  |TAMS 0x0000000080100000, 0x0000000080100000| Untracked 
|   1|0x0000000080100000, 0x0000000080200000, 0x0000000080200000|100%| O|  |TAMS 0x0000000080200000, 0x0000000080200000| Untracked 
|   2|0x0000000080200000, 0x0000000080300000, 0x0000000080300000|100%| O|  |TAMS 0x0000000080300000, 0x0000000080300000| Untracked 
|   3|0x0000000080300000, 0x0000000080400000, 0x0000000080400000|100%|HS|  |TAMS 0x0000000080400000, 0x0000000080400000| Complete 
|   4|0x0000000080400000, 0x0000000080500000, 0x0000000080500000|100%|HC|  |TAMS 0x0000000080500000, 0x0000000080500000| Complete 
|   5|0x0000000080500000, 0x0000000080600000, 0x0000000080600000|100%|HC|  |TAMS 0x0000000080600000, 0x0000000080600000| Complete 
|   6|0x0000000080600000, 0x0000000080700000, 0x0000000080700000|100%| O|  |TAMS 0x0000000080700000, 0x0000000080700000| Untracked 
|   7|0x0000000080700000, 0x0000000080800000, 0x0000000080800000|100%| O|  |TAMS 0x0000000080800000, 0x0000000080800000| Untracked 
|   8|0x0000000080800000, 0x0000000080900000, 0x0000000080900000|100%| O|  |TAMS 0x0000000080900000, 0x0000000080900000| Untracked 
|   9|0x0000000080900000, 0x0000000080a00000, 0x0000000080a00000|100%| O|  |TAMS 0x0000000080a00000, 0x0000000080a00000| Untracked 
|  10|0x0000000080a00000, 0x0000000080b00000, 0x0000000080b00000|100%| O|  |TAMS 0x0000000080b00000, 0x0000000080b00000| Untracked 
|  11|0x0000000080b00000, 0x0000000080c00000, 0x0000000080c00000|100%| O|  |TAMS 0x0000000080c00000, 0x0000000080c00000| Untracked 
|  12|0x0000000080c00000, 0x0000000080d00000, 0x0000000080d00000|100%| O|  |TAMS 0x0000000080d00000, 0x0000000080d00000| Untracked 
|  13|0x0000000080d00000, 0x0000000080e00000, 0x0000000080e00000|100%| O|  |TAMS 0x0000000080e00000, 0x0000000080e00000| Untracked 
|  14|0x0000000080e00000, 0x0000000080f00000, 0x0000000080f00000|100%| O|  |TAMS 0x0000000080f00000, 0x0000000080f00000| Untracked 
|  15|0x0000000080f00000, 0x0000000081000000, 0x0000000081000000|100%|HS|  |TAMS 0x0000000081000000, 0x0000000081000000| Complete 
|  16|0x0000000081000000, 0x0000000081100000, 0x0000000081100000|100%| O|  |TAMS 0x0000000081100000, 0x0000000081100000| Untracked 
|  17|0x0000000081100000, 0x0000000081200000, 0x0000000081200000|100%| O|  |TAMS 0x0000000081200000, 0x0000000081200000| Untracked 
|  18|0x0000000081200000, 0x0000000081300000, 0x0000000081300000|100%| O|  |TAMS 0x0000000081300000, 0x0000000081300000| Untracked 
|  19|0x0000000081300000, 0x0000000081400000, 0x0000000081400000|100%| O|  |TAMS 0x0000000081400000, 0x0000000081400000| Untracked 
|  20|0x0000000081400000, 0x0000000081500000, 0x0000000081500000|100%| O|  |TAMS 0x0000000081500000, 0x0000000081500000| Untracked 
|  21|0x0000000081500000, 0x0000000081600000, 0x0000000081600000|100%| O|  |TAMS 0x0000000081600000, 0x0000000081600000| Untracked 
|  22|0x0000000081600000, 0x0000000081700000, 0x0000000081700000|100%| O|  |TAMS 0x0000000081700000, 0x0000000081700000| Untracked 
|  23|0x0000000081700000, 0x0000000081800000, 0x0000000081800000|100%| O|  |TAMS 0x0000000081800000, 0x0000000081800000| Untracked 
|  24|0x0000000081800000, 0x0000000081900000, 0x0000000081900000|100%|HS|  |TAMS 0x0000000081900000, 0x0000000081900000| Complete 
|  25|0x0000000081900000, 0x0000000081a00000, 0x0000000081a00000|100%| O|  |TAMS 0x0000000081a00000, 0x0000000081a00000| Untracked 
|  26|0x0000000081a00000, 0x0000000081b00000, 0x0000000081b00000|100%|HS|  |TAMS 0x0000000081b00000, 0x0000000081b00000| Complete 
|  27|0x0000000081b00000, 0x0000000081c00000, 0x0000000081c00000|100%|HC|  |TAMS 0x0000000081c00000, 0x0000000081c00000| Complete 
|  28|0x0000000081c00000, 0x0000000081d00000, 0x0000000081d00000|100%| O|  |TAMS 0x0000000081d00000, 0x0000000081d00000| Untracked 
|  29|0x0000000081d00000, 0x0000000081e00000, 0x0000000081e00000|100%| O|  |TAMS 0x0000000081e00000, 0x0000000081e00000| Untracked 
|  30|0x0000000081e00000, 0x0000000081f00000, 0x0000000081f00000|100%| O|  |TAMS 0x0000000081f00000, 0x0000000081f00000| Untracked 
|  31|0x0000000081f00000, 0x0000000082000000, 0x0000000082000000|100%| O|  |TAMS 0x0000000082000000, 0x0000000082000000| Untracked 
|  32|0x0000000082000000, 0x0000000082100000, 0x0000000082100000|100%| O|  |TAMS 0x0000000082100000, 0x0000000082100000| Untracked 
|  33|0x0000000082100000, 0x0000000082200000, 0x0000000082200000|100%| O|  |TAMS 0x0000000082200000, 0x0000000082200000| Untracked 
|  34|0x0000000082200000, 0x0000000082300000, 0x0000000082300000|100%| O|  |TAMS 0x0000000082300000, 0x0000000082300000| Untracked 
|  35|0x0000000082300000, 0x0000000082400000, 0x0000000082400000|100%| O|  |TAMS 0x0000000082400000, 0x0000000082400000| Untracked 
|  36|0x0000000082400000, 0x0000000082500000, 0x0000000082500000|100%| O|  |TAMS 0x0000000082500000, 0x0000000082500000| Untracked 
|  37|0x0000000082500000, 0x0000000082600000, 0x0000000082600000|100%| O|  |TAMS 0x0000000082600000, 0x0000000082600000| Untracked 
|  38|0x0000000082600000, 0x0000000082700000, 0x0000000082700000|100%| O|  |TAMS 0x0000000082700000, 0x0000000082700000| Untracked 
|  39|0x0000000082700000, 0x0000000082800000, 0x0000000082800000|100%| O|  |TAMS 0x0000000082800000, 0x0000000082800000| Untracked 
|  40|0x0000000082800000, 0x0000000082900000, 0x0000000082900000|100%| O|  |TAMS 0x0000000082900000, 0x0000000082900000| Untracked 
|  41|0x0000000082900000, 0x0000000082a00000, 0x0000000082a00000|100%| O|  |TAMS 0x0000000082a00000, 0x0000000082a00000| Untracked 
|  42|0x0000000082a00000, 0x0000000082b00000, 0x0000000082b00000|100%| O|  |TAMS 0x0000000082b00000, 0x0000000082b00000| Untracked 
|  43|0x0000000082b00000, 0x0000000082c00000, 0x0000000082c00000|100%| O|  |TAMS 0x0000000082c00000, 0x0000000082c00000| Untracked 
|  44|0x0000000082c00000, 0x0000000082d00000, 0x0000000082d00000|100%| O|  |TAMS 0x0000000082d00000, 0x0000000082d00000| Untracked 
|  45|0x0000000082d00000, 0x0000000082e00000, 0x0000000082e00000|100%| O|  |TAMS 0x0000000082e00000, 0x0000000082e00000| Untracked 
|  46|0x0000000082e00000, 0x0000000082f00000, 0x0000000082f00000|100%| O|  |TAMS 0x0000000082f00000, 0x0000000082f00000| Untracked 
|  47|0x0000000082f00000, 0x0000000083000000, 0x0000000083000000|100%| O|  |TAMS 0x0000000083000000, 0x0000000083000000| Untracked 
|  48|0x0000000083000000, 0x0000000083100000, 0x0000000083100000|100%| O|  |TAMS 0x0000000083100000, 0x0000000083100000| Untracked 
|  49|0x0000000083100000, 0x0000000083200000, 0x0000000083200000|100%| O|  |TAMS 0x0000000083200000, 0x0000000083200000| Untracked 
|  50|0x0000000083200000, 0x0000000083300000, 0x0000000083300000|100%| O|  |TAMS 0x0000000083300000, 0x0000000083300000| Untracked 
|  51|0x0000000083300000, 0x0000000083400000, 0x0000000083400000|100%| O|  |TAMS 0x0000000083400000, 0x0000000083400000| Untracked 
|  52|0x0000000083400000, 0x0000000083500000, 0x0000000083500000|100%| O|  |TAMS 0x0000000083500000, 0x0000000083500000| Untracked 
|  53|0x0000000083500000, 0x0000000083600000, 0x0000000083600000|100%| O|  |TAMS 0x0000000083600000, 0x0000000083600000| Untracked 
|  54|0x0000000083600000, 0x0000000083700000, 0x0000000083700000|100%| O|  |TAMS 0x0000000083700000, 0x0000000083700000| Untracked 
|  55|0x0000000083700000, 0x0000000083800000, 0x0000000083800000|100%| O|  |TAMS 0x0000000083800000, 0x0000000083800000| Untracked 
|  56|0x0000000083800000, 0x0000000083900000, 0x0000000083900000|100%| O|  |TAMS 0x0000000083900000, 0x0000000083900000| Untracked 
|  57|0x0000000083900000, 0x0000000083a00000, 0x0000000083a00000|100%| O|  |TAMS 0x0000000083a00000, 0x0000000083a00000| Untracked 
|  58|0x0000000083a00000, 0x0000000083b00000, 0x0000000083b00000|100%| O|  |TAMS 0x0000000083b00000, 0x0000000083b00000| Untracked 
|  59|0x0000000083b00000, 0x0000000083c00000, 0x0000000083c00000|100%| O|  |TAMS 0x0000000083c00000, 0x0000000083c00000| Untracked 
|  60|0x0000000083c00000, 0x0000000083d00000, 0x0000000083d00000|100%| O|  |TAMS 0x0000000083d00000, 0x0000000083d00000| Untracked 
|  61|0x0000000083d00000, 0x0000000083e00000, 0x0000000083e00000|100%| O|  |TAMS 0x0000000083e00000, 0x0000000083e00000| Untracked 
|  62|0x0000000083e00000, 0x0000000083f00000, 0x0000000083f00000|100%| O|  |TAMS 0x0000000083f00000, 0x0000000083f00000| Untracked 
|  63|0x0000000083f00000, 0x0000000084000000, 0x0000000084000000|100%| O|  |TAMS 0x0000000084000000, 0x0000000084000000| Untracked 
|  64|0x0000000084000000, 0x0000000084100000, 0x0000000084100000|100%| O|  |TAMS 0x0000000084100000, 0x0000000084100000| Untracked 
|  65|0x0000000084100000, 0x0000000084200000, 0x0000000084200000|100%| O|  |TAMS 0x0000000084200000, 0x0000000084200000| Untracked 
|  66|0x0000000084200000, 0x0000000084300000, 0x0000000084300000|100%| O|  |TAMS 0x0000000084300000, 0x0000000084300000| Untracked 
|  67|0x0000000084300000, 0x0000000084400000, 0x0000000084400000|100%| O|  |TAMS 0x0000000084400000, 0x0000000084400000| Untracked 
|  68|0x0000000084400000, 0x0000000084500000, 0x0000000084500000|100%| O|  |TAMS 0x0000000084500000, 0x0000000084500000| Untracked 
|  69|0x0000000084500000, 0x0000000084600000, 0x0000000084600000|100%| O|  |TAMS 0x0000000084600000, 0x0000000084600000| Untracked 
|  70|0x0000000084600000, 0x0000000084700000, 0x0000000084700000|100%| O|  |TAMS 0x0000000084700000, 0x0000000084700000| Untracked 
|  71|0x0000000084700000, 0x0000000084800000, 0x0000000084800000|100%| O|  |TAMS 0x0000000084800000, 0x0000000084800000| Untracked 
|  72|0x0000000084800000, 0x0000000084900000, 0x0000000084900000|100%| O|  |TAMS 0x0000000084900000, 0x0000000084900000| Untracked 
|  73|0x0000000084900000, 0x0000000084a00000, 0x0000000084a00000|100%| O|  |TAMS 0x0000000084a00000, 0x0000000084a00000| Untracked 
|  74|0x0000000084a00000, 0x0000000084b00000, 0x0000000084b00000|100%| O|  |TAMS 0x0000000084b00000, 0x0000000084b00000| Untracked 
|  75|0x0000000084b00000, 0x0000000084c00000, 0x0000000084c00000|100%| O|  |TAMS 0x0000000084c00000, 0x0000000084c00000| Untracked 
|  76|0x0000000084c00000, 0x0000000084d00000, 0x0000000084d00000|100%| O|  |TAMS 0x0000000084d00000, 0x0000000084d00000| Untracked 
|  77|0x0000000084d00000, 0x0000000084e00000, 0x0000000084e00000|100%| O|  |TAMS 0x0000000084e00000, 0x0000000084e00000| Untracked 
|  78|0x0000000084e00000, 0x0000000084f00000, 0x0000000084f00000|100%| O|  |TAMS 0x0000000084f00000, 0x0000000084f00000| Untracked 
|  79|0x0000000084f00000, 0x0000000085000000, 0x0000000085000000|100%| O|  |TAMS 0x0000000085000000, 0x0000000085000000| Untracked 
|  80|0x0000000085000000, 0x0000000085100000, 0x0000000085100000|100%|HS|  |TAMS 0x0000000085100000, 0x0000000085100000| Complete 
|  81|0x0000000085100000, 0x0000000085200000, 0x0000000085200000|100%|HC|  |TAMS 0x0000000085200000, 0x0000000085200000| Complete 
|  82|0x0000000085200000, 0x0000000085300000, 0x0000000085300000|100%|HS|  |TAMS 0x0000000085300000, 0x0000000085300000| Complete 
|  83|0x0000000085300000, 0x0000000085400000, 0x0000000085400000|100%|HS|  |TAMS 0x0000000085400000, 0x0000000085400000| Complete 
|  84|0x0000000085400000, 0x0000000085500000, 0x0000000085500000|100%|HS|  |TAMS 0x0000000085500000, 0x0000000085500000| Complete 
|  85|0x0000000085500000, 0x0000000085600000, 0x0000000085600000|100%|HC|  |TAMS 0x0000000085600000, 0x0000000085600000| Complete 
|  86|0x0000000085600000, 0x0000000085700000, 0x0000000085700000|100%|HS|  |TAMS 0x0000000085700000, 0x0000000085700000| Complete 
|  87|0x0000000085700000, 0x0000000085800000, 0x0000000085800000|100%|HC|  |TAMS 0x0000000085800000, 0x0000000085800000| Complete 
|  88|0x0000000085800000, 0x0000000085900000, 0x0000000085900000|100%|HS|  |TAMS 0x0000000085900000, 0x0000000085900000| Complete 
|  89|0x0000000085900000, 0x0000000085a00000, 0x0000000085a00000|100%|HC|  |TAMS 0x0000000085a00000, 0x0000000085a00000| Complete 
|  90|0x0000000085a00000, 0x0000000085b00000, 0x0000000085b00000|100%|HC|  |TAMS 0x0000000085b00000, 0x0000000085b00000| Complete 
|  91|0x0000000085b00000, 0x0000000085c00000, 0x0000000085c00000|100%| O|  |TAMS 0x0000000085c00000, 0x0000000085c00000| Untracked 
|  92|0x0000000085c00000, 0x0000000085d00000, 0x0000000085d00000|100%| O|  |TAMS 0x0000000085d00000, 0x0000000085d00000| Untracked 
|  93|0x0000000085d00000, 0x0000000085e00000, 0x0000000085e00000|100%| O|  |TAMS 0x0000000085e00000, 0x0000000085e00000| Untracked 
|  94|0x0000000085e00000, 0x0000000085f00000, 0x0000000085f00000|100%| O|  |TAMS 0x0000000085f00000, 0x0000000085f00000| Untracked 
|  95|0x0000000085f00000, 0x0000000086000000, 0x0000000086000000|100%| O|  |TAMS 0x0000000086000000, 0x0000000086000000| Untracked 
|  96|0x0000000086000000, 0x0000000086100000, 0x0000000086100000|100%| O|  |TAMS 0x0000000086100000, 0x0000000086100000| Untracked 
|  97|0x0000000086100000, 0x0000000086200000, 0x0000000086200000|100%| O|  |TAMS 0x0000000086200000, 0x0000000086200000| Untracked 
|  98|0x0000000086200000, 0x0000000086300000, 0x0000000086300000|100%| O|  |TAMS 0x0000000086300000, 0x0000000086300000| Untracked 
|  99|0x0000000086300000, 0x0000000086400000, 0x0000000086400000|100%| O|  |TAMS 0x0000000086400000, 0x0000000086400000| Untracked 
| 100|0x0000000086400000, 0x0000000086500000, 0x0000000086500000|100%| O|  |TAMS 0x0000000086500000, 0x0000000086500000| Untracked 
| 101|0x0000000086500000, 0x0000000086600000, 0x0000000086600000|100%| O|  |TAMS 0x0000000086600000, 0x0000000086600000| Untracked 
| 102|0x0000000086600000, 0x0000000086700000, 0x0000000086700000|100%| O|  |TAMS 0x0000000086700000, 0x0000000086700000| Untracked 
| 103|0x0000000086700000, 0x0000000086800000, 0x0000000086800000|100%| O|  |TAMS 0x0000000086800000, 0x0000000086800000| Untracked 
| 104|0x0000000086800000, 0x0000000086900000, 0x0000000086900000|100%| O|  |TAMS 0x0000000086900000, 0x0000000086900000| Untracked 
| 105|0x0000000086900000, 0x0000000086a00000, 0x0000000086a00000|100%| O|  |TAMS 0x0000000086a00000, 0x0000000086a00000| Untracked 
| 106|0x0000000086a00000, 0x0000000086b00000, 0x0000000086b00000|100%|HS|  |TAMS 0x0000000086b00000, 0x0000000086b00000| Complete 
| 107|0x0000000086b00000, 0x0000000086c00000, 0x0000000086c00000|100%|HC|  |TAMS 0x0000000086c00000, 0x0000000086c00000| Complete 
| 108|0x0000000086c00000, 0x0000000086d00000, 0x0000000086d00000|100%|HS|  |TAMS 0x0000000086d00000, 0x0000000086d00000| Complete 
| 109|0x0000000086d00000, 0x0000000086e00000, 0x0000000086e00000|100%| O|  |TAMS 0x0000000086e00000, 0x0000000086e00000| Untracked 
| 110|0x0000000086e00000, 0x0000000086f00000, 0x0000000086f00000|100%|HS|  |TAMS 0x0000000086f00000, 0x0000000086f00000| Complete 
| 111|0x0000000086f00000, 0x0000000087000000, 0x0000000087000000|100%| O|  |TAMS 0x0000000087000000, 0x0000000087000000| Untracked 
| 112|0x0000000087000000, 0x0000000087100000, 0x0000000087100000|100%| O|  |TAMS 0x0000000087100000, 0x0000000087100000| Untracked 
| 113|0x0000000087100000, 0x0000000087200000, 0x0000000087200000|100%| O|  |TAMS 0x0000000087131e00, 0x0000000087200000| Untracked 
| 114|0x0000000087200000, 0x0000000087300000, 0x0000000087300000|100%|HS|  |TAMS 0x0000000087300000, 0x0000000087300000| Complete 
| 115|0x0000000087300000, 0x0000000087400000, 0x0000000087400000|100%|HC|  |TAMS 0x0000000087400000, 0x0000000087400000| Complete 
| 116|0x0000000087400000, 0x0000000087500000, 0x0000000087500000|100%| O|  |TAMS 0x0000000087400000, 0x0000000087500000| Untracked 
| 117|0x0000000087500000, 0x0000000087600000, 0x0000000087600000|100%| O|  |TAMS 0x0000000087500000, 0x0000000087600000| Untracked 
| 118|0x0000000087600000, 0x0000000087700000, 0x0000000087700000|100%| O|  |TAMS 0x0000000087600000, 0x0000000087700000| Untracked 
| 119|0x0000000087700000, 0x0000000087800000, 0x0000000087800000|100%|HS|  |TAMS 0x0000000087800000, 0x0000000087800000| Complete 
| 120|0x0000000087800000, 0x0000000087900000, 0x0000000087900000|100%|HC|  |TAMS 0x0000000087900000, 0x0000000087900000| Complete 
| 121|0x0000000087900000, 0x0000000087a00000, 0x0000000087a00000|100%| O|  |TAMS 0x0000000087900000, 0x0000000087a00000| Untracked 
| 122|0x0000000087a00000, 0x0000000087b00000, 0x0000000087b00000|100%| O|  |TAMS 0x0000000087a00000, 0x0000000087b00000| Untracked 
| 123|0x0000000087b00000, 0x0000000087c00000, 0x0000000087c00000|100%| O|  |TAMS 0x0000000087b00000, 0x0000000087c00000| Untracked 
| 124|0x0000000087c00000, 0x0000000087d00000, 0x0000000087d00000|100%|HS|  |TAMS 0x0000000087c00000, 0x0000000087d00000| Complete 
| 125|0x0000000087d00000, 0x0000000087e00000, 0x0000000087e00000|100%| O|  |TAMS 0x0000000087d00000, 0x0000000087e00000| Untracked 
| 126|0x0000000087e00000, 0x0000000087f00000, 0x0000000087f00000|100%| O|  |TAMS 0x0000000087e00000, 0x0000000087f00000| Untracked 
| 127|0x0000000087f00000, 0x0000000088000000, 0x0000000088000000|100%|HS|  |TAMS 0x0000000088000000, 0x0000000088000000| Complete 
| 128|0x0000000088000000, 0x0000000088100000, 0x0000000088100000|100%|HC|  |TAMS 0x0000000088100000, 0x0000000088100000| Complete 
| 129|0x0000000088100000, 0x0000000088200000, 0x0000000088200000|100%|HC|  |TAMS 0x0000000088200000, 0x0000000088200000| Complete 
| 130|0x0000000088200000, 0x0000000088300000, 0x0000000088300000|100%|HS|  |TAMS 0x0000000088200000, 0x0000000088300000| Complete 
| 131|0x0000000088300000, 0x0000000088400000, 0x0000000088400000|100%| O|  |TAMS 0x0000000088300000, 0x0000000088400000| Untracked 
| 132|0x0000000088400000, 0x0000000088500000, 0x0000000088500000|100%| O|  |TAMS 0x0000000088400000, 0x0000000088500000| Untracked 
| 133|0x0000000088500000, 0x0000000088600000, 0x0000000088600000|100%| O|  |TAMS 0x0000000088500000, 0x0000000088600000| Untracked 
| 134|0x0000000088600000, 0x0000000088700000, 0x0000000088700000|100%| O|  |TAMS 0x0000000088600000, 0x0000000088700000| Untracked 
| 135|0x0000000088700000, 0x0000000088800000, 0x0000000088800000|100%| O|  |TAMS 0x0000000088700000, 0x0000000088800000| Untracked 
| 136|0x0000000088800000, 0x0000000088900000, 0x0000000088900000|100%| O|  |TAMS 0x0000000088800000, 0x0000000088900000| Untracked 
| 137|0x0000000088900000, 0x0000000088a00000, 0x0000000088a00000|100%| O|  |TAMS 0x0000000088900000, 0x0000000088a00000| Untracked 
| 138|0x0000000088a00000, 0x0000000088b00000, 0x0000000088b00000|100%| O|  |TAMS 0x0000000088a00000, 0x0000000088b00000| Untracked 
| 139|0x0000000088b00000, 0x0000000088c00000, 0x0000000088c00000|100%| O|  |TAMS 0x0000000088b00000, 0x0000000088ba4200| Untracked 
| 140|0x0000000088c00000, 0x0000000088d00000, 0x0000000088d00000|100%| O|  |TAMS 0x0000000088c00000, 0x0000000088c00000| Untracked 
| 141|0x0000000088d00000, 0x0000000088e00000, 0x0000000088e00000|100%| O|  |TAMS 0x0000000088d00000, 0x0000000088d00000| Untracked 
| 142|0x0000000088e00000, 0x0000000088f00000, 0x0000000088f00000|100%| O|  |TAMS 0x0000000088e00000, 0x0000000088e00000| Untracked 
| 143|0x0000000088f00000, 0x0000000089000000, 0x0000000089000000|100%| O|  |TAMS 0x0000000088f00000, 0x0000000088f00000| Untracked 
| 144|0x0000000089000000, 0x0000000089100000, 0x0000000089100000|100%| O|  |TAMS 0x0000000089000000, 0x0000000089000000| Untracked 
| 145|0x0000000089100000, 0x0000000089200000, 0x0000000089200000|100%| O|  |TAMS 0x0000000089100000, 0x0000000089100000| Untracked 
| 146|0x0000000089200000, 0x0000000089300000, 0x0000000089300000|100%| O|  |TAMS 0x0000000089200000, 0x0000000089200000| Untracked 
| 147|0x0000000089300000, 0x0000000089400000, 0x0000000089400000|100%| O|  |TAMS 0x0000000089300000, 0x0000000089300000| Untracked 
| 148|0x0000000089400000, 0x0000000089500000, 0x0000000089500000|100%| O|  |TAMS 0x0000000089400000, 0x0000000089400000| Untracked 
| 149|0x0000000089500000, 0x000000008957a600, 0x0000000089600000| 47%| O|  |TAMS 0x0000000089500000, 0x0000000089500000| Untracked 
| 150|0x0000000089600000, 0x0000000089600000, 0x0000000089700000|  0%| F|  |TAMS 0x0000000089600000, 0x0000000089600000| Untracked 
| 151|0x0000000089700000, 0x0000000089700000, 0x0000000089800000|  0%| F|  |TAMS 0x0000000089700000, 0x0000000089700000| Untracked 
| 152|0x0000000089800000, 0x0000000089900000, 0x0000000089900000|100%| O|  |TAMS 0x0000000089900000, 0x0000000089900000| Untracked 
| 153|0x0000000089900000, 0x0000000089a00000, 0x0000000089a00000|100%| O|  |TAMS 0x0000000089a00000, 0x0000000089a00000| Untracked 
| 154|0x0000000089a00000, 0x0000000089b00000, 0x0000000089b00000|100%| O|  |TAMS 0x0000000089b00000, 0x0000000089b00000| Untracked 
| 155|0x0000000089b00000, 0x0000000089c00000, 0x0000000089c00000|100%| O|  |TAMS 0x0000000089c00000, 0x0000000089c00000| Untracked 
| 156|0x0000000089c00000, 0x0000000089c00000, 0x0000000089d00000|  0%| F|  |TAMS 0x0000000089c00000, 0x0000000089c00000| Untracked 
| 157|0x0000000089d00000, 0x0000000089d00000, 0x0000000089e00000|  0%| F|  |TAMS 0x0000000089d00000, 0x0000000089d00000| Untracked 
| 158|0x0000000089e00000, 0x0000000089e00000, 0x0000000089f00000|  0%| F|  |TAMS 0x0000000089e00000, 0x0000000089e00000| Untracked 
| 159|0x0000000089f00000, 0x0000000089f00000, 0x000000008a000000|  0%| F|  |TAMS 0x0000000089f00000, 0x0000000089f00000| Untracked 
| 160|0x000000008a000000, 0x000000008a000000, 0x000000008a100000|  0%| F|  |TAMS 0x000000008a000000, 0x000000008a000000| Untracked 
| 161|0x000000008a100000, 0x000000008a100000, 0x000000008a200000|  0%| F|  |TAMS 0x000000008a100000, 0x000000008a100000| Untracked 
| 162|0x000000008a200000, 0x000000008a200000, 0x000000008a300000|  0%| F|  |TAMS 0x000000008a200000, 0x000000008a200000| Untracked 
| 163|0x000000008a300000, 0x000000008a300000, 0x000000008a400000|  0%| F|  |TAMS 0x000000008a300000, 0x000000008a300000| Untracked 
| 164|0x000000008a400000, 0x000000008a400000, 0x000000008a500000|  0%| F|  |TAMS 0x000000008a400000, 0x000000008a400000| Untracked 
| 165|0x000000008a500000, 0x000000008a500000, 0x000000008a600000|  0%| F|  |TAMS 0x000000008a500000, 0x000000008a500000| Untracked 
| 166|0x000000008a600000, 0x000000008a600000, 0x000000008a700000|  0%| F|  |TAMS 0x000000008a600000, 0x000000008a600000| Untracked 
| 167|0x000000008a700000, 0x000000008a700000, 0x000000008a800000|  0%| F|  |TAMS 0x000000008a700000, 0x000000008a700000| Untracked 
| 168|0x000000008a800000, 0x000000008a800000, 0x000000008a900000|  0%| F|  |TAMS 0x000000008a800000, 0x000000008a800000| Untracked 
| 169|0x000000008a900000, 0x000000008a900000, 0x000000008aa00000|  0%| F|  |TAMS 0x000000008a900000, 0x000000008a900000| Untracked 
| 170|0x000000008aa00000, 0x000000008aa00000, 0x000000008ab00000|  0%| F|  |TAMS 0x000000008aa00000, 0x000000008aa00000| Untracked 
| 171|0x000000008ab00000, 0x000000008ab00000, 0x000000008ac00000|  0%| F|  |TAMS 0x000000008ab00000, 0x000000008ab00000| Untracked 
| 172|0x000000008ac00000, 0x000000008ac00000, 0x000000008ad00000|  0%| F|  |TAMS 0x000000008ac00000, 0x000000008ac00000| Untracked 
| 173|0x000000008ad00000, 0x000000008ad00000, 0x000000008ae00000|  0%| F|  |TAMS 0x000000008ad00000, 0x000000008ad00000| Untracked 
| 174|0x000000008ae00000, 0x000000008ae00000, 0x000000008af00000|  0%| F|  |TAMS 0x000000008ae00000, 0x000000008ae00000| Untracked 
| 175|0x000000008af00000, 0x000000008af00000, 0x000000008b000000|  0%| F|  |TAMS 0x000000008af00000, 0x000000008af00000| Untracked 
| 176|0x000000008b000000, 0x000000008b000000, 0x000000008b100000|  0%| F|  |TAMS 0x000000008b000000, 0x000000008b000000| Untracked 
| 177|0x000000008b100000, 0x000000008b100000, 0x000000008b200000|  0%| F|  |TAMS 0x000000008b100000, 0x000000008b100000| Untracked 
| 178|0x000000008b200000, 0x000000008b300000, 0x000000008b300000|100%| S|CS|TAMS 0x000000008b200000, 0x000000008b200000| Complete 
| 179|0x000000008b300000, 0x000000008b400000, 0x000000008b400000|100%| S|CS|TAMS 0x000000008b300000, 0x000000008b300000| Complete 
| 180|0x000000008b400000, 0x000000008b400000, 0x000000008b500000|  0%| F|  |TAMS 0x000000008b400000, 0x000000008b400000| Untracked 
| 181|0x000000008b500000, 0x000000008b500000, 0x000000008b600000|  0%| F|  |TAMS 0x000000008b500000, 0x000000008b500000| Untracked 
| 182|0x000000008b600000, 0x000000008b600000, 0x000000008b700000|  0%| F|  |TAMS 0x000000008b600000, 0x000000008b600000| Untracked 
| 183|0x000000008b700000, 0x000000008b700000, 0x000000008b800000|  0%| F|  |TAMS 0x000000008b700000, 0x000000008b700000| Untracked 
| 184|0x000000008b800000, 0x000000008b800000, 0x000000008b900000|  0%| F|  |TAMS 0x000000008b800000, 0x000000008b800000| Untracked 
| 185|0x000000008b900000, 0x000000008b900000, 0x000000008ba00000|  0%| F|  |TAMS 0x000000008b900000, 0x000000008b900000| Untracked 
| 186|0x000000008ba00000, 0x000000008ba00000, 0x000000008bb00000|  0%| F|  |TAMS 0x000000008ba00000, 0x000000008ba00000| Untracked 
| 187|0x000000008bb00000, 0x000000008bb00000, 0x000000008bc00000|  0%| F|  |TAMS 0x000000008bb00000, 0x000000008bb00000| Untracked 

Card table byte_map: [0x0000022774dc0000,0x00000227751c0000] _byte_map_base: 0x00000227749c0000

Marking Bits (Prev, Next): (CMBitMap*) 0x0000022761bbc308, (CMBitMap*) 0x0000022761bbc340
 Prev Bits: [0x00000227755c0000, 0x00000227775c0000)
 Next Bits: [0x00000227775c0000, 0x00000227795c0000)

Polling page: 0x0000022761350000

Metaspace:

Usage:
  Non-class:     83.87 MB capacity,    82.41 MB ( 98%) used,     1.19 MB (  1%) free+waste,   279.38 KB ( <1%) overhead. 
      Class:     13.20 MB capacity,    12.32 MB ( 93%) used,   775.74 KB (  6%) free+waste,   127.25 KB ( <1%) overhead. 
       Both:     97.08 MB capacity,    94.73 MB ( 98%) used,     1.95 MB (  2%) free+waste,   406.63 KB ( <1%) overhead. 

Virtual space:
  Non-class space:       84.00 MB reserved,      83.95 MB (>99%) committed 
      Class space:        1.00 GB reserved,      13.32 MB (  1%) committed 
             Both:        1.08 GB reserved,      97.28 MB (  9%) committed 

Chunk freelists:
   Non-Class:  17.00 KB
       Class:  18.00 KB
        Both:  35.00 KB

MaxMetaspaceSize: 17179869184.00 GB
CompressedClassSpaceSize: 1.00 GB
Initial GC threshold: 20.80 MB
Current GC threshold: 158.38 MB
CDS: off

CodeHeap 'non-profiled nmethods': size=120000Kb used=6059Kb max_used=6059Kb free=113940Kb
 bounds [0x000002276d160000, 0x000002276d750000, 0x0000022774690000]
CodeHeap 'profiled nmethods': size=120000Kb used=24013Kb max_used=24013Kb free=95986Kb
 bounds [0x0000022765c30000, 0x00000227673b0000, 0x000002276d160000]
CodeHeap 'non-nmethods': size=5760Kb used=2411Kb max_used=2437Kb free=3348Kb
 bounds [0x0000022765690000, 0x0000022765900000, 0x0000022765c30000]
 total_blobs=12306 nmethods=11386 adapters=832
 compilation: enabled
              stopped_count=0, restarted_count=0
 full_count=0

Compilation events (20 events):
Event: 22.864 Thread 0x000002277c98b800 nmethod 11604 0x000002276739f810 code [0x000002276739f9c0, 0x000002276739fb08]
Event: 22.864 Thread 0x000002277c98b800 11602       2       com.android.tools.r8.graph.b0::o0 (2 bytes)
Event: 22.864 Thread 0x000002277c98b800 nmethod 11602 0x000002276739fc10 code [0x000002276739fdc0, 0x000002276739feb8]
Event: 22.864 Thread 0x000002277c98b800 11608       2       com.android.tools.r8.graph.X0$$Lambda$1328/0x0000000100b6f440::a (5 bytes)
Event: 22.865 Thread 0x000002277c98b800 nmethod 11608 0x000002276739ff90 code [0x00000227673a0180, 0x00000227673a03a8]
Event: 22.865 Thread 0x000002277c98b800 11610       2       java.util.AbstractList::subList (40 bytes)
Event: 22.866 Thread 0x000002277c98b800 nmethod 11610 0x00000227673a0510 code [0x00000227673a0700, 0x00000227673a0a48]
Event: 22.866 Thread 0x000002277c98b800 11609       2       com.android.tools.r8.graph.X0::a (27 bytes)
Event: 22.866 Thread 0x000002277c98b800 nmethod 11609 0x00000227673a0b90 code [0x00000227673a0d80, 0x00000227673a0f68]
Event: 22.866 Thread 0x000002277c98b800 11623       2       com.android.tools.r8.internal.vc::a (80 bytes)
Event: 22.867 Thread 0x000002277c98b800 nmethod 11623 0x00000227673a1110 code [0x00000227673a1320, 0x00000227673a1628]
Event: 22.867 Thread 0x000002277c98b800 11618       2       com.android.tools.r8.graph.z::a (77 bytes)
Event: 22.867 Thread 0x000002277c98b800 nmethod 11618 0x00000227673a1810 code [0x00000227673a19c0, 0x00000227673a1af8]
Event: 22.867 Thread 0x000002277c98b800 11611       2       java.util.AbstractList$SubList::size (9 bytes)
Event: 22.868 Thread 0x000002277c98b800 nmethod 11611 0x00000227673a1c10 code [0x00000227673a1de0, 0x00000227673a1fa8]
Event: 22.868 Thread 0x000002277c98b800 11612       2       java.util.AbstractList$SubList::iterator (5 bytes)
Event: 22.868 Thread 0x000002277c98b800 nmethod 11612 0x00000227673a2110 code [0x00000227673a2300, 0x00000227673a2658]
Event: 22.868 Thread 0x000002277c98b800 11627       2       com.android.tools.r8.graph.z::c (161 bytes)
Event: 22.870 Thread 0x000002277c98b800 nmethod 11627 0x00000227673a2890 code [0x00000227673a2ac0, 0x00000227673a30a8]
Event: 22.870 Thread 0x000002277c98b800 11625       2       com.android.tools.r8.code.L0::hashCode (29 bytes)

GC Heap History (20 events):
Event: 21.691 GC heap after
{Heap after GC invocations=27 (full 0):
 garbage-first heap   total 155648K, used 105557K [0x0000000080000000, 0x0000000100000000)
  region size 1024K, 2 young (2048K), 2 survivors (2048K)
 Metaspace       used 93363K, capacity 95624K, committed 96156K, reserved 1132544K
  class space    used 11952K, capacity 12790K, committed 13004K, reserved 1048576K
}
Event: 21.793 GC heap before
{Heap before GC invocations=27 (full 0):
 garbage-first heap   total 155648K, used 150613K [0x0000000080000000, 0x0000000100000000)
  region size 1024K, 19 young (19456K), 2 survivors (2048K)
 Metaspace       used 93965K, capacity 96281K, committed 96668K, reserved 1132544K
  class space    used 12030K, capacity 12862K, committed 13004K, reserved 1048576K
}
Event: 21.798 GC heap after
{Heap after GC invocations=28 (full 0):
 garbage-first heap   total 159744K, used 121968K [0x0000000080000000, 0x0000000100000000)
  region size 1024K, 3 young (3072K), 3 survivors (3072K)
 Metaspace       used 93965K, capacity 96281K, committed 96668K, reserved 1132544K
  class space    used 12030K, capacity 12862K, committed 13004K, reserved 1048576K
}
Event: 21.997 GC heap before
{Heap before GC invocations=29 (full 0):
 garbage-first heap   total 159744K, used 131184K [0x0000000080000000, 0x0000000100000000)
  region size 1024K, 13 young (13312K), 3 survivors (3072K)
 Metaspace       used 94444K, capacity 96764K, committed 97308K, reserved 1134592K
  class space    used 12103K, capacity 12940K, committed 13132K, reserved 1048576K
}
Event: 22.005 GC heap after
{Heap after GC invocations=30 (full 0):
 garbage-first heap   total 159744K, used 125465K [0x0000000080000000, 0x0000000100000000)
  region size 1024K, 2 young (2048K), 2 survivors (2048K)
 Metaspace       used 94444K, capacity 96764K, committed 97308K, reserved 1134592K
  class space    used 12103K, capacity 12940K, committed 13132K, reserved 1048576K
}
Event: 22.050 GC heap before
{Heap before GC invocations=30 (full 0):
 garbage-first heap   total 159744K, used 134681K [0x0000000080000000, 0x0000000100000000)
  region size 1024K, 11 young (11264K), 2 survivors (2048K)
 Metaspace       used 94513K, capacity 96778K, committed 97308K, reserved 1134592K
  class space    used 12113K, capacity 12945K, committed 13132K, reserved 1048576K
}
Event: 22.060 GC heap after
{Heap after GC invocations=31 (full 0):
 garbage-first heap   total 159744K, used 129223K [0x0000000080000000, 0x0000000100000000)
  region size 1024K, 2 young (2048K), 2 survivors (2048K)
 Metaspace       used 94513K, capacity 96778K, committed 97308K, reserved 1134592K
  class space    used 12113K, capacity 12945K, committed 13132K, reserved 1048576K
}
Event: 22.113 GC heap before
{Heap before GC invocations=31 (full 0):
 garbage-first heap   total 159744K, used 135367K [0x0000000080000000, 0x0000000100000000)
  region size 1024K, 9 young (9216K), 2 survivors (2048K)
 Metaspace       used 94514K, capacity 96778K, committed 97308K, reserved 1134592K
  class space    used 12113K, capacity 12945K, committed 13132K, reserved 1048576K
}
Event: 22.120 GC heap after
{Heap after GC invocations=32 (full 0):
 garbage-first heap   total 159744K, used 132455K [0x0000000080000000, 0x0000000100000000)
  region size 1024K, 2 young (2048K), 2 survivors (2048K)
 Metaspace       used 94514K, capacity 96778K, committed 97308K, reserved 1134592K
  class space    used 12113K, capacity 12945K, committed 13132K, reserved 1048576K
}
Event: 22.148 GC heap before
{Heap before GC invocations=32 (full 0):
 garbage-first heap   total 159744K, used 137575K [0x0000000080000000, 0x0000000100000000)
  region size 1024K, 7 young (7168K), 2 survivors (2048K)
 Metaspace       used 94515K, capacity 96778K, committed 97308K, reserved 1134592K
  class space    used 12113K, capacity 12945K, committed 13132K, reserved 1048576K
}
Event: 22.154 GC heap after
{Heap after GC invocations=33 (full 0):
 garbage-first heap   total 159744K, used 134636K [0x0000000080000000, 0x0000000100000000)
  region size 1024K, 1 young (1024K), 1 survivors (1024K)
 Metaspace       used 94515K, capacity 96778K, committed 97308K, reserved 1134592K
  class space    used 12113K, capacity 12945K, committed 13132K, reserved 1048576K
}
Event: 22.200 GC heap before
{Heap before GC invocations=33 (full 0):
 garbage-first heap   total 159744K, used 141804K [0x0000000080000000, 0x0000000100000000)
  region size 1024K, 7 young (7168K), 1 survivors (1024K)
 Metaspace       used 94515K, capacity 96778K, committed 97308K, reserved 1134592K
  class space    used 12113K, capacity 12945K, committed 13132K, reserved 1048576K
}
Event: 22.209 GC heap after
{Heap after GC invocations=34 (full 0):
 garbage-first heap   total 192512K, used 138240K [0x0000000080000000, 0x0000000100000000)
  region size 1024K, 1 young (1024K), 1 survivors (1024K)
 Metaspace       used 94515K, capacity 96778K, committed 97308K, reserved 1134592K
  class space    used 12113K, capacity 12945K, committed 13132K, reserved 1048576K
}
Event: 22.462 GC heap before
{Heap before GC invocations=35 (full 0):
 garbage-first heap   total 192512K, used 152576K [0x0000000080000000, 0x0000000100000000)
  region size 1024K, 15 young (15360K), 1 survivors (1024K)
 Metaspace       used 94908K, capacity 97229K, committed 97564K, reserved 1134592K
  class space    used 12168K, capacity 12990K, committed 13132K, reserved 1048576K
}
Event: 22.473 GC heap after
{Heap after GC invocations=36 (full 0):
 garbage-first heap   total 192512K, used 145174K [0x0000000080000000, 0x0000000100000000)
  region size 1024K, 2 young (2048K), 2 survivors (2048K)
 Metaspace       used 94908K, capacity 97229K, committed 97564K, reserved 1134592K
  class space    used 12168K, capacity 12990K, committed 13132K, reserved 1048576K
}
Event: 22.701 GC heap before
{Heap before GC invocations=36 (full 0):
 garbage-first heap   total 192512K, used 157462K [0x0000000080000000, 0x0000000100000000)
  region size 1024K, 14 young (14336K), 2 survivors (2048K)
 Metaspace       used 96907K, capacity 99331K, committed 99612K, reserved 1134592K
  class space    used 12615K, capacity 13518K, committed 13644K, reserved 1048576K
}
Event: 22.711 GC heap after
{Heap after GC invocations=37 (full 0):
 garbage-first heap   total 192512K, used 149136K [0x0000000080000000, 0x0000000100000000)
  region size 1024K, 2 young (2048K), 2 survivors (2048K)
 Metaspace       used 96907K, capacity 99331K, committed 99612K, reserved 1134592K
  class space    used 12615K, capacity 13518K, committed 13644K, reserved 1048576K
}
Event: 22.809 GC heap before
{Heap before GC invocations=37 (full 0):
 garbage-first heap   total 192512K, used 160400K [0x0000000080000000, 0x0000000100000000)
  region size 1024K, 13 young (13312K), 2 survivors (2048K)
 Metaspace       used 96958K, capacity 99402K, committed 99612K, reserved 1134592K
  class space    used 12615K, capacity 13518K, committed 13644K, reserved 1048576K
}
Event: 22.817 GC heap after
{Heap after GC invocations=38 (full 0):
 garbage-first heap   total 192512K, used 154875K [0x0000000080000000, 0x0000000100000000)
  region size 1024K, 2 young (2048K), 2 survivors (2048K)
 Metaspace       used 96958K, capacity 99402K, committed 99612K, reserved 1134592K
  class space    used 12615K, capacity 13518K, committed 13644K, reserved 1048576K
}
Event: 22.876 GC heap before
{Heap before GC invocations=38 (full 0):
 garbage-first heap   total 192512K, used 163067K [0x0000000080000000, 0x0000000100000000)
  region size 1024K, 10 young (10240K), 2 survivors (2048K)
 Metaspace       used 97003K, capacity 99405K, committed 99612K, reserved 1134592K
  class space    used 12615K, capacity 13518K, committed 13644K, reserved 1048576K
}

Deoptimization events (20 events):
Event: 22.196 Thread 0x0000022703974000 DEOPT PACKING pc=0x000002276728fea6 sp=0x000000e6d3dfd260
Event: 22.196 Thread 0x0000022703974000 DEOPT UNPACKING pc=0x00000227656d9d0e sp=0x000000e6d3dfc910 mode 0
Event: 22.249 Thread 0x0000022703974000 DEOPT PACKING pc=0x000002276728fea6 sp=0x000000e6d3dfd260
Event: 22.249 Thread 0x0000022703974000 DEOPT UNPACKING pc=0x00000227656d9d0e sp=0x000000e6d3dfc910 mode 0
Event: 22.250 Thread 0x0000022703974000 DEOPT PACKING pc=0x000002276728fea6 sp=0x000000e6d3dfd260
Event: 22.250 Thread 0x0000022703974000 DEOPT UNPACKING pc=0x00000227656d9d0e sp=0x000000e6d3dfc910 mode 0
Event: 22.251 Thread 0x0000022703974000 DEOPT PACKING pc=0x000002276728fea6 sp=0x000000e6d3dfd260
Event: 22.251 Thread 0x0000022703974000 DEOPT UNPACKING pc=0x00000227656d9d0e sp=0x000000e6d3dfc910 mode 0
Event: 22.252 Thread 0x0000022703974000 DEOPT PACKING pc=0x000002276728fea6 sp=0x000000e6d3dfd260
Event: 22.252 Thread 0x0000022703974000 DEOPT UNPACKING pc=0x00000227656d9d0e sp=0x000000e6d3dfc910 mode 0
Event: 22.298 Thread 0x0000022703974000 DEOPT PACKING pc=0x000002276728fea6 sp=0x000000e6d3dfd260
Event: 22.298 Thread 0x0000022703974000 DEOPT UNPACKING pc=0x00000227656d9d0e sp=0x000000e6d3dfc910 mode 0
Event: 22.307 Thread 0x0000022703974000 DEOPT PACKING pc=0x000002276728fea6 sp=0x000000e6d3dfd260
Event: 22.307 Thread 0x0000022703974000 DEOPT UNPACKING pc=0x00000227656d9d0e sp=0x000000e6d3dfc910 mode 0
Event: 22.678 Thread 0x000002277f353000 Uncommon trap: trap_request=0xffffff4d fr.pc=0x000002276d73decc relative=0x000000000000038c
Event: 22.678 Thread 0x000002277f353000 Uncommon trap: reason=unstable_if action=reinterpret pc=0x000002276d73decc method=java.util.concurrent.ConcurrentLinkedQueue.offer(Ljava/lang/Object;)Z @ 96 c2
Event: 22.679 Thread 0x000002277f353000 DEOPT PACKING pc=0x000002276d73decc sp=0x000000e6d47fea40
Event: 22.679 Thread 0x000002277f353000 DEOPT UNPACKING pc=0x00000227656985af sp=0x000000e6d47fe980 mode 2
Event: 22.747 Thread 0x000002277f356800 DEOPT PACKING pc=0x00000227672ecc5b sp=0x000000e6d48fef70
Event: 22.747 Thread 0x000002277f356800 DEOPT UNPACKING pc=0x00000227656d9d0e sp=0x000000e6d48fe4c8 mode 0

Classes redefined (0 events):
No events

Internal exceptions (20 events):
Event: 20.480 Thread 0x00000227039b4800 Implicit null exception at 0x000002276d6d488f to 0x000002276d6d4e5c
Event: 21.329 Thread 0x0000022703974000 Exception <a 'sun/nio/fs/WindowsException'{0x0000000087f8bdb8}> (0x0000000087f8bdb8) thrown at [./src/hotspot/share/prims/jni.cpp, line 616]
Event: 21.402 Thread 0x0000022703974000 Exception <a 'java/lang/NoSuchMethodError'{0x00000000879e6b10}: 'java.lang.Object java.lang.invoke.DirectMethodHandle$Holder.newInvokeSpecial(java.lang.Object, int)'> (0x00000000879e6b10) thrown at [./src/hotspot/share/interpreter/linkResolver.cpp, line 773]
Event: 21.735 Thread 0x0000022703974000 Exception <a 'java/lang/NoSuchMethodError'{0x000000008969f2c8}: 'java.lang.Object java.lang.invoke.DirectMethodHandle$Holder.invokeStaticInit(java.lang.Object, java.lang.Object, java.lang.Object, java.lang.Object, java.lang.Object, java.lang.Object, java.lang.Object, java.lang.Object, java.lang.Object, java.lang.Object, java.lang.Object, java.lang.Object, java.lang.Object, java.lang.Object, java.lang.Object, java.lang.Object, java.lang.Object, java.lang.Object, int, java.lang.Object, java.lang.Object)'> (0
Event: 21.861 Thread 0x0000022703972800 Exception <a 'java/lang/NoSuchMethodError'{0x00000000895f58f8}: 'void java.lang.invoke.DirectMethodHandle$Holder.invokeStatic(java.lang.Object, long)'> (0x00000000895f58f8) thrown at [./src/hotspot/share/interpreter/linkResolver.cpp, line 773]
Event: 21.863 Thread 0x0000022703972800 Exception <a 'java/lang/NoSuchMethodError'{0x00000000895fadb8}: 'java.lang.Object java.lang.invoke.DirectMethodHandle$Holder.invokeStatic(java.lang.Object, long)'> (0x00000000895fadb8) thrown at [./src/hotspot/share/interpreter/linkResolver.cpp, line 773]
Event: 21.866 Thread 0x0000022703972800 Exception <a 'java/lang/NoSuchMethodError'{0x0000000089423090}: 'java.lang.Object java.lang.invoke.DirectMethodHandle$Holder.invokeStaticInit(java.lang.Object, java.lang.Object, long, java.lang.Object)'> (0x0000000089423090) thrown at [./src/hotspot/share/interpreter/linkResolver.cpp, line 773]
Event: 21.867 Thread 0x0000022703972800 Exception <a 'java/lang/NoSuchMethodError'{0x0000000089429560}: 'java.lang.Object java.lang.invoke.DirectMethodHandle$Holder.invokeStatic(java.lang.Object, java.lang.Object, long)'> (0x0000000089429560) thrown at [./src/hotspot/share/interpreter/linkResolver.cpp, line 773]
Event: 21.869 Thread 0x0000022703972800 Exception <a 'java/lang/NoSuchMethodError'{0x000000008942fad8}: 'java.lang.Object java.lang.invoke.Invokers$Holder.linkToTargetMethod(java.lang.Object, long, java.lang.Object)'> (0x000000008942fad8) thrown at [./src/hotspot/share/interpreter/linkResolver.cpp, line 773]
Event: 22.038 Thread 0x0000022703972800 Exception <a 'java/lang/NoSuchMethodError'{0x0000000089025930}: 'int java.lang.invoke.DirectMethodHandle$Holder.invokeSpecialIFC(java.lang.Object, java.lang.Object, java.lang.Object)'> (0x0000000089025930) thrown at [./src/hotspot/share/interpreter/linkResolver.cpp, line 773]
Event: 22.314 Thread 0x000002277f355800 Exception <a 'java/lang/IncompatibleClassChangeError'{0x000000008afcc968}: Found class java.lang.Object, but interface was expected> (0x000000008afcc968) thrown at [./src/hotspot/share/interpreter/linkResolver.cpp, line 839]
Event: 22.610 Thread 0x000002277f356800 Exception <a 'java/lang/IncompatibleClassChangeError'{0x000000008b73f768}: Found class java.lang.Object, but interface was expected> (0x000000008b73f768) thrown at [./src/hotspot/share/interpreter/linkResolver.cpp, line 839]
Event: 22.610 Thread 0x000002277f354000 Exception <a 'java/lang/IncompatibleClassChangeError'{0x000000008b7437c0}: Found class java.lang.Object, but interface was expected> (0x000000008b7437c0) thrown at [./src/hotspot/share/interpreter/linkResolver.cpp, line 839]
Event: 22.610 Thread 0x000002277f350800 Exception <a 'java/lang/IncompatibleClassChangeError'{0x000000008b744e38}: Found class java.lang.Object, but interface was expected> (0x000000008b744e38) thrown at [./src/hotspot/share/interpreter/linkResolver.cpp, line 839]
Event: 22.611 Thread 0x000002277f34f000 Exception <a 'java/lang/IncompatibleClassChangeError'{0x000000008b760968}: Found class java.lang.Object, but interface was expected> (0x000000008b760968) thrown at [./src/hotspot/share/interpreter/linkResolver.cpp, line 839]
Event: 22.611 Thread 0x000002277f354000 Exception <a 'java/lang/IncompatibleClassChangeError'{0x000000008b753990}: Found class java.lang.Object, but interface was expected> (0x000000008b753990) thrown at [./src/hotspot/share/interpreter/linkResolver.cpp, line 839]
Event: 22.611 Thread 0x000002277f355800 Exception <a 'java/lang/IncompatibleClassChangeError'{0x000000008b75b968}: Found class java.lang.Object, but interface was expected> (0x000000008b75b968) thrown at [./src/hotspot/share/interpreter/linkResolver.cpp, line 839]
Event: 22.611 Thread 0x000002277f350800 Exception <a 'java/lang/IncompatibleClassChangeError'{0x000000008b7477f8}: Found class java.lang.Object, but interface was expected> (0x000000008b7477f8) thrown at [./src/hotspot/share/interpreter/linkResolver.cpp, line 839]
Event: 22.611 Thread 0x000002277f356800 Exception <a 'java/lang/IncompatibleClassChangeError'{0x000000008b74c838}: Found class java.lang.Object, but interface was expected> (0x000000008b74c838) thrown at [./src/hotspot/share/interpreter/linkResolver.cpp, line 839]
Event: 22.611 Thread 0x000002277f355000 Exception <a 'java/lang/IncompatibleClassChangeError'{0x000000008b7554f0}: Found class java.lang.Object, but interface was expected> (0x000000008b7554f0) thrown at [./src/hotspot/share/interpreter/linkResolver.cpp, line 839]

Events (20 events):
Event: 22.657 loading class com/android/tools/r8/graph/N2 done
Event: 22.657 loading class com/android/tools/r8/graph/N2
Event: 22.657 loading class com/android/tools/r8/graph/N2 done
Event: 22.657 loading class com/android/tools/r8/graph/N2
Event: 22.657 loading class com/android/tools/r8/graph/N2 done
Event: 22.657 loading class com/android/tools/r8/graph/N2
Event: 22.657 loading class com/android/tools/r8/graph/N2 done
Event: 22.657 loading class com/android/tools/r8/graph/N2
Event: 22.657 loading class com/android/tools/r8/graph/N2 done
Event: 22.658 loading class com/android/tools/r8/internal/qK
Event: 22.658 loading class com/android/tools/r8/internal/qK done
Event: 22.658 loading class com/android/tools/r8/internal/vK
Event: 22.658 loading class com/android/tools/r8/internal/vK done
Event: 22.660 loading class com/android/tools/r8/internal/kl
Event: 22.660 loading class com/android/tools/r8/internal/kl done
Event: 22.701 Executing VM operation: G1CollectForAllocation
Event: 22.711 Executing VM operation: G1CollectForAllocation done
Event: 22.808 Executing VM operation: G1CollectForAllocation
Event: 22.817 Executing VM operation: G1CollectForAllocation done
Event: 22.875 Executing VM operation: G1CollectForAllocation


Dynamic libraries:
0x00007ff6c4bf0000 - 0x00007ff6c4bfa000 	I:\ android\jre\bin\java.exe
0x00007ff9fbc10000 - 0x00007ff9fbe24000 	C:\WINDOWS\SYSTEM32\ntdll.dll
0x00007ff9fa760000 - 0x00007ff9fa823000 	C:\WINDOWS\System32\KERNEL32.DLL
0x00007ff9f9150000 - 0x00007ff9f94ed000 	C:\WINDOWS\System32\KERNELBASE.dll
0x00007ff9f9680000 - 0x00007ff9f9791000 	C:\WINDOWS\System32\ucrtbase.dll
0x00007ff9e77e0000 - 0x00007ff9e77f7000 	I:\ android\jre\bin\VCRUNTIME140.dll
0x00007ff9e7bc0000 - 0x00007ff9e7bd9000 	I:\ android\jre\bin\jli.dll
0x00007ff9fb120000 - 0x00007ff9fb2cd000 	C:\WINDOWS\System32\USER32.dll
0x00007ff9e2d10000 - 0x00007ff9e2f9e000 	C:\WINDOWS\WinSxS\amd64_microsoft.windows.common-controls_6595b64144ccf1df_6.0.22621.608_none_a9444ca7c10bb01d\COMCTL32.dll
0x00007ff9f97a0000 - 0x00007ff9f97c6000 	C:\WINDOWS\System32\win32u.dll
0x00007ff9fa9e0000 - 0x00007ff9faa87000 	C:\WINDOWS\System32\msvcrt.dll
0x00007ff9fa930000 - 0x00007ff9fa959000 	C:\WINDOWS\System32\GDI32.dll
0x00007ff9f9030000 - 0x00007ff9f9142000 	C:\WINDOWS\System32\gdi32full.dll
0x00007ff9f94f0000 - 0x00007ff9f958a000 	C:\WINDOWS\System32\msvcp_win.dll
0x00007ff9fbae0000 - 0x00007ff9fbb12000 	C:\WINDOWS\System32\IMM32.DLL
0x00007ff9c61c0000 - 0x00007ff9c625d000 	I:\ android\jre\bin\msvcp140.dll
0x00007ff9afd20000 - 0x00007ff9b0822000 	I:\ android\jre\bin\server\jvm.dll
0x00007ff9fbb20000 - 0x00007ff9fbbce000 	C:\WINDOWS\System32\ADVAPI32.dll
0x00007ff9f9df0000 - 0x00007ff9f9e94000 	C:\WINDOWS\System32\sechost.dll
0x00007ff9fa5c0000 - 0x00007ff9fa6d5000 	C:\WINDOWS\System32\RPCRT4.dll
0x00007ff9f9a00000 - 0x00007ff9f9a08000 	C:\WINDOWS\System32\PSAPI.DLL
0x00007ff9e8710000 - 0x00007ff9e8719000 	C:\WINDOWS\SYSTEM32\WSOCK32.dll
0x00007ff9f6ae0000 - 0x00007ff9f6b14000 	C:\WINDOWS\SYSTEM32\WINMM.dll
0x00007ff9f0b90000 - 0x00007ff9f0b9a000 	C:\WINDOWS\SYSTEM32\VERSION.dll
0x00007ff9fa6e0000 - 0x00007ff9fa751000 	C:\WINDOWS\System32\WS2_32.dll
0x00007ff9f8180000 - 0x00007ff9f8198000 	C:\WINDOWS\SYSTEM32\kernel.appcore.dll
0x00007ff9e7c40000 - 0x00007ff9e7c51000 	I:\ android\jre\bin\verify.dll
0x00007ff9f68b0000 - 0x00007ff9f6ade000 	C:\WINDOWS\SYSTEM32\DBGHELP.DLL
0x00007ff9f9a60000 - 0x00007ff9f9dea000 	C:\WINDOWS\System32\combase.dll
0x00007ff9fa850000 - 0x00007ff9fa927000 	C:\WINDOWS\System32\OLEAUT32.dll
0x00007ff9f6870000 - 0x00007ff9f68a2000 	C:\WINDOWS\SYSTEM32\dbgcore.DLL
0x00007ff9f9590000 - 0x00007ff9f960b000 	C:\WINDOWS\System32\bcryptPrimitives.dll
0x00007ff9e7c10000 - 0x00007ff9e7c39000 	I:\ android\jre\bin\java.dll
0x00007ff9e7c00000 - 0x00007ff9e7c0b000 	I:\ android\jre\bin\jimage.dll
0x00007ff9e7be0000 - 0x00007ff9e7bf8000 	I:\ android\jre\bin\zip.dll
0x00007ff9fb2f0000 - 0x00007ff9fbadf000 	C:\WINDOWS\System32\SHELL32.dll
0x00007ff9f7060000 - 0x00007ff9f7928000 	C:\WINDOWS\SYSTEM32\windows.storage.dll
0x00007ff9f6f20000 - 0x00007ff9f705e000 	C:\WINDOWS\SYSTEM32\wintypes.dll
0x00007ff9fab50000 - 0x00007ff9fac41000 	C:\WINDOWS\System32\SHCORE.dll
0x00007ff9fad60000 - 0x00007ff9fadbe000 	C:\WINDOWS\System32\shlwapi.dll
0x00007ff9f8f60000 - 0x00007ff9f8f81000 	C:\WINDOWS\SYSTEM32\profapi.dll
0x00007ff9e7ba0000 - 0x00007ff9e7bba000 	I:\ android\jre\bin\net.dll
0x00007ff9efdb0000 - 0x00007ff9efedf000 	C:\WINDOWS\SYSTEM32\WINHTTP.dll
0x00007ff9f85e0000 - 0x00007ff9f8649000 	C:\WINDOWS\system32\mswsock.dll
0x00007ff9e7b80000 - 0x00007ff9e7b94000 	I:\ android\jre\bin\nio.dll
0x00007ff9ce3e0000 - 0x00007ff9ce407000 	C:\Users\Parth\.gradle\native\e1d6ef7f7dcc3fd88c89a11ec53ec762bb8ba0a96d01ffa2cd45eb1d1d8dd5c5\windows-amd64\native-platform.dll
0x00007ff9c4130000 - 0x00007ff9c4274000 	C:\Users\Parth\.gradle\native\0d407fdbe67a94daf76414ababcb853783967236a71b16ec16e742cd7a986fd3\windows-amd64\native-platform-file-events.dll
0x00007ff9e7b70000 - 0x00007ff9e7b7a000 	I:\ android\jre\bin\management.dll
0x00007ff9e7b60000 - 0x00007ff9e7b6d000 	I:\ android\jre\bin\management_ext.dll
0x00007ff9f8830000 - 0x00007ff9f884b000 	C:\WINDOWS\SYSTEM32\CRYPTSP.dll
0x00007ff9f80f0000 - 0x00007ff9f8125000 	C:\WINDOWS\system32\rsaenh.dll
0x00007ff9f86d0000 - 0x00007ff9f86f8000 	C:\WINDOWS\SYSTEM32\USERENV.dll
0x00007ff9f89d0000 - 0x00007ff9f89f8000 	C:\WINDOWS\SYSTEM32\bcrypt.dll
0x00007ff9f8850000 - 0x00007ff9f885c000 	C:\WINDOWS\SYSTEM32\CRYPTBASE.dll
0x00007ff9f7c40000 - 0x00007ff9f7c6d000 	C:\WINDOWS\SYSTEM32\IPHLPAPI.DLL
0x00007ff9fa5b0000 - 0x00007ff9fa5b9000 	C:\WINDOWS\System32\NSI.dll
0x00007ff9efd90000 - 0x00007ff9efda9000 	C:\WINDOWS\SYSTEM32\dhcpcsvc6.DLL
0x00007ff9efd10000 - 0x00007ff9efd2f000 	C:\WINDOWS\SYSTEM32\dhcpcsvc.DLL
0x00007ff9f7c70000 - 0x00007ff9f7d62000 	C:\WINDOWS\SYSTEM32\DNSAPI.dll

dbghelp: loaded successfully - version: 4.0.5 - missing functions: none
symbol engine: initialized successfully - sym options: 0x614 - pdb path: .;I:\ android\jre\bin;C:\WINDOWS\SYSTEM32;C:\WINDOWS\WinSxS\amd64_microsoft.windows.common-controls_6595b64144ccf1df_6.0.22621.608_none_a9444ca7c10bb01d;I:\ android\jre\bin\server;C:\Users\Parth\.gradle\native\e1d6ef7f7dcc3fd88c89a11ec53ec762bb8ba0a96d01ffa2cd45eb1d1d8dd5c5\windows-amd64;C:\Users\Parth\.gradle\native\0d407fdbe67a94daf76414ababcb853783967236a71b16ec16e742cd7a986fd3\windows-amd64

VM Arguments:
jvm_args: --add-opens=java.base/java.util=ALL-UNNAMED --add-opens=java.base/java.lang=ALL-UNNAMED --add-opens=java.base/java.lang.invoke=ALL-UNNAMED --add-opens=java.base/java.util=ALL-UNNAMED --add-opens=java.prefs/java.util.prefs=ALL-UNNAMED --add-opens=java.prefs/java.util.prefs=ALL-UNNAMED --add-opens=java.base/java.nio.charset=ALL-UNNAMED --add-opens=java.base/java.net=ALL-UNNAMED --add-opens=java.base/java.util.concurrent.atomic=ALL-UNNAMED -Xmx2048m -Dfile.encoding=UTF-8 -Duser.country=IN -Duser.language=en -Duser.variant 
java_command: org.gradle.launcher.daemon.bootstrap.GradleDaemon 7.4
java_class_path (initial): C:\Users\Parth\.gradle\wrapper\dists\gradle-7.4-bin\c0gwcg53nkjbqw7r0h0umtfvt\gradle-7.4\lib\gradle-launcher-7.4.jar
Launcher Type: SUN_STANDARD

[Global flags]
     intx CICompilerCount                          = 4                                         {product} {ergonomic}
     uint ConcGCThreads                            = 2                                         {product} {ergonomic}
     uint G1ConcRefinementThreads                  = 8                                         {product} {ergonomic}
   size_t G1HeapRegionSize                         = 1048576                                   {product} {ergonomic}
    uintx GCDrainStackTargetSize                   = 64                                        {product} {ergonomic}
   size_t InitialHeapSize                          = 132120576                                 {product} {ergonomic}
   size_t MarkStackSize                            = 4194304                                   {product} {ergonomic}
   size_t MaxHeapSize                              = 2147483648                                {product} {command line}
   size_t MaxNewSize                               = 1287651328                                {product} {ergonomic}
   size_t MinHeapDeltaBytes                        = 1048576                                   {product} {ergonomic}
    uintx NonNMethodCodeHeapSize                   = 5836300                                {pd product} {ergonomic}
    uintx NonProfiledCodeHeapSize                  = 122910970                              {pd product} {ergonomic}
    uintx ProfiledCodeHeapSize                     = 122910970                              {pd product} {ergonomic}
    uintx ReservedCodeCacheSize                    = 251658240                              {pd product} {ergonomic}
     bool SegmentedCodeCache                       = true                                      {product} {ergonomic}
     bool UseCompressedClassPointers               = true                                 {lp64_product} {ergonomic}
     bool UseCompressedOops                        = true                                 {lp64_product} {ergonomic}
     bool UseG1GC                                  = true                                      {product} {ergonomic}
     bool UseLargePagesIndividualAllocation        = false                                  {pd product} {ergonomic}

Logging:
Log output configuration:
 #0: stdout all=warning uptime,level,tags
 #1: stderr all=off uptime,level,tags

Environment Variables:
PATH=C:\Windows\system32;C:\Windows;C:\Windows\System32\Wbem;C:\Windows\System32\WindowsPowerShell\v1.0\;C:\Windows\System32\OpenSSH\;C:\Program Files (x86)\dotnet\;C:\Program Files\NVIDIA Corporation\NVIDIA NvDLISR;C:\Program Files (x86)\NVIDIA Corporation\PhysX\Common;C:\WINDOWS\system32;C:\WINDOWS;C:\WINDOWS\System32\Wbem;C:\WINDOWS\System32\WindowsPowerShell\v1.0\;C:\WINDOWS\System32\OpenSSH\;C:\Program Files\dotnet\;C:\Program Files\Cloudflare\Cloudflare WARP\;C:\Users\Parth\AppData\Local\Programs\Python\Python39\Scripts\;C:\Users\Parth\AppData\Local\Programs\Python\Python39\;C:\Users\Parth\AppData\Local\Microsoft\WindowsApps;C:\Users\Parth\AppData\Local\GitHubDesktop\bin
USERNAME=Parth
OS=Windows_NT
PROCESSOR_IDENTIFIER=Intel64 Family 6 Model 126 Stepping 5, GenuineIntel



---------------  S Y S T E M  ---------------

OS: Windows 11 , 64 bit Build 22621 (10.0.22621.963)
OS uptime: 1 days 4:38 hours

CPU:total 8 (initial active 8) (4 cores per cpu, 2 threads per core) family 6 model 126 stepping 5 microcode 0xb2, cmov, cx8, fxsr, mmx, sse, sse2, sse3, ssse3, sse4.1, sse4.2, popcnt, avx, avx2, aes, clmul, erms, 3dnowpref, lzcnt, ht, tsc, tscinvbit, bmi1, bmi2, adx, evex, sha, fma

Memory: 4k page, system-wide physical 7959M (329M free)
TotalPageFile size 32535M (AvailPageFile size 9M)
current process WorkingSet (physical memory assigned to process): 443M, peak: 443M
current process commit charge ("private bytes"): 496M, peak: 600M

vm_info: OpenJDK 64-Bit Server VM (11.0.13+0-b1751.21-8125866) for windows-amd64 JRE (11.0.13+0-b1751.21-8125866), built on Feb  2 2022 03:00:22 by "builder" with MS VC++ 14.0 (VS2015)

END.
