#
# There is insufficient memory for the Java Runtime Environment to continue.
# Native memory allocation (malloc) failed to allocate 151376 bytes for Chunk::new
# Possible reasons:
#   The system is out of physical RAM or swap space
#   The process is running with CompressedOops enabled, and the Java Heap may be blocking the growth of the native heap
# Possible solutions:
#   Reduce memory load on the system
#   Increase physical memory or swap space
#   Check if swap backing store is full
#   Decrease Java heap size (-Xmx/-Xms)
#   Decrease number of Java threads
#   Decrease Java thread stack sizes (-Xss)
#   Set larger code cache with -XX:ReservedCodeCacheSize=
#   JVM is running with Unscaled Compressed Oops mode in which the Java heap is
#     placed in the first 4GB address space. The Java Heap base address is the
#     maximum limit for the native heap growth. Please use -XX:HeapBaseMinAddress
#     to set the Java Heap base and to place the Java Heap above 4GB virtual address.
# This output file may be truncated or incomplete.
#
#  Out of Memory Error (./src/hotspot/share/memory/arena.cpp:197), pid=6128, tid=28280
#
# JRE version: OpenJDK Runtime Environment (11.0.13) (build 11.0.13+0-b1751.21-8125866)
# Java VM: OpenJDK 64-Bit Server VM (11.0.13+0-b1751.21-8125866, mixed mode, tiered, compressed oops, g1 gc, windows-amd64)
# No core dump will be written. Minidumps are not enabled by default on client versions of Windows
#

---------------  S U M M A R Y ------------

Command Line: --add-opens=java.base/java.util=ALL-UNNAMED --add-opens=java.base/java.lang=ALL-UNNAMED --add-opens=java.base/java.lang.invoke=ALL-UNNAMED --add-opens=java.base/java.util=ALL-UNNAMED --add-opens=java.prefs/java.util.prefs=ALL-UNNAMED --add-opens=java.prefs/java.util.prefs=ALL-UNNAMED --add-opens=java.base/java.nio.charset=ALL-UNNAMED --add-opens=java.base/java.net=ALL-UNNAMED --add-opens=java.base/java.util.concurrent.atomic=ALL-UNNAMED -Xmx2048m -Dfile.encoding=UTF-8 -Duser.country=IN -Duser.language=en -Duser.variant org.gradle.launcher.daemon.bootstrap.GradleDaemon 7.4

Host: Intel(R) Core(TM) i5-1035G1 CPU @ 1.00GHz, 8 cores, 7G,  Windows 11 , 64 bit Build 22621 (10.0.22621.963)
Time: Fri Jan  6 19:06:35 2023 India Standard Time elapsed time: 16.940097 seconds (0d 0h 0m 16s)

---------------  T H R E A D  ---------------

Current thread (0x00000186e0b94800):  JavaThread "C2 CompilerThread0" daemon [_thread_in_native, id=28280, stack(0x000000791a600000,0x000000791a700000)]


Current CompileTask:
C2:  16940 4381       4       java.util.HashMap::computeIfAbsent (330 bytes)

Stack: [0x000000791a600000,0x000000791a700000]
Native frames: (J=compiled Java code, j=interpreted, Vv=VM code, C=native code)
V  [jvm.dll+0x6100fa]
V  [jvm.dll+0x747090]
V  [jvm.dll+0x7486ad]
V  [jvm.dll+0x748d83]
V  [jvm.dll+0x24ab48]
V  [jvm.dll+0xc04dc]
V  [jvm.dll+0xc0a0c]
V  [jvm.dll+0x2bfab4]
V  [jvm.dll+0x524238]
V  [jvm.dll+0x2045ac]
V  [jvm.dll+0x2023c2]
V  [jvm.dll+0x188e01]
V  [jvm.dll+0x21106b]
V  [jvm.dll+0x20f8c1]
V  [jvm.dll+0x70de0f]
V  [jvm.dll+0x706a75]
V  [jvm.dll+0x60ed66]
C  [ucrtbase.dll+0x29363]
C  [KERNEL32.DLL+0x126bd]
C  [ntdll.dll+0x5dfb8]


---------------  P R O C E S S  ---------------

Threads class SMR info:
_java_thread_list=0x00000186e1eb0de0, length=36, elements={
0x00000186c66d9800, 0x00000186e0b72800, 0x00000186e0b7e800, 0x00000186e0b8e000,
0x00000186e0b8f000, 0x00000186e0b90800, 0x00000186e0b94800, 0x00000186e0b98000,
0x00000186e14eb000, 0x00000186e164b800, 0x00000186e29c1000, 0x00000186e354d800,
0x00000186e2f9d000, 0x00000186e3799800, 0x00000186e2fe6000, 0x00000186e3503000,
0x00000186e298d000, 0x00000186e298d800, 0x00000186e26f8800, 0x00000186e26f9000,
0x00000186e3694800, 0x00000186e369b000, 0x00000186e3697800, 0x00000186e3698800,
0x00000186e369a000, 0x00000186e3696800, 0x00000186e3699000, 0x00000186e3695000,
0x00000186e3696000, 0x00000186e43e0800, 0x00000186e43df800, 0x00000186e43e1000,
0x00000186e43e3000, 0x00000186e43e4800, 0x00000186e43e2000, 0x00000186e43de800
}

Java Threads: ( => current thread )
  0x00000186c66d9800 JavaThread "main" [_thread_blocked, id=18936, stack(0x0000007919a00000,0x0000007919b00000)]
  0x00000186e0b72800 JavaThread "Reference Handler" daemon [_thread_blocked, id=23404, stack(0x000000791a100000,0x000000791a200000)]
  0x00000186e0b7e800 JavaThread "Finalizer" daemon [_thread_blocked, id=26672, stack(0x000000791a200000,0x000000791a300000)]
  0x00000186e0b8e000 JavaThread "Signal Dispatcher" daemon [_thread_blocked, id=7132, stack(0x000000791a300000,0x000000791a400000)]
  0x00000186e0b8f000 JavaThread "Attach Listener" daemon [_thread_blocked, id=21960, stack(0x000000791a400000,0x000000791a500000)]
  0x00000186e0b90800 JavaThread "Service Thread" daemon [_thread_blocked, id=27704, stack(0x000000791a500000,0x000000791a600000)]
=>0x00000186e0b94800 JavaThread "C2 CompilerThread0" daemon [_thread_in_native, id=28280, stack(0x000000791a600000,0x000000791a700000)]
  0x00000186e0b98000 JavaThread "C1 CompilerThread0" daemon [_thread_blocked, id=28180, stack(0x000000791a700000,0x000000791a800000)]
  0x00000186e14eb000 JavaThread "Sweeper thread" daemon [_thread_blocked, id=27072, stack(0x000000791a800000,0x000000791a900000)]
  0x00000186e164b800 JavaThread "Common-Cleaner" daemon [_thread_blocked, id=16428, stack(0x000000791a900000,0x000000791aa00000)]
  0x00000186e29c1000 JavaThread "Daemon health stats" [_thread_blocked, id=8844, stack(0x000000791ad00000,0x000000791ae00000)]
  0x00000186e354d800 JavaThread "Incoming local TCP Connector on port 50169" [_thread_in_native, id=23732, stack(0x000000791ae00000,0x000000791af00000)]
  0x00000186e2f9d000 JavaThread "Daemon periodic checks" [_thread_blocked, id=7228, stack(0x000000791af00000,0x000000791b000000)]
  0x00000186e3799800 JavaThread "Daemon" [_thread_blocked, id=26332, stack(0x000000791b000000,0x000000791b100000)]
  0x00000186e2fe6000 JavaThread "Handler for socket connection from /127.0.0.1:50169 to /127.0.0.1:50170" [_thread_in_native, id=16548, stack(0x000000791b100000,0x000000791b200000)]
  0x00000186e3503000 JavaThread "Cancel handler" [_thread_blocked, id=1712, stack(0x000000791b200000,0x000000791b300000)]
  0x00000186e298d000 JavaThread "Daemon worker" [_thread_in_native, id=26636, stack(0x000000791b300000,0x000000791b400000)]
  0x00000186e298d800 JavaThread "Asynchronous log dispatcher for DefaultDaemonConnection: socket connection from /127.0.0.1:50169 to /127.0.0.1:50170" [_thread_blocked, id=27180, stack(0x000000791b400000,0x000000791b500000)]
  0x00000186e26f8800 JavaThread "Stdin handler" [_thread_blocked, id=27064, stack(0x000000791b500000,0x000000791b600000)]
  0x00000186e26f9000 JavaThread "Daemon client event forwarder" [_thread_blocked, id=23556, stack(0x000000791b600000,0x000000791b700000)]
  0x00000186e3694800 JavaThread "Cache worker for journal cache (C:\Users\Parth\.gradle\caches\journal-1)" [_thread_blocked, id=26776, stack(0x000000791bc00000,0x000000791bd00000)]
  0x00000186e369b000 JavaThread "File lock request listener" [_thread_in_native, id=11988, stack(0x000000791bd00000,0x000000791be00000)]
  0x00000186e3697800 JavaThread "Cache worker for file hash cache (C:\Users\Parth\.gradle\caches\7.4\fileHashes)" [_thread_blocked, id=1812, stack(0x000000791be00000,0x000000791bf00000)]
  0x00000186e3698800 JavaThread "File watcher server" daemon [_thread_in_native, id=22436, stack(0x000000791c000000,0x000000791c100000)]
  0x00000186e369a000 JavaThread "File watcher consumer" daemon [_thread_blocked, id=9184, stack(0x000000791c100000,0x000000791c200000)]
  0x00000186e3696800 JavaThread "Cache worker for checksums cache (I:\BudgetS\.gradle\7.4\checksums)" [_thread_blocked, id=20972, stack(0x000000791c200000,0x000000791c300000)]
  0x00000186e3699000 JavaThread "Cache worker for cache directory md-rule (C:\Users\Parth\.gradle\caches\7.4\md-rule)" [_thread_blocked, id=25108, stack(0x000000791c300000,0x000000791c400000)]
  0x00000186e3695000 JavaThread "Cache worker for file hash cache (I:\BudgetS\.gradle\7.4\fileHashes)" [_thread_blocked, id=20052, stack(0x000000791c400000,0x000000791c500000)]
  0x00000186e3696000 JavaThread "Cache worker for cache directory md-supplier (C:\Users\Parth\.gradle\caches\7.4\md-supplier)" [_thread_blocked, id=27664, stack(0x000000791c500000,0x000000791c600000)]
  0x00000186e43e0800 JavaThread "Cache worker for execution history cache (C:\Users\Parth\.gradle\caches\7.4\executionHistory)" [_thread_blocked, id=19512, stack(0x000000791c600000,0x000000791c700000)]
  0x00000186e43df800 JavaThread "jar transforms" [_thread_blocked, id=4232, stack(0x000000791c700000,0x000000791c800000)]
  0x00000186e43e1000 JavaThread "Cache worker for file content cache (C:\Users\Parth\.gradle\caches\7.4\fileContent)" [_thread_blocked, id=10264, stack(0x000000791c800000,0x000000791c900000)]
  0x00000186e43e3000 JavaThread "jar transforms Thread 2" [_thread_blocked, id=28492, stack(0x000000791c900000,0x000000791ca00000)]
  0x00000186e43e4800 JavaThread "Cache worker for dependencies-accessors (I:\BudgetS\.gradle\7.4\dependencies-accessors)" [_thread_blocked, id=22292, stack(0x000000791ca00000,0x000000791cb00000)]
  0x00000186e43e2000 JavaThread "jar transforms Thread 3" [_thread_blocked, id=21032, stack(0x000000791cb00000,0x000000791cc00000)]
  0x00000186e43de800 JavaThread "Cache worker for Build Output Cleanup Cache (I:\BudgetS\.gradle\buildOutputCleanup)" [_thread_blocked, id=20308, stack(0x000000791cc00000,0x000000791cd00000)]

Other Threads:
  0x00000186e0b70000 VMThread "VM Thread" [stack: 0x000000791a000000,0x000000791a100000] [id=24672]
  0x00000186e1652000 WatcherThread [stack: 0x000000791aa00000,0x000000791ab00000] [id=15548]
  0x00000186c66f3000 GCTaskThread "GC Thread#0" [stack: 0x0000007919b00000,0x0000007919c00000] [id=13640]
  0x00000186e203f000 GCTaskThread "GC Thread#1" [stack: 0x000000791ab00000,0x000000791ac00000] [id=26148]
  0x00000186e2529000 GCTaskThread "GC Thread#2" [stack: 0x000000791ac00000,0x000000791ad00000] [id=26604]
  0x00000186e3605800 GCTaskThread "GC Thread#3" [stack: 0x000000791b700000,0x000000791b800000] [id=13248]
  0x00000186e2e75000 GCTaskThread "GC Thread#4" [stack: 0x000000791b800000,0x000000791b900000] [id=25840]
  0x00000186e3508000 GCTaskThread "GC Thread#5" [stack: 0x000000791b900000,0x000000791ba00000] [id=19184]
  0x00000186e2f56800 GCTaskThread "GC Thread#6" [stack: 0x000000791ba00000,0x000000791bb00000] [id=23308]
  0x00000186e3705000 GCTaskThread "GC Thread#7" [stack: 0x000000791bb00000,0x000000791bc00000] [id=16156]
  0x00000186c6725800 ConcurrentGCThread "G1 Main Marker" [stack: 0x0000007919c00000,0x0000007919d00000] [id=20836]
  0x00000186c6728000 ConcurrentGCThread "G1 Conc#0" [stack: 0x0000007919d00000,0x0000007919e00000] [id=8776]
  0x00000186e3915800 ConcurrentGCThread "G1 Conc#1" [stack: 0x000000791bf00000,0x000000791c000000] [id=15188]
  0x00000186e09c0800 ConcurrentGCThread "G1 Refine#0" [stack: 0x0000007919e00000,0x0000007919f00000] [id=24480]
  0x00000186e09c2800 ConcurrentGCThread "G1 Young RemSet Sampling" [stack: 0x0000007919f00000,0x000000791a000000] [id=27224]

Threads with active compile tasks:
C2 CompilerThread0  16991 4381       4       java.util.HashMap::computeIfAbsent (330 bytes)

VM state:not at safepoint (normal execution)

VM Mutex/Monitor currently owned by a thread: None

Heap address: 0x0000000080000000, size: 2048 MB, Compressed Oops mode: 32-bit
Narrow klass base: 0x0000000000000000, Narrow klass shift: 3
Compressed class space size: 1073741824 Address: 0x0000000100000000

Heap:
 garbage-first heap   total 129024K, used 52717K [0x0000000080000000, 0x0000000100000000)
  region size 1024K, 26 young (26624K), 3 survivors (3072K)
 Metaspace       used 47842K, capacity 49063K, committed 49308K, reserved 1091584K
  class space    used 6069K, capacity 6502K, committed 6604K, reserved 1048576K
Heap Regions: E=young(eden), S=young(survivor), O=old, HS=humongous(starts), HC=humongous(continues), CS=collection set, F=free, A=archive, TAMS=top-at-mark-start (previous, next)
|   0|0x0000000080000000, 0x0000000080100000, 0x0000000080100000|100%| O|  |TAMS 0x0000000080100000, 0x0000000080000000| Untracked 
|   1|0x0000000080100000, 0x0000000080200000, 0x0000000080200000|100%| O|  |TAMS 0x0000000080200000, 0x0000000080100000| Untracked 
|   2|0x0000000080200000, 0x0000000080300000, 0x0000000080300000|100%| O|  |TAMS 0x0000000080300000, 0x0000000080200000| Untracked 
|   3|0x0000000080300000, 0x0000000080400000, 0x0000000080400000|100%|HS|  |TAMS 0x0000000080400000, 0x0000000080300000| Complete 
|   4|0x0000000080400000, 0x0000000080500000, 0x0000000080500000|100%|HC|  |TAMS 0x0000000080500000, 0x0000000080400000| Complete 
|   5|0x0000000080500000, 0x0000000080600000, 0x0000000080600000|100%|HC|  |TAMS 0x0000000080600000, 0x0000000080500000| Complete 
|   6|0x0000000080600000, 0x0000000080700000, 0x0000000080700000|100%| O|  |TAMS 0x0000000080700000, 0x0000000080600000| Untracked 
|   7|0x0000000080700000, 0x0000000080800000, 0x0000000080800000|100%| O|  |TAMS 0x0000000080800000, 0x0000000080700000| Untracked 
|   8|0x0000000080800000, 0x0000000080900000, 0x0000000080900000|100%| O|  |TAMS 0x0000000080900000, 0x0000000080800000| Untracked 
|   9|0x0000000080900000, 0x0000000080a00000, 0x0000000080a00000|100%| O|  |TAMS 0x0000000080a00000, 0x0000000080900000| Untracked 
|  10|0x0000000080a00000, 0x0000000080b00000, 0x0000000080b00000|100%| O|  |TAMS 0x0000000080b00000, 0x0000000080a00000| Untracked 
|  11|0x0000000080b00000, 0x0000000080c00000, 0x0000000080c00000|100%| O|  |TAMS 0x0000000080c00000, 0x0000000080b00000| Untracked 
|  12|0x0000000080c00000, 0x0000000080d00000, 0x0000000080d00000|100%| O|  |TAMS 0x0000000080d00000, 0x0000000080c00000| Untracked 
|  13|0x0000000080d00000, 0x0000000080e00000, 0x0000000080e00000|100%| O|  |TAMS 0x0000000080e00000, 0x0000000080d00000| Untracked 
|  14|0x0000000080e00000, 0x0000000080f00000, 0x0000000080f00000|100%| O|  |TAMS 0x0000000080f00000, 0x0000000080e00000| Untracked 
|  15|0x0000000080f00000, 0x0000000081000000, 0x0000000081000000|100%| O|  |TAMS 0x0000000080faa400, 0x0000000080f00000| Untracked 
|  16|0x0000000081000000, 0x0000000081000000, 0x0000000081100000|  0%| F|  |TAMS 0x0000000081000000, 0x0000000081000000| Untracked 
|  17|0x0000000081100000, 0x0000000081200000, 0x0000000081200000|100%| O|  |TAMS 0x0000000081100000, 0x0000000081100000| Untracked 
|  18|0x0000000081200000, 0x0000000081300000, 0x0000000081300000|100%| O|  |TAMS 0x0000000081200000, 0x0000000081200000| Untracked 
|  19|0x0000000081300000, 0x0000000081400000, 0x0000000081400000|100%| O|  |TAMS 0x0000000081300000, 0x0000000081300000| Untracked 
|  20|0x0000000081400000, 0x0000000081500000, 0x0000000081500000|100%| O|  |TAMS 0x0000000081400000, 0x0000000081400000| Untracked 
|  21|0x0000000081500000, 0x0000000081600000, 0x0000000081600000|100%| O|  |TAMS 0x0000000081500000, 0x0000000081500000| Untracked 
|  22|0x0000000081600000, 0x0000000081700000, 0x0000000081700000|100%| O|  |TAMS 0x0000000081600000, 0x0000000081600000| Untracked 
|  23|0x0000000081700000, 0x0000000081800000, 0x0000000081800000|100%| O|  |TAMS 0x0000000081700000, 0x0000000081700000| Untracked 
|  24|0x0000000081800000, 0x0000000081900000, 0x0000000081900000|100%| O|  |TAMS 0x0000000081800000, 0x0000000081800000| Untracked 
|  25|0x0000000081900000, 0x0000000081a00000, 0x0000000081a00000|100%| O|  |TAMS 0x0000000081900000, 0x0000000081900000| Untracked 
|  26|0x0000000081a00000, 0x0000000081b00000, 0x0000000081b00000|100%| O|  |TAMS 0x0000000081a00000, 0x0000000081a00000| Untracked 
|  27|0x0000000081b00000, 0x0000000081bb7c00, 0x0000000081c00000| 71%| O|  |TAMS 0x0000000081b00000, 0x0000000081b00000| Untracked 
|  28|0x0000000081c00000, 0x0000000081c00000, 0x0000000081d00000|  0%| F|  |TAMS 0x0000000081c00000, 0x0000000081c00000| Untracked 
|  29|0x0000000081d00000, 0x0000000081d00000, 0x0000000081e00000|  0%| F|  |TAMS 0x0000000081d00000, 0x0000000081d00000| Untracked 
|  30|0x0000000081e00000, 0x0000000081e00000, 0x0000000081f00000|  0%| F|  |TAMS 0x0000000081e00000, 0x0000000081e00000| Untracked 
|  31|0x0000000081f00000, 0x0000000081f00000, 0x0000000082000000|  0%| F|  |TAMS 0x0000000081f00000, 0x0000000081f00000| Untracked 
|  32|0x0000000082000000, 0x0000000082000000, 0x0000000082100000|  0%| F|  |TAMS 0x0000000082000000, 0x0000000082000000| Untracked 
|  33|0x0000000082100000, 0x0000000082100000, 0x0000000082200000|  0%| F|  |TAMS 0x0000000082100000, 0x0000000082100000| Untracked 
|  34|0x0000000082200000, 0x0000000082200000, 0x0000000082300000|  0%| F|  |TAMS 0x0000000082200000, 0x0000000082200000| Untracked 
|  35|0x0000000082300000, 0x0000000082300000, 0x0000000082400000|  0%| F|  |TAMS 0x0000000082300000, 0x0000000082300000| Untracked 
|  36|0x0000000082400000, 0x0000000082400000, 0x0000000082500000|  0%| F|  |TAMS 0x0000000082400000, 0x0000000082400000| Untracked 
|  37|0x0000000082500000, 0x0000000082500000, 0x0000000082600000|  0%| F|  |TAMS 0x0000000082500000, 0x0000000082500000| Untracked 
|  38|0x0000000082600000, 0x0000000082600000, 0x0000000082700000|  0%| F|  |TAMS 0x0000000082600000, 0x0000000082600000| Untracked 
|  39|0x0000000082700000, 0x0000000082700000, 0x0000000082800000|  0%| F|  |TAMS 0x0000000082700000, 0x0000000082700000| Untracked 
|  40|0x0000000082800000, 0x0000000082800000, 0x0000000082900000|  0%| F|  |TAMS 0x0000000082800000, 0x0000000082800000| Untracked 
|  41|0x0000000082900000, 0x0000000082900000, 0x0000000082a00000|  0%| F|  |TAMS 0x0000000082900000, 0x0000000082900000| Untracked 
|  42|0x0000000082a00000, 0x0000000082a00000, 0x0000000082b00000|  0%| F|  |TAMS 0x0000000082a00000, 0x0000000082a00000| Untracked 
|  43|0x0000000082b00000, 0x0000000082b00000, 0x0000000082c00000|  0%| F|  |TAMS 0x0000000082b00000, 0x0000000082b00000| Untracked 
|  44|0x0000000082c00000, 0x0000000082c00000, 0x0000000082d00000|  0%| F|  |TAMS 0x0000000082c00000, 0x0000000082c00000| Untracked 
|  45|0x0000000082d00000, 0x0000000082d00000, 0x0000000082e00000|  0%| F|  |TAMS 0x0000000082d00000, 0x0000000082d00000| Untracked 
|  46|0x0000000082e00000, 0x0000000082e00000, 0x0000000082f00000|  0%| F|  |TAMS 0x0000000082e00000, 0x0000000082e00000| Untracked 
|  47|0x0000000082f00000, 0x0000000082f00000, 0x0000000083000000|  0%| F|  |TAMS 0x0000000082f00000, 0x0000000082f00000| Untracked 
|  48|0x0000000083000000, 0x0000000083000000, 0x0000000083100000|  0%| F|  |TAMS 0x0000000083000000, 0x0000000083000000| Untracked 
|  49|0x0000000083100000, 0x0000000083100000, 0x0000000083200000|  0%| F|  |TAMS 0x0000000083100000, 0x0000000083100000| Untracked 
|  50|0x0000000083200000, 0x0000000083200000, 0x0000000083300000|  0%| F|  |TAMS 0x0000000083200000, 0x0000000083200000| Untracked 
|  51|0x0000000083300000, 0x0000000083300000, 0x0000000083400000|  0%| F|  |TAMS 0x0000000083300000, 0x0000000083300000| Untracked 
|  52|0x0000000083400000, 0x0000000083400000, 0x0000000083500000|  0%| F|  |TAMS 0x0000000083400000, 0x0000000083400000| Untracked 
|  53|0x0000000083500000, 0x0000000083500000, 0x0000000083600000|  0%| F|  |TAMS 0x0000000083500000, 0x0000000083500000| Untracked 
|  54|0x0000000083600000, 0x0000000083600000, 0x0000000083700000|  0%| F|  |TAMS 0x0000000083600000, 0x0000000083600000| Untracked 
|  55|0x0000000083700000, 0x0000000083700000, 0x0000000083800000|  0%| F|  |TAMS 0x0000000083700000, 0x0000000083700000| Untracked 
|  56|0x0000000083800000, 0x0000000083800000, 0x0000000083900000|  0%| F|  |TAMS 0x0000000083800000, 0x0000000083800000| Untracked 
|  57|0x0000000083900000, 0x00000000839c3a50, 0x0000000083a00000| 76%| S|CS|TAMS 0x0000000083900000, 0x0000000083900000| Complete 
|  58|0x0000000083a00000, 0x0000000083b00000, 0x0000000083b00000|100%| S|CS|TAMS 0x0000000083a00000, 0x0000000083a00000| Complete 
|  59|0x0000000083b00000, 0x0000000083c00000, 0x0000000083c00000|100%| S|CS|TAMS 0x0000000083b00000, 0x0000000083b00000| Complete 
|  60|0x0000000083c00000, 0x0000000083c00000, 0x0000000083d00000|  0%| F|  |TAMS 0x0000000083c00000, 0x0000000083c00000| Untracked 
|  61|0x0000000083d00000, 0x0000000083d00000, 0x0000000083e00000|  0%| F|  |TAMS 0x0000000083d00000, 0x0000000083d00000| Untracked 
|  62|0x0000000083e00000, 0x0000000083e00000, 0x0000000083f00000|  0%| F|  |TAMS 0x0000000083e00000, 0x0000000083e00000| Untracked 
|  63|0x0000000083f00000, 0x0000000083f00000, 0x0000000084000000|  0%| F|  |TAMS 0x0000000083f00000, 0x0000000083f00000| Untracked 
|  64|0x0000000084000000, 0x0000000084000000, 0x0000000084100000|  0%| F|  |TAMS 0x0000000084000000, 0x0000000084000000| Untracked 
|  65|0x0000000084100000, 0x0000000084100000, 0x0000000084200000|  0%| F|  |TAMS 0x0000000084100000, 0x0000000084100000| Untracked 
|  66|0x0000000084200000, 0x0000000084200000, 0x0000000084300000|  0%| F|  |TAMS 0x0000000084200000, 0x0000000084200000| Untracked 
|  67|0x0000000084300000, 0x0000000084300000, 0x0000000084400000|  0%| F|  |TAMS 0x0000000084300000, 0x0000000084300000| Untracked 
|  68|0x0000000084400000, 0x0000000084400000, 0x0000000084500000|  0%| F|  |TAMS 0x0000000084400000, 0x0000000084400000| Untracked 
|  69|0x0000000084500000, 0x0000000084500000, 0x0000000084600000|  0%| F|  |TAMS 0x0000000084500000, 0x0000000084500000| Untracked 
|  70|0x0000000084600000, 0x0000000084600000, 0x0000000084700000|  0%| F|  |TAMS 0x0000000084600000, 0x0000000084600000| Untracked 
|  71|0x0000000084700000, 0x0000000084700000, 0x0000000084800000|  0%| F|  |TAMS 0x0000000084700000, 0x0000000084700000| Untracked 
|  72|0x0000000084800000, 0x0000000084800000, 0x0000000084900000|  0%| F|  |TAMS 0x0000000084800000, 0x0000000084800000| Untracked 
|  73|0x0000000084900000, 0x0000000084900000, 0x0000000084a00000|  0%| F|  |TAMS 0x0000000084900000, 0x0000000084900000| Untracked 
|  74|0x0000000084a00000, 0x0000000084a00000, 0x0000000084b00000|  0%| F|  |TAMS 0x0000000084a00000, 0x0000000084a00000| Untracked 
|  75|0x0000000084b00000, 0x0000000084b00000, 0x0000000084c00000|  0%| F|  |TAMS 0x0000000084b00000, 0x0000000084b00000| Untracked 
|  76|0x0000000084c00000, 0x0000000084c00000, 0x0000000084d00000|  0%| F|  |TAMS 0x0000000084c00000, 0x0000000084c00000| Untracked 
|  77|0x0000000084d00000, 0x0000000084d00000, 0x0000000084e00000|  0%| F|  |TAMS 0x0000000084d00000, 0x0000000084d00000| Untracked 
|  78|0x0000000084e00000, 0x0000000084e00000, 0x0000000084f00000|  0%| F|  |TAMS 0x0000000084e00000, 0x0000000084e00000| Untracked 
|  79|0x0000000084f00000, 0x0000000084f00000, 0x0000000085000000|  0%| F|  |TAMS 0x0000000084f00000, 0x0000000084f00000| Untracked 
|  80|0x0000000085000000, 0x0000000085000000, 0x0000000085100000|  0%| F|  |TAMS 0x0000000085000000, 0x0000000085000000| Untracked 
|  81|0x0000000085100000, 0x0000000085100000, 0x0000000085200000|  0%| F|  |TAMS 0x0000000085100000, 0x0000000085100000| Untracked 
|  82|0x0000000085200000, 0x0000000085200000, 0x0000000085300000|  0%| F|  |TAMS 0x0000000085200000, 0x0000000085200000| Untracked 
|  83|0x0000000085300000, 0x0000000085300000, 0x0000000085400000|  0%| F|  |TAMS 0x0000000085300000, 0x0000000085300000| Untracked 
|  84|0x0000000085400000, 0x0000000085400000, 0x0000000085500000|  0%| F|  |TAMS 0x0000000085400000, 0x0000000085400000| Untracked 
|  85|0x0000000085500000, 0x0000000085500000, 0x0000000085600000|  0%| F|  |TAMS 0x0000000085500000, 0x0000000085500000| Untracked 
|  86|0x0000000085600000, 0x0000000085600000, 0x0000000085700000|  0%| F|  |TAMS 0x0000000085600000, 0x0000000085600000| Untracked 
|  87|0x0000000085700000, 0x0000000085700000, 0x0000000085800000|  0%| F|  |TAMS 0x0000000085700000, 0x0000000085700000| Untracked 
|  88|0x0000000085800000, 0x0000000085800000, 0x0000000085900000|  0%| F|  |TAMS 0x0000000085800000, 0x0000000085800000| Untracked 
|  89|0x0000000085900000, 0x0000000085900000, 0x0000000085a00000|  0%| F|  |TAMS 0x0000000085900000, 0x0000000085900000| Untracked 
|  90|0x0000000085a00000, 0x0000000085a00000, 0x0000000085b00000|  0%| F|  |TAMS 0x0000000085a00000, 0x0000000085a00000| Untracked 
|  91|0x0000000085b00000, 0x0000000085b00000, 0x0000000085c00000|  0%| F|  |TAMS 0x0000000085b00000, 0x0000000085b00000| Untracked 
|  92|0x0000000085c00000, 0x0000000085c00000, 0x0000000085d00000|  0%| F|  |TAMS 0x0000000085c00000, 0x0000000085c00000| Untracked 
|  93|0x0000000085d00000, 0x0000000085d00000, 0x0000000085e00000|  0%| F|  |TAMS 0x0000000085d00000, 0x0000000085d00000| Untracked 
|  94|0x0000000085e00000, 0x0000000085e00000, 0x0000000085f00000|  0%| F|  |TAMS 0x0000000085e00000, 0x0000000085e00000| Untracked 
|  95|0x0000000085f00000, 0x0000000085f00000, 0x0000000086000000|  0%| F|  |TAMS 0x0000000085f00000, 0x0000000085f00000| Untracked 
|  96|0x0000000086000000, 0x0000000086000000, 0x0000000086100000|  0%| F|  |TAMS 0x0000000086000000, 0x0000000086000000| Untracked 
|  97|0x0000000086100000, 0x0000000086100000, 0x0000000086200000|  0%| F|  |TAMS 0x0000000086100000, 0x0000000086100000| Untracked 
|  98|0x0000000086200000, 0x0000000086200000, 0x0000000086300000|  0%| F|  |TAMS 0x0000000086200000, 0x0000000086200000| Untracked 
|  99|0x0000000086300000, 0x0000000086300000, 0x0000000086400000|  0%| F|  |TAMS 0x0000000086300000, 0x0000000086300000| Untracked 
| 100|0x0000000086400000, 0x0000000086400000, 0x0000000086500000|  0%| F|  |TAMS 0x0000000086400000, 0x0000000086400000| Untracked 
| 101|0x0000000086500000, 0x0000000086500000, 0x0000000086600000|  0%| F|  |TAMS 0x0000000086500000, 0x0000000086500000| Untracked 
| 102|0x0000000086600000, 0x0000000086600000, 0x0000000086700000|  0%| F|  |TAMS 0x0000000086600000, 0x0000000086600000| Untracked 
| 103|0x0000000086700000, 0x000000008678b380, 0x0000000086800000| 54%| E|  |TAMS 0x0000000086700000, 0x0000000086700000| Complete 
| 104|0x0000000086800000, 0x0000000086900000, 0x0000000086900000|100%| E|CS|TAMS 0x0000000086800000, 0x0000000086800000| Complete 
| 105|0x0000000086900000, 0x0000000086a00000, 0x0000000086a00000|100%| E|CS|TAMS 0x0000000086900000, 0x0000000086900000| Complete 
| 106|0x0000000086a00000, 0x0000000086b00000, 0x0000000086b00000|100%| E|CS|TAMS 0x0000000086a00000, 0x0000000086a00000| Complete 
| 107|0x0000000086b00000, 0x0000000086c00000, 0x0000000086c00000|100%| E|CS|TAMS 0x0000000086b00000, 0x0000000086b00000| Complete 
| 108|0x0000000086c00000, 0x0000000086d00000, 0x0000000086d00000|100%| E|CS|TAMS 0x0000000086c00000, 0x0000000086c00000| Complete 
| 109|0x0000000086d00000, 0x0000000086e00000, 0x0000000086e00000|100%| E|CS|TAMS 0x0000000086d00000, 0x0000000086d00000| Complete 
| 110|0x0000000086e00000, 0x0000000086f00000, 0x0000000086f00000|100%| E|CS|TAMS 0x0000000086e00000, 0x0000000086e00000| Complete 
| 111|0x0000000086f00000, 0x0000000087000000, 0x0000000087000000|100%| E|CS|TAMS 0x0000000086f00000, 0x0000000086f00000| Complete 
| 112|0x0000000087000000, 0x0000000087100000, 0x0000000087100000|100%| E|CS|TAMS 0x0000000087000000, 0x0000000087000000| Complete 
| 113|0x0000000087100000, 0x0000000087200000, 0x0000000087200000|100%| E|CS|TAMS 0x0000000087100000, 0x0000000087100000| Complete 
| 114|0x0000000087200000, 0x0000000087300000, 0x0000000087300000|100%| E|CS|TAMS 0x0000000087200000, 0x0000000087200000| Complete 
| 115|0x0000000087300000, 0x0000000087400000, 0x0000000087400000|100%| E|CS|TAMS 0x0000000087300000, 0x0000000087300000| Complete 
| 116|0x0000000087400000, 0x0000000087500000, 0x0000000087500000|100%| E|CS|TAMS 0x0000000087400000, 0x0000000087400000| Complete 
| 117|0x0000000087500000, 0x0000000087600000, 0x0000000087600000|100%| E|CS|TAMS 0x0000000087500000, 0x0000000087500000| Complete 
| 118|0x0000000087600000, 0x0000000087700000, 0x0000000087700000|100%| E|CS|TAMS 0x0000000087600000, 0x0000000087600000| Complete 
| 119|0x0000000087700000, 0x0000000087800000, 0x0000000087800000|100%| E|CS|TAMS 0x0000000087700000, 0x0000000087700000| Complete 
| 120|0x0000000087800000, 0x0000000087900000, 0x0000000087900000|100%| E|CS|TAMS 0x0000000087800000, 0x0000000087800000| Complete 
| 121|0x0000000087900000, 0x0000000087a00000, 0x0000000087a00000|100%| E|CS|TAMS 0x0000000087900000, 0x0000000087900000| Complete 
| 122|0x0000000087a00000, 0x0000000087b00000, 0x0000000087b00000|100%| E|CS|TAMS 0x0000000087a00000, 0x0000000087a00000| Complete 
| 123|0x0000000087b00000, 0x0000000087c00000, 0x0000000087c00000|100%| E|CS|TAMS 0x0000000087b00000, 0x0000000087b00000| Complete 
| 124|0x0000000087c00000, 0x0000000087d00000, 0x0000000087d00000|100%| E|CS|TAMS 0x0000000087c00000, 0x0000000087c00000| Complete 
| 125|0x0000000087d00000, 0x0000000087e00000, 0x0000000087e00000|100%| E|CS|TAMS 0x0000000087d00000, 0x0000000087d00000| Complete 

Card table byte_map: [0x00000186d9920000,0x00000186d9d20000] _byte_map_base: 0x00000186d9520000

Marking Bits (Prev, Next): (CMBitMap*) 0x00000186c671ceb8, (CMBitMap*) 0x00000186c671cef0
 Prev Bits: [0x00000186da120000, 0x00000186dc120000)
 Next Bits: [0x00000186dc120000, 0x00000186de120000)

Polling page: 0x00000186c5eb0000

Metaspace:

Usage:
  Non-class:     41.56 MB capacity,    40.79 MB ( 98%) used,   665.91 KB (  2%) free+waste,   122.25 KB ( <1%) overhead. 
      Class:      6.35 MB capacity,     5.93 MB ( 93%) used,   374.16 KB (  6%) free+waste,    58.38 KB ( <1%) overhead. 
       Both:     47.91 MB capacity,    46.72 MB ( 98%) used,     1.02 MB (  2%) free+waste,   180.63 KB ( <1%) overhead. 

Virtual space:
  Non-class space:       42.00 MB reserved,      41.70 MB (>99%) committed 
      Class space:        1.00 GB reserved,       6.45 MB ( <1%) committed 
             Both:        1.04 GB reserved,      48.15 MB (  5%) committed 

Chunk freelists:
   Non-Class:  15.00 KB
       Class:  26.00 KB
        Both:  41.00 KB

MaxMetaspaceSize: 17179869184.00 GB
CompressedClassSpaceSize: 1.00 GB
Initial GC threshold: 20.80 MB
Current GC threshold: 59.21 MB
CDS: off

CodeHeap 'non-profiled nmethods': size=120000Kb used=2180Kb max_used=2180Kb free=117819Kb
 bounds [0x00000186d1cc0000, 0x00000186d1f30000, 0x00000186d91f0000]
CodeHeap 'profiled nmethods': size=120000Kb used=8960Kb max_used=8960Kb free=111040Kb
 bounds [0x00000186ca790000, 0x00000186cb050000, 0x00000186d1cc0000]
CodeHeap 'non-nmethods': size=5760Kb used=2298Kb max_used=2344Kb free=3461Kb
 bounds [0x00000186ca1f0000, 0x00000186ca460000, 0x00000186ca790000]
 total_blobs=5134 nmethods=4347 adapters=699
 compilation: enabled
              stopped_count=0, restarted_count=0
 full_count=0

Compilation events (20 events):
Event: 16.929 Thread 0x00000186e0b98000 nmethod 4372 0x00000186cb049810 code [0x00000186cb0499c0, 0x00000186cb049ae8]
Event: 16.929 Thread 0x00000186e0b98000 4373       3       org.gradle.api.internal.artifacts.repositories.metadata.DefaultMavenImmutableAttributesFactory$ComponentTypeEntry::<init> (43 bytes)
Event: 16.930 Thread 0x00000186e0b98000 nmethod 4373 0x00000186cb049b90 code [0x00000186cb049da0, 0x00000186cb04a588]
Event: 16.930 Thread 0x00000186e0b98000 4374       3       org.gradle.internal.component.external.model.DefaultConfigurationMetadata$Builder::withAttributes (7 bytes)
Event: 16.930 Thread 0x00000186e0b98000 nmethod 4374 0x00000186cb04a790 code [0x00000186cb04a940, 0x00000186cb04aa98]
Event: 16.930 Thread 0x00000186e0b98000 4377       3       org.gradle.internal.component.external.model.DefaultConfigurationMetadata::<init> (41 bytes)
Event: 16.931 Thread 0x00000186e0b98000 nmethod 4377 0x00000186cb04ab10 code [0x00000186cb04ad00, 0x00000186cb04b378]
Event: 16.931 Thread 0x00000186e0b98000 4376       3       org.gradle.api.internal.artifacts.repositories.metadata.DefaultMavenImmutableAttributesFactory$ComponentTypeEntry::equals (88 bytes)
Event: 16.931 Thread 0x00000186e0b98000 nmethod 4376 0x00000186cb04b590 code [0x00000186cb04b7c0, 0x00000186cb04c0c8]
Event: 16.932 Thread 0x00000186e0b98000 4375       3       java.util.Optional::get (22 bytes)
Event: 16.932 Thread 0x00000186e0b98000 nmethod 4375 0x00000186cb04c310 code [0x00000186cb04c4e0, 0x00000186cb04c6e8]
Event: 16.932 Thread 0x00000186e0b98000 4378       1       org.gradle.internal.component.external.model.AbstractModuleComponentResolveMetadata::getAttributesFactory (5 bytes)
Event: 16.932 Thread 0x00000186e0b98000 nmethod 4378 0x00000186d1edf790 code [0x00000186d1edf940, 0x00000186d1edf9f8]
Event: 16.932 Thread 0x00000186e0b98000 4379       1       org.gradle.api.internal.artifacts.ivyservice.ivyresolve.strategy.AbstractVersionSelector::getSelector (5 bytes)
Event: 16.932 Thread 0x00000186e0b98000 nmethod 4379 0x00000186d1edfa90 code [0x00000186d1edfc40, 0x00000186d1edfcf8]
Event: 16.932 Thread 0x00000186e0b94800 4381       4       java.util.HashMap::computeIfAbsent (330 bytes)
Event: 16.932 Thread 0x00000186e0b98000 4380       1       org.gradle.api.internal.artifacts.ivyservice.resolveengine.graph.builder.SelectorState::isForce (5 bytes)
Event: 16.932 Thread 0x00000186e0b98000 nmethod 4380 0x00000186d1edfd90 code [0x00000186d1edff40, 0x00000186d1edfff8]
Event: 16.932 Thread 0x00000186e0b98000 4382       1       org.gradle.internal.resolve.result.DefaultBuildableComponentIdResolveResult::isRejected (5 bytes)
Event: 16.932 Thread 0x00000186e0b98000 nmethod 4382 0x00000186d1ee0090 code [0x00000186d1ee0240, 0x00000186d1ee02f8]

GC Heap History (14 events):
Event: 1.026 GC heap before
{Heap before GC invocations=0 (full 0):
 garbage-first heap   total 129024K, used 29696K [0x0000000080000000, 0x0000000100000000)
  region size 1024K, 24 young (24576K), 0 survivors (0K)
 Metaspace       used 10153K, capacity 10333K, committed 10624K, reserved 1058816K
  class space    used 1047K, capacity 1108K, committed 1152K, reserved 1048576K
}
Event: 1.034 GC heap after
{Heap after GC invocations=1 (full 0):
 garbage-first heap   total 129024K, used 9371K [0x0000000080000000, 0x0000000100000000)
  region size 1024K, 3 young (3072K), 3 survivors (3072K)
 Metaspace       used 10153K, capacity 10333K, committed 10624K, reserved 1058816K
  class space    used 1047K, capacity 1108K, committed 1152K, reserved 1048576K
}
Event: 3.899 GC heap before
{Heap before GC invocations=1 (full 0):
 garbage-first heap   total 129024K, used 83099K [0x0000000080000000, 0x0000000100000000)
  region size 1024K, 75 young (76800K), 3 survivors (3072K)
 Metaspace       used 17467K, capacity 17817K, committed 18176K, reserved 1064960K
  class space    used 2023K, capacity 2179K, committed 2304K, reserved 1048576K
}
Event: 3.908 GC heap after
{Heap after GC invocations=2 (full 0):
 garbage-first heap   total 129024K, used 15715K [0x0000000080000000, 0x0000000100000000)
  region size 1024K, 10 young (10240K), 10 survivors (10240K)
 Metaspace       used 17467K, capacity 17817K, committed 18176K, reserved 1064960K
  class space    used 2023K, capacity 2179K, committed 2304K, reserved 1048576K
}
Event: 4.592 GC heap before
{Heap before GC invocations=2 (full 0):
 garbage-first heap   total 129024K, used 46435K [0x0000000080000000, 0x0000000100000000)
  region size 1024K, 42 young (43008K), 10 survivors (10240K)
 Metaspace       used 20834K, capacity 21193K, committed 21296K, reserved 1069056K
  class space    used 2532K, capacity 2688K, committed 2688K, reserved 1048576K
}
Event: 4.607 GC heap after
{Heap after GC invocations=3 (full 0):
 garbage-first heap   total 129024K, used 17397K [0x0000000080000000, 0x0000000100000000)
  region size 1024K, 2 young (2048K), 2 survivors (2048K)
 Metaspace       used 20834K, capacity 21193K, committed 21296K, reserved 1069056K
  class space    used 2532K, capacity 2688K, committed 2688K, reserved 1048576K
}
Event: 6.639 GC heap before
{Heap before GC invocations=4 (full 0):
 garbage-first heap   total 129024K, used 90101K [0x0000000080000000, 0x0000000100000000)
  region size 1024K, 73 young (74752K), 2 survivors (2048K)
 Metaspace       used 27588K, capacity 28181K, committed 28416K, reserved 1073152K
  class space    used 3597K, capacity 3814K, committed 3840K, reserved 1048576K
}
Event: 6.644 GC heap after
{Heap after GC invocations=5 (full 0):
 garbage-first heap   total 129024K, used 19592K [0x0000000080000000, 0x0000000100000000)
  region size 1024K, 4 young (4096K), 4 survivors (4096K)
 Metaspace       used 27588K, capacity 28181K, committed 28416K, reserved 1073152K
  class space    used 3597K, capacity 3814K, committed 3840K, reserved 1048576K
}
Event: 8.115 GC heap before
{Heap before GC invocations=5 (full 0):
 garbage-first heap   total 129024K, used 66696K [0x0000000080000000, 0x0000000100000000)
  region size 1024K, 51 young (52224K), 4 survivors (4096K)
 Metaspace       used 35183K, capacity 35976K, committed 36048K, reserved 1081344K
  class space    used 4523K, capacity 4840K, committed 4864K, reserved 1048576K
}
Event: 8.123 GC heap after
{Heap after GC invocations=6 (full 0):
 garbage-first heap   total 129024K, used 22706K [0x0000000080000000, 0x0000000100000000)
  region size 1024K, 7 young (7168K), 7 survivors (7168K)
 Metaspace       used 35183K, capacity 35976K, committed 36048K, reserved 1081344K
  class space    used 4523K, capacity 4840K, committed 4864K, reserved 1048576K
}
Event: 10.840 GC heap before
{Heap before GC invocations=7 (full 0):
 garbage-first heap   total 129024K, used 94386K [0x0000000080000000, 0x0000000100000000)
  region size 1024K, 75 young (76800K), 7 survivors (7168K)
 Metaspace       used 40648K, capacity 41646K, committed 41884K, reserved 1085440K
  class space    used 5129K, capacity 5486K, committed 5580K, reserved 1048576K
}
Event: 10.849 GC heap after
{Heap after GC invocations=8 (full 0):
 garbage-first heap   total 129024K, used 28320K [0x0000000080000000, 0x0000000100000000)
  region size 1024K, 9 young (9216K), 9 survivors (9216K)
 Metaspace       used 40648K, capacity 41646K, committed 41884K, reserved 1085440K
  class space    used 5129K, capacity 5486K, committed 5580K, reserved 1048576K
}
Event: 12.930 GC heap before
{Heap before GC invocations=8 (full 0):
 garbage-first heap   total 129024K, used 95904K [0x0000000080000000, 0x0000000100000000)
  region size 1024K, 75 young (76800K), 9 survivors (9216K)
 Metaspace       used 46238K, capacity 47406K, committed 47516K, reserved 1091584K
  class space    used 5868K, capacity 6268K, committed 6348K, reserved 1048576K
}
Event: 12.964 GC heap after
{Heap after GC invocations=9 (full 0):
 garbage-first heap   total 129024K, used 30189K [0x0000000080000000, 0x0000000100000000)
  region size 1024K, 3 young (3072K), 3 survivors (3072K)
 Metaspace       used 46238K, capacity 47406K, committed 47516K, reserved 1091584K
  class space    used 5868K, capacity 6268K, committed 6348K, reserved 1048576K
}

Deoptimization events (20 events):
Event: 11.886 Thread 0x00000186e298d000 DEOPT PACKING pc=0x00000186d1dbf2a0 sp=0x000000791b3f7d60
Event: 11.886 Thread 0x00000186e298d000 DEOPT UNPACKING pc=0x00000186ca1f85af sp=0x000000791b3f7d08 mode 2
Event: 11.968 Thread 0x00000186e298d000 Uncommon trap: trap_request=0xffffff4d fr.pc=0x00000186d1d103d4 relative=0x0000000000000114
Event: 11.968 Thread 0x00000186e298d000 Uncommon trap: reason=unstable_if action=reinterpret pc=0x00000186d1d103d4 method=java.net.URI.match(CJJ)Z @ 45 c2
Event: 11.968 Thread 0x00000186e298d000 DEOPT PACKING pc=0x00000186d1d103d4 sp=0x000000791b3f88f0
Event: 11.968 Thread 0x00000186e298d000 DEOPT UNPACKING pc=0x00000186ca1f85af sp=0x000000791b3f8828 mode 2
Event: 11.968 Thread 0x00000186e298d000 Uncommon trap: trap_request=0xffffff4d fr.pc=0x00000186d1cdf968 relative=0x0000000000000048
Event: 11.968 Thread 0x00000186e298d000 Uncommon trap: reason=unstable_if action=reinterpret pc=0x00000186d1cdf968 method=java.net.URI.match(CJJ)Z @ 19 c2
Event: 11.968 Thread 0x00000186e298d000 DEOPT PACKING pc=0x00000186d1cdf968 sp=0x000000791b3f8900
Event: 11.968 Thread 0x00000186e298d000 DEOPT UNPACKING pc=0x00000186ca1f85af sp=0x000000791b3f88b0 mode 2
Event: 15.517 Thread 0x00000186e298d000 DEOPT PACKING pc=0x00000186ca847e1b sp=0x000000791b3f8050
Event: 15.517 Thread 0x00000186e298d000 DEOPT UNPACKING pc=0x00000186ca239d0e sp=0x000000791b3f7590 mode 0
Event: 15.517 Thread 0x00000186e298d000 Uncommon trap: trap_request=0xffffff4d fr.pc=0x00000186d1ce5080 relative=0x0000000000000060
Event: 15.517 Thread 0x00000186e298d000 Uncommon trap: reason=unstable_if action=reinterpret pc=0x00000186d1ce5080 method=java.io.WinNTFileSystem.isSlash(C)Z @ 9 c2
Event: 15.517 Thread 0x00000186e298d000 DEOPT PACKING pc=0x00000186d1ce5080 sp=0x000000791b3f8090
Event: 15.517 Thread 0x00000186e298d000 DEOPT UNPACKING pc=0x00000186ca1f85af sp=0x000000791b3f8018 mode 2
Event: 16.372 Thread 0x00000186e298d000 Uncommon trap: trap_request=0xffffff4d fr.pc=0x00000186d1ec5934 relative=0x0000000000000994
Event: 16.372 Thread 0x00000186e298d000 Uncommon trap: reason=unstable_if action=reinterpret pc=0x00000186d1ec5934 method=java.io.WinNTFileSystem.resolve(Ljava/lang/String;Ljava/lang/String;)Ljava/lang/String; @ 70 c2
Event: 16.372 Thread 0x00000186e298d000 DEOPT PACKING pc=0x00000186d1ec5934 sp=0x000000791b3f8530
Event: 16.372 Thread 0x00000186e298d000 DEOPT UNPACKING pc=0x00000186ca1f85af sp=0x000000791b3f84c0 mode 2

Classes redefined (0 events):
No events

Internal exceptions (20 events):
Event: 11.611 Thread 0x00000186e298d000 Exception <a 'java/lang/ClassNotFoundException'{0x0000000085f4edc8}: org/gradle/api/internal/initialization/DefaultScriptHandlerBeanInfo> (0x0000000085f4edc8) thrown at [./src/hotspot/share/classfile/systemDictionary.cpp, line 231]
Event: 11.612 Thread 0x00000186e298d000 Exception <a 'java/lang/ClassNotFoundException'{0x0000000085f79218}: org/gradle/api/internal/initialization/DefaultScriptHandlerCustomizer> (0x0000000085f79218) thrown at [./src/hotspot/share/classfile/systemDictionary.cpp, line 231]
Event: 11.799 Thread 0x00000186e298d000 Exception <a 'java/lang/ClassNotFoundException'{0x000000008566e8a8}: org/gradle/api/internal/artifacts/dsl/dependencies/DefaultDependencyHandler_DecoratedBeanInfo> (0x000000008566e8a8) thrown at [./src/hotspot/share/classfile/systemDictionary.cpp, line 231]
Event: 11.801 Thread 0x00000186e298d000 Exception <a 'java/lang/ClassNotFoundException'{0x00000000856ad810}: org/gradle/api/internal/artifacts/dsl/dependencies/DefaultDependencyHandlerBeanInfo> (0x00000000856ad810) thrown at [./src/hotspot/share/classfile/systemDictionary.cpp, line 231]
Event: 11.803 Thread 0x00000186e298d000 Exception <a 'java/lang/ClassNotFoundException'{0x00000000856ec678}: org/gradle/api/internal/artifacts/dsl/dependencies/DefaultDependencyHandlerCustomizer> (0x00000000856ec678) thrown at [./src/hotspot/share/classfile/systemDictionary.cpp, line 231]
Event: 11.810 Thread 0x00000186e298d000 Exception <a 'java/lang/ClassNotFoundException'{0x0000000085556250}: org/gradle/api/internal/artifacts/dsl/dependencies/DefaultDependencyHandler_DecoratedCustomizer> (0x0000000085556250) thrown at [./src/hotspot/share/classfile/systemDictionary.cpp, line 231]
Event: 11.875 Thread 0x00000186e298d000 Exception <a 'java/lang/ClassNotFoundException'{0x000000008546d298}: org/gradle/plugin/use/internal/PluginRequestCollector$PluginDependenciesSpecImplBeanInfo> (0x000000008546d298) thrown at [./src/hotspot/share/classfile/systemDictionary.cpp, line 231]
Event: 11.880 Thread 0x00000186e298d000 Exception <a 'java/lang/ClassNotFoundException'{0x000000008549ca90}: org/gradle/plugin/use/internal/PluginRequestCollector$PluginDependenciesSpecImplCustomizer> (0x000000008549ca90) thrown at [./src/hotspot/share/classfile/systemDictionary.cpp, line 231]
Event: 11.892 Thread 0x00000186e298d000 Exception <a 'java/lang/ClassNotFoundException'{0x00000000854fe998}: org/gradle/plugin/use/internal/PluginRequestCollector$PluginDependencySpecImplBeanInfo> (0x00000000854fe998) thrown at [./src/hotspot/share/classfile/systemDictionary.cpp, line 231]
Event: 11.893 Thread 0x00000186e298d000 Exception <a 'java/lang/ClassNotFoundException'{0x000000008532d608}: org/gradle/plugin/use/internal/PluginRequestCollector$PluginDependencySpecImplCustomizer> (0x000000008532d608) thrown at [./src/hotspot/share/classfile/systemDictionary.cpp, line 231]
Event: 12.491 Thread 0x00000186e298d000 Exception <a 'java/lang/NoSuchMethodError'{0x0000000083ff3768}: 'int java.lang.invoke.DirectMethodHandle$Holder.invokeInterface(java.lang.Object, java.lang.Object)'> (0x0000000083ff3768) thrown at [./src/hotspot/share/interpreter/linkResolver.cpp, line 773]
Event: 12.491 Thread 0x00000186e298d000 Exception <a 'java/lang/IncompatibleClassChangeError'{0x0000000083ff7248}: Found class java.lang.Object, but interface was expected> (0x0000000083ff7248) thrown at [./src/hotspot/share/interpreter/linkResolver.cpp, line 839]
Event: 13.736 Thread 0x00000186e298d000 Exception <a 'java/lang/NoSuchMethodError'{0x0000000087702418}: 'int java.lang.invoke.DirectMethodHandle$Holder.invokeStaticInit(java.lang.Object)'> (0x0000000087702418) thrown at [./src/hotspot/share/interpreter/linkResolver.cpp, line 773]
Event: 13.894 Thread 0x00000186e298d000 Exception <a 'java/lang/NoSuchMethodError'{0x00000000875fb9b8}: 'void java.lang.invoke.DirectMethodHandle$Holder.invokeStatic(java.lang.Object, java.lang.Object, java.lang.Object, int, java.lang.Object)'> (0x00000000875fb9b8) thrown at [./src/hotspot/share/interpreter/linkResolver.cpp, line 773]
Event: 14.598 Thread 0x00000186e298d000 Exception <a 'java/lang/NoSuchMethodError'{0x00000000871ec768}: 'java.lang.Object java.lang.invoke.DelegatingMethodHandle$Holder.reinvoke_L(java.lang.Object, java.lang.Object, java.lang.Object, java.lang.Object, java.lang.Object, java.lang.Object, java.lang.Object, java.lang.Object, java.lang.Object, java.lang.Object, java.lang.Object, java.lang.Object, java.lang.Object, java.lang.Object, java.lang.Object, java.lang.Object, java.lang.Object, java.lang.Object, java.lang.Object, java.lang.Object, java.lang.O
Event: 14.599 Thread 0x00000186e298d000 Exception <a 'java/lang/NoSuchMethodError'{0x00000000871f83c8}: 'java.lang.Object java.lang.invoke.Invokers$Holder.invoker(java.lang.Object, java.lang.Object, java.lang.Object, java.lang.Object, java.lang.Object, java.lang.Object, java.lang.Object, java.lang.Object, java.lang.Object, java.lang.Object, java.lang.Object, java.lang.Object, java.lang.Object, java.lang.Object, java.lang.Object, java.lang.Object, java.lang.Object, java.lang.Object, java.lang.Object, java.lang.Object, java.lang.Object)'> (0x00000
Event: 14.600 Thread 0x00000186e298d000 Exception <a 'java/lang/NoSuchMethodError'{0x00000000871ff738}: 'java.lang.Object java.lang.invoke.DelegatingMethodHandle$Holder.delegate(java.lang.Object, java.lang.Object, java.lang.Object, java.lang.Object, java.lang.Object, java.lang.Object, java.lang.Object, java.lang.Object, java.lang.Object, java.lang.Object, java.lang.Object, java.lang.Object, java.lang.Object, java.lang.Object, java.lang.Object, java.lang.Object, java.lang.Object, java.lang.Object, java.lang.Object, java.lang.Object, java.lang.Obj
Event: 14.615 Thread 0x00000186e298d000 Exception <a 'java/lang/NoSuchMethodError'{0x0000000087048ec0}: 'java.lang.Object java.lang.invoke.DirectMethodHandle$Holder.invokeStatic(java.lang.Object, java.lang.Object, java.lang.Object, java.lang.Object, java.lang.Object, java.lang.Object, java.lang.Object, java.lang.Object, java.lang.Object, java.lang.Object, java.lang.Object, java.lang.Object, java.lang.Object, java.lang.Object, java.lang.Object)'> (0x0000000087048ec0) thrown at [./src/hotspot/share/interpreter/linkResolver.cpp, line 773]
Event: 14.618 Thread 0x00000186e298d000 Exception <a 'java/lang/NoSuchMethodError'{0x00000000870594f8}: 'java.lang.Object java.lang.invoke.DirectMethodHandle$Holder.invokeStatic(java.lang.Object, java.lang.Object, java.lang.Object, java.lang.Object, java.lang.Object, java.lang.Object, java.lang.Object, java.lang.Object, java.lang.Object, java.lang.Object, java.lang.Object, java.lang.Object, java.lang.Object, java.lang.Object, java.lang.Object, java.lang.Object)'> (0x00000000870594f8) thrown at [./src/hotspot/share/interpreter/linkResolver.cpp, l
Event: 14.620 Thread 0x00000186e298d000 Exception <a 'java/lang/NoSuchMethodError'{0x0000000087069a40}: 'java.lang.Object java.lang.invoke.DelegatingMethodHandle$Holder.reinvoke_L(java.lang.Object, java.lang.Object, java.lang.Object, java.lang.Object, java.lang.Object, java.lang.Object, java.lang.Object, java.lang.Object, java.lang.Object, java.lang.Object, java.lang.Object, java.lang.Object, java.lang.Object, java.lang.Object, java.lang.Object, java.lang.Object, java.lang.Object, java.lang.Object, java.lang.Object, java.lang.Object)'> (0x000000

Events (20 events):
Event: 14.855 loading class org/gradle/api/internal/artifacts/ivyservice/resolveengine/excludes/factories/Optimizations done
Event: 14.923 loading class org/gradle/internal/component/external/descriptor/DefaultExclude
Event: 14.923 loading class org/gradle/internal/component/external/descriptor/DefaultExclude done
Event: 14.924 loading class org/gradle/internal/component/model/Exclude
Event: 14.924 loading class org/gradle/internal/component/model/Exclude done
Event: 14.930 loading class org/gradle/internal/component/external/model/ConfigurationBoundExternalDependencyMetadata
Event: 14.930 loading class org/gradle/internal/component/external/model/ConfigurationBoundExternalDependencyMetadata done
Event: 15.144 loading class org/gradle/api/internal/artifacts/ivyservice/ivyresolve/strategy/LatestVersionSelector
Event: 15.144 loading class org/gradle/api/internal/artifacts/ivyservice/ivyresolve/strategy/LatestVersionSelector done
Event: 15.153 Executing VM operation: RevokeBias
Event: 15.153 Executing VM operation: RevokeBias done
Event: 15.153 loading class com/google/common/primitives/Longs$AsciiDigits
Event: 15.153 loading class com/google/common/primitives/Longs$AsciiDigits done
Event: 15.160 loading class org/gradle/api/internal/artifacts/ivyservice/resolveengine/graph/selectors/SelectorStateResolverResults$Registration
Event: 15.160 loading class org/gradle/api/internal/artifacts/ivyservice/resolveengine/graph/selectors/SelectorStateResolverResults$Registration done
Event: 15.161 loading class org/gradle/api/internal/artifacts/ivyservice/resolveengine/graph/conflicts/DefaultConflictResolverDetails
Event: 15.161 loading class org/gradle/api/internal/artifacts/ivyservice/resolveengine/graph/conflicts/DefaultConflictResolverDetails done
Event: 15.162 loading class org/gradle/api/internal/artifacts/ivyservice/resolveengine/graph/conflicts/CompositeConflictResolver$CompositeDetails
Event: 15.162 loading class org/gradle/api/internal/artifacts/ivyservice/resolveengine/graph/conflicts/CompositeConflictResolver$CompositeDetails done
Event: 15.862 Thread 0x00000186e5c55800 Thread exited: 0x00000186e5c55800


Dynamic libraries:
0x00007ff628220000 - 0x00007ff62822a000 	I:\ android\jre\bin\java.exe
0x00007ffef3d90000 - 0x00007ffef3fa4000 	C:\WINDOWS\SYSTEM32\ntdll.dll
0x00007ffef3120000 - 0x00007ffef31e3000 	C:\WINDOWS\System32\KERNEL32.DLL
0x00007ffef1640000 - 0x00007ffef19dd000 	C:\WINDOWS\System32\KERNELBASE.dll
0x00007ffef13c0000 - 0x00007ffef14d1000 	C:\WINDOWS\System32\ucrtbase.dll
0x00007ffeeac30000 - 0x00007ffeeac47000 	I:\ android\jre\bin\VCRUNTIME140.dll
0x00007ffeba180000 - 0x00007ffeba199000 	I:\ android\jre\bin\jli.dll
0x00007ffef2ef0000 - 0x00007ffef309d000 	C:\WINDOWS\System32\USER32.dll
0x00007ffedce20000 - 0x00007ffedd0ae000 	C:\WINDOWS\WinSxS\amd64_microsoft.windows.common-controls_6595b64144ccf1df_6.0.22621.608_none_a9444ca7c10bb01d\COMCTL32.dll
0x00007ffef14e0000 - 0x00007ffef1506000 	C:\WINDOWS\System32\win32u.dll
0x00007ffef3620000 - 0x00007ffef36c7000 	C:\WINDOWS\System32\msvcrt.dll
0x00007ffef2c60000 - 0x00007ffef2c89000 	C:\WINDOWS\System32\GDI32.dll
0x00007ffef1a60000 - 0x00007ffef1b72000 	C:\WINDOWS\System32\gdi32full.dll
0x00007ffef1320000 - 0x00007ffef13ba000 	C:\WINDOWS\System32\msvcp_win.dll
0x00007ffef1f70000 - 0x00007ffef1fa2000 	C:\WINDOWS\System32\IMM32.DLL
0x00007ffeb3a40000 - 0x00007ffeb3add000 	I:\ android\jre\bin\msvcp140.dll
0x00007ffe54890000 - 0x00007ffe55392000 	I:\ android\jre\bin\server\jvm.dll
0x00007ffef3320000 - 0x00007ffef33ce000 	C:\WINDOWS\System32\ADVAPI32.dll
0x00007ffef2e40000 - 0x00007ffef2ee4000 	C:\WINDOWS\System32\sechost.dll
0x00007ffef2c90000 - 0x00007ffef2da5000 	C:\WINDOWS\System32\RPCRT4.dll
0x00007ffef30a0000 - 0x00007ffef30a8000 	C:\WINDOWS\System32\PSAPI.DLL
0x00007ffebaf50000 - 0x00007ffebaf59000 	C:\WINDOWS\SYSTEM32\WSOCK32.dll
0x00007ffeea020000 - 0x00007ffeea02a000 	C:\WINDOWS\SYSTEM32\VERSION.dll
0x00007ffef3bb0000 - 0x00007ffef3c21000 	C:\WINDOWS\System32\WS2_32.dll
0x00007ffeeecc0000 - 0x00007ffeeecf4000 	C:\WINDOWS\SYSTEM32\WINMM.dll
0x00007ffef0300000 - 0x00007ffef0318000 	C:\WINDOWS\SYSTEM32\kernel.appcore.dll
0x00007ffecff70000 - 0x00007ffecff81000 	I:\ android\jre\bin\verify.dll
0x00007ffeeea90000 - 0x00007ffeeecbe000 	C:\WINDOWS\SYSTEM32\DBGHELP.DLL
0x00007ffef1b80000 - 0x00007ffef1f0a000 	C:\WINDOWS\System32\combase.dll
0x00007ffef2b20000 - 0x00007ffef2bf7000 	C:\WINDOWS\System32\OLEAUT32.dll
0x00007ffeeea50000 - 0x00007ffeeea82000 	C:\WINDOWS\SYSTEM32\dbgcore.DLL
0x00007ffef19e0000 - 0x00007ffef1a5b000 	C:\WINDOWS\System32\bcryptPrimitives.dll
0x00007ffecfe00000 - 0x00007ffecfe29000 	I:\ android\jre\bin\java.dll
0x00007ffecff60000 - 0x00007ffecff6b000 	I:\ android\jre\bin\jimage.dll
0x00007ffecfcf0000 - 0x00007ffecfd08000 	I:\ android\jre\bin\zip.dll
0x00007ffef2170000 - 0x00007ffef295f000 	C:\WINDOWS\System32\SHELL32.dll
0x00007ffeef1f0000 - 0x00007ffeefab8000 	C:\WINDOWS\SYSTEM32\windows.storage.dll
0x00007ffeef0b0000 - 0x00007ffeef1ee000 	C:\WINDOWS\SYSTEM32\wintypes.dll
0x00007ffef1fb0000 - 0x00007ffef20a1000 	C:\WINDOWS\System32\SHCORE.dll
0x00007ffef2c00000 - 0x00007ffef2c5e000 	C:\WINDOWS\System32\shlwapi.dll
0x00007ffef10e0000 - 0x00007ffef1101000 	C:\WINDOWS\SYSTEM32\profapi.dll
0x00007ffeca0a0000 - 0x00007ffeca0ba000 	I:\ android\jre\bin\net.dll
0x00007ffeea2b0000 - 0x00007ffeea3df000 	C:\WINDOWS\SYSTEM32\WINHTTP.dll
0x00007ffef0760000 - 0x00007ffef07c9000 	C:\WINDOWS\system32\mswsock.dll
0x00007ffec9060000 - 0x00007ffec9074000 	I:\ android\jre\bin\nio.dll
0x00007ffeba3b0000 - 0x00007ffeba3d7000 	C:\Users\Parth\.gradle\native\e1d6ef7f7dcc3fd88c89a11ec53ec762bb8ba0a96d01ffa2cd45eb1d1d8dd5c5\windows-amd64\native-platform.dll
0x00007ffe7be50000 - 0x00007ffe7bf94000 	C:\Users\Parth\.gradle\native\0d407fdbe67a94daf76414ababcb853783967236a71b16ec16e742cd7a986fd3\windows-amd64\native-platform-file-events.dll
0x00007ffecf9c0000 - 0x00007ffecf9ca000 	I:\ android\jre\bin\management.dll
0x00007ffecf680000 - 0x00007ffecf68d000 	I:\ android\jre\bin\management_ext.dll
0x00007ffef09b0000 - 0x00007ffef09cb000 	C:\WINDOWS\SYSTEM32\CRYPTSP.dll
0x00007ffef0270000 - 0x00007ffef02a5000 	C:\WINDOWS\system32\rsaenh.dll
0x00007ffef0850000 - 0x00007ffef0878000 	C:\WINDOWS\SYSTEM32\USERENV.dll
0x00007ffef0b50000 - 0x00007ffef0b78000 	C:\WINDOWS\SYSTEM32\bcrypt.dll
0x00007ffef09d0000 - 0x00007ffef09dc000 	C:\WINDOWS\SYSTEM32\CRYPTBASE.dll
0x00007ffeefd80000 - 0x00007ffeefdad000 	C:\WINDOWS\SYSTEM32\IPHLPAPI.DLL
0x00007ffef3450000 - 0x00007ffef3459000 	C:\WINDOWS\System32\NSI.dll
0x00007ffeea0a0000 - 0x00007ffeea0b9000 	C:\WINDOWS\SYSTEM32\dhcpcsvc6.DLL
0x00007ffeea070000 - 0x00007ffeea08f000 	C:\WINDOWS\SYSTEM32\dhcpcsvc.DLL
0x00007ffeefdf0000 - 0x00007ffeefee2000 	C:\WINDOWS\SYSTEM32\DNSAPI.dll

dbghelp: loaded successfully - version: 4.0.5 - missing functions: none
symbol engine: initialized successfully - sym options: 0x614 - pdb path: .;I:\ android\jre\bin;C:\WINDOWS\SYSTEM32;C:\WINDOWS\WinSxS\amd64_microsoft.windows.common-controls_6595b64144ccf1df_6.0.22621.608_none_a9444ca7c10bb01d;I:\ android\jre\bin\server;C:\Users\Parth\.gradle\native\e1d6ef7f7dcc3fd88c89a11ec53ec762bb8ba0a96d01ffa2cd45eb1d1d8dd5c5\windows-amd64;C:\Users\Parth\.gradle\native\0d407fdbe67a94daf76414ababcb853783967236a71b16ec16e742cd7a986fd3\windows-amd64

VM Arguments:
jvm_args: --add-opens=java.base/java.util=ALL-UNNAMED --add-opens=java.base/java.lang=ALL-UNNAMED --add-opens=java.base/java.lang.invoke=ALL-UNNAMED --add-opens=java.base/java.util=ALL-UNNAMED --add-opens=java.prefs/java.util.prefs=ALL-UNNAMED --add-opens=java.prefs/java.util.prefs=ALL-UNNAMED --add-opens=java.base/java.nio.charset=ALL-UNNAMED --add-opens=java.base/java.net=ALL-UNNAMED --add-opens=java.base/java.util.concurrent.atomic=ALL-UNNAMED -Xmx2048m -Dfile.encoding=UTF-8 -Duser.country=IN -Duser.language=en -Duser.variant 
java_command: org.gradle.launcher.daemon.bootstrap.GradleDaemon 7.4
java_class_path (initial): C:\Users\Parth\.gradle\wrapper\dists\gradle-7.4-bin\c0gwcg53nkjbqw7r0h0umtfvt\gradle-7.4\lib\gradle-launcher-7.4.jar
Launcher Type: SUN_STANDARD

[Global flags]
     intx CICompilerCount                          = 4                                         {product} {ergonomic}
     uint ConcGCThreads                            = 2                                         {product} {ergonomic}
     uint G1ConcRefinementThreads                  = 8                                         {product} {ergonomic}
   size_t G1HeapRegionSize                         = 1048576                                   {product} {ergonomic}
    uintx GCDrainStackTargetSize                   = 64                                        {product} {ergonomic}
   size_t InitialHeapSize                          = 132120576                                 {product} {ergonomic}
   size_t MarkStackSize                            = 4194304                                   {product} {ergonomic}
   size_t MaxHeapSize                              = 2147483648                                {product} {command line}
   size_t MaxNewSize                               = 1287651328                                {product} {ergonomic}
   size_t MinHeapDeltaBytes                        = 1048576                                   {product} {ergonomic}
    uintx NonNMethodCodeHeapSize                   = 5836300                                {pd product} {ergonomic}
    uintx NonProfiledCodeHeapSize                  = 122910970                              {pd product} {ergonomic}
    uintx ProfiledCodeHeapSize                     = 122910970                              {pd product} {ergonomic}
    uintx ReservedCodeCacheSize                    = 251658240                              {pd product} {ergonomic}
     bool SegmentedCodeCache                       = true                                      {product} {ergonomic}
     bool UseCompressedClassPointers               = true                                 {lp64_product} {ergonomic}
     bool UseCompressedOops                        = true                                 {lp64_product} {ergonomic}
     bool UseG1GC                                  = true                                      {product} {ergonomic}
     bool UseLargePagesIndividualAllocation        = false                                  {pd product} {ergonomic}

Logging:
Log output configuration:
 #0: stdout all=warning uptime,level,tags
 #1: stderr all=off uptime,level,tags

Environment Variables:
PATH=C:\Windows\system32;C:\Windows;C:\Windows\System32\Wbem;C:\Windows\System32\WindowsPowerShell\v1.0\;C:\Windows\System32\OpenSSH\;C:\Program Files (x86)\dotnet\;C:\Program Files\NVIDIA Corporation\NVIDIA NvDLISR;C:\Program Files (x86)\NVIDIA Corporation\PhysX\Common;C:\WINDOWS\system32;C:\WINDOWS;C:\WINDOWS\System32\Wbem;C:\WINDOWS\System32\WindowsPowerShell\v1.0\;C:\WINDOWS\System32\OpenSSH\;C:\Program Files\dotnet\;C:\Program Files\Cloudflare\Cloudflare WARP\;C:\Users\Parth\AppData\Local\Programs\Python\Python39\Scripts\;C:\Users\Parth\AppData\Local\Programs\Python\Python39\;C:\Users\Parth\AppData\Local\Microsoft\WindowsApps;C:\Users\Parth\AppData\Local\GitHubDesktop\bin
USERNAME=Parth
OS=Windows_NT
PROCESSOR_IDENTIFIER=Intel64 Family 6 Model 126 Stepping 5, GenuineIntel



---------------  S Y S T E M  ---------------

OS: Windows 11 , 64 bit Build 22621 (10.0.22621.963)
OS uptime: 1 days 20:16 hours

CPU:total 8 (initial active 8) (4 cores per cpu, 2 threads per core) family 6 model 126 stepping 5 microcode 0xb2, cmov, cx8, fxsr, mmx, sse, sse2, sse3, ssse3, sse4.1, sse4.2, popcnt, avx, avx2, aes, clmul, erms, 3dnowpref, lzcnt, ht, tsc, tscinvbit, bmi1, bmi2, adx, evex, sha, fma

Memory: 4k page, system-wide physical 7959M (60M free)
TotalPageFile size 32535M (AvailPageFile size 0M)
current process WorkingSet (physical memory assigned to process): 260M, peak: 282M
current process commit charge ("private bytes"): 307M, peak: 332M

vm_info: OpenJDK 64-Bit Server VM (11.0.13+0-b1751.21-8125866) for windows-amd64 JRE (11.0.13+0-b1751.21-8125866), built on Feb  2 2022 03:00:22 by "builder" with MS VC++ 14.0 (VS2015)

END.
